

Starting up. 01:35.38
---------------------

[01:35:42] ADMIN: Loading jobban_rank
[01:35:42] ADMIN: Jobban_keylist was empty
[01:35:42] ADMIN: Updating jobbanfile!
[01:35:42] ADMIN: Loading oocban_rank
[01:35:42] ADMIN: oocban_keylist was empty
[01:35:42] ADMIN: Updating jobbanfile!
ADMIN: arborinus = Host
[01:35:51] ACCESS: Login: Arborinus from 
[01:36:14] ADMIN: Arborinus [DEAD] has started the game.
[01:36:15] ACCESS: Login: Paget Hussain (Arborinus) [TRAITOR] from 
[01:36:20] SAY: Shitty Bill (NPC) : The hell you lookin' at, nerd?
[01:36:31] SAY: Shitty Bill (NPC) : I ever tell you 'bout the time I found a locker fulla booze?
[01:36:38] SAY: Shitty Bill (NPC) : You dance?
[01:36:54] SAY: Shitty Bill (NPC) : Got a light, bud?
[01:37:16] ADMIN: Paget Hussain (Arborinus) [TRAITOR] created 50ea /obj/item/gun/kinetic/dart_rifle
[01:37:23] ADMIN: Paget Hussain (Arborinus) [TRAITOR] created 50ea /obj/item/device/pda2/security
[01:37:48] ADMIN: Paget Hussain (Arborinus) [TRAITOR] modified Crusher Door's density to 0
[01:37:57] ADMIN: Paget Hussain (Arborinus) [TRAITOR] modified Crusher Door's density to 0
[01:39:02] ADMIN: Paget Hussain (Arborinus) [TRAITOR] created a /obj/item/scrap_hammer
[01:39:16] SAY: Shitty Bill (NPC) : Man, I sure don't miss the Syndies.
[01:39:43] SAY: Father Jack (NPC) : ARSE!
[01:40:01] SAY: Shitty Bill (NPC) : Hey friendo, gimme yer cash.
[01:40:08] SAY: Shitty Bill (NPC) : I think my homebros forgot about me.


Starting up. 19:17.53
---------------------

[19:17:57] ADMIN: Loading jobban_rank
[19:17:57] ADMIN: Jobban_keylist was empty
[19:17:57] ADMIN: Updating jobbanfile!
[19:17:57] ADMIN: Loading oocban_rank
[19:17:57] ADMIN: oocban_keylist was empty
[19:17:57] ADMIN: Updating jobbanfile!
ADMIN: arborinus = Host
[19:18:05] ACCESS: Login: Arborinus from 
[19:19:50] ADMIN: Arborinus [DEAD] has started the game.
[19:19:50] ACCESS: Login: Archie Robinson (Arborinus) [TRAITOR] from 
[19:20:03] ADMIN: Archie Robinson (Arborinus) [TRAITOR] created a /obj/item/card/id/captains_spare
[19:20:36] SAY: Father Jack (NPC) : That would be an ecumenical matter.
[19:20:40] SAY: Shitty Bill (NPC) : Got any alky?
[19:21:26] SAY: Shitty Bill (NPC) : Dag, it's Donald "Don" Glabs.
[19:21:35] SAY: Shitty Bill (NPC) : Hey pal, gimme yer smokes.
[19:21:42] ADMIN: Archie Robinson (Arborinus) [TRAITOR] has toggled their nodamage to On
[19:22:29] SAY: Shitty Bill (NPC) : Got any beff?
[19:22:45] SAY: Shitty Bill (NPC) : You a cop?
[19:22:50] SAY: Shitty Bill (NPC) : Nice podd, dude.
[19:23:01] SAY: Shitty Bill (NPC) : I ever tell you 'bout your grampa?
[19:23:33] SAY: Shitty Bill (NPC) : I ever tell you 'bout the time I got cloned?
[19:24:57] SAY: Shitty Bill (NPC) : Man, I sure miss my bee.
[19:25:22] SAY: Shitty Bill (NPC) : Whoa, it's Donald "Don" Glabs.
[19:25:46] SAY: Shitty Bill (NPC) : You a narc?
[19:26:07] SAY: Shitty Bill (NPC) : Got any smokes?
[19:27:17] SAY: Father Jack (NPC) : DRINK!
[19:28:13] SAY: Shitty Bill (NPC) : I ever tell you 'bout your grampa?
[19:28:20] SAY: Shitty Bill (NPC) : Got any beff?
[19:30:52] SAY: Shitty Bill (NPC) : I think my crew left without me.
[19:31:11] SAY: Shitty Bill (NPC) : Got any nog?
[19:31:20] SAY: Shitty Bill (NPC) : You sting?
[19:31:53] SAY: Shitty Bill (NPC) : Got any taters?
[19:31:56] SAY: Shitty Bill (NPC) : The hell you lookin' at, pal?
[19:31:58] SAY: Shitty Bill (NPC) : Hey, it's Donald "Don" Glabs.
[19:32:26] SAY: Shitty Bill (NPC) : You a nerd?
[19:32:55] SAY: Shitty Bill (NPC) : I think my associates left without me.
[19:33:43] SAY: Shitty Bill (NPC) : Man, I sure don't miss that long station.
[19:34:18] SAY: Shitty Bill (NPC) : I think my associates stole my key.
[19:34:54] SAY: Father Jack (NPC) : DRINK!
[19:34:56] SAY: Father Jack (NPC) : GIRLS!
[19:35:15] SAY: Shitty Bill (NPC) : What're you lookin' at, beardo?
[19:37:14] SAY: Shitty Bill (NPC) : You roll?
[19:37:40] SAY: Father Jack (NPC) : FECK!
[19:37:42] SAY: Shitty Bill (NPC) : Nice treads, kid.
[19:38:11] SAY: Father Jack (NPC) : FECK!
[19:38:50] SAY: Shitty Bill (NPC) : Yo, gimme yer cats.
[19:39:48] SAY: Father Jack (NPC) : DRINK!
[19:39:55] SAY: Shitty Bill (NPC) : The hell you lookin' at, bro?
[19:40:13] SAY: Shitty Bill (NPC) : I ever tell you 'bout when I found some old keys?
[19:40:37] SAY: Shitty Bill (NPC) : I ever tell you 'bout that smilin' dude?
[19:40:38] ADMIN: Archie Robinson (Arborinus) [TRAITOR] has toggled their nodamage to Off
[19:40:43] ADMIN: Archie Robinson (Arborinus) [TRAITOR] has toggled their nodamage to On
[19:41:14] SAY: Shitty Bill (NPC) : Hey buddy, gimme yer bees.
[19:41:26] SAY: Shitty Bill (NPC) : I ever tell you 'bout that time I knocked out NanoTrasen's central network with a bunch of string?
[19:41:31] SAY: Shitty Bill (NPC) : Whatcha you lookin' at, bucko?
[19:41:47] SAY: Shitty Bill (NPC) : Got any bees?
[19:43:24] SAY: Shitty Bill (NPC) : Oh hell, it's Donald "Don" Glabs.
[19:43:31] SAY: Shitty Bill (NPC) : Hey pal, gimme yer hugs.
[19:44:08] SAY: Shitty Bill (NPC) : Nice face, astronaut.
[19:44:22] SAY: Father Jack (NPC) : DRINK!
[19:45:55] SAY: Father Jack (NPC) : ARSE!
[19:46:09] SAY: Shitty Bill (NPC) : You a miner?
[19:46:58] SAY: Shitty Bill (NPC) : What're you lookin' at, buddy?
[19:49:21] SAY: Father Jack (NPC) : That would be an ecumenical matter.
