

Starting up. 00:55.29
---------------------

[00:55:33] ADMIN: Loading jobban_rank
[00:55:33] ADMIN: Jobban_keylist was empty
[00:55:33] ADMIN: Updating jobbanfile!
[00:55:33] ADMIN: Loading oocban_rank
[00:55:33] ADMIN: oocban_keylist was empty
[00:55:33] ADMIN: Updating jobbanfile!
ADMIN: arborinus = Host
[00:55:43] ACCESS: Login: Arborinus from 
[00:55:58] ADMIN: Arborinus [DEAD] has started the game.
[00:55:59] ACCESS: Login: Byron Rohtin (Arborinus) [TRAITOR] from 
[00:56:14] ADMIN: Byron Rohtin (Arborinus) [TRAITOR] created a /obj/item/card/id/captains_spare
[00:56:57] SAY: Shitty Bill (NPC) : What the hell are you lookin' at, kid?
[00:57:00] SAY: Shitty Bill (NPC) : I think my crew took off.
[00:57:35] SAY: Shitty Bill (NPC) : Got a light, flyboy?
[00:58:44] SAY: Shitty Bill (NPC) : Man, I sure miss bein' a salvager.
[01:00:08] SAY: Shitty Bill (NPC) : You rap?
[01:00:18] SAY: Shitty Bill (NPC) : You jet?
[01:00:22] ADMIN: Byron Rohtin (Arborinus) [TRAITOR] jumped to 193, 125, 2 in Head of Security's Office
[01:00:44] ADMIN: Byron Rohtin (Arborinus) [TRAITOR] created a /mob/living/carbon/human/merchant
[01:01:08] SAY: Shitty Bill (NPC) : You a Russian?
[01:01:48] ADMIN: Byron Rohtin (Arborinus) [TRAITOR] has toggled their nodamage to On
[01:02:36] ADMIN: Byron Rohtin (Arborinus) [TRAITOR] jumped to 195, 125, 2 in Space
[01:03:22] SAY: Father Jack (NPC) : That would be an ecumenical matter.
[01:05:15] ADMIN: Byron Rohtin (Arborinus) [TRAITOR] jumped to 193, 126, 2 in Head of Security's Office
[01:05:22] ADMIN: Byron Rohtin (Arborinus) [TRAITOR] jumped to 196, 126, 2 in Space
[01:05:45] ADMIN: Byron Rohtin (Arborinus) [TRAITOR] created a /obj/item/podplate
[01:05:55] SAY: Father Jack (NPC) : GIRLS!
[01:06:23] ADMIN: Byron Rohtin (Arborinus) [TRAITOR] modified license plate's icon to 


Starting up. 02:10.35
---------------------

[02:10:39] ADMIN: Loading jobban_rank
[02:10:39] ADMIN: Jobban_keylist was empty
[02:10:39] ADMIN: Updating jobbanfile!
[02:10:39] ADMIN: Loading oocban_rank
[02:10:39] ADMIN: oocban_keylist was empty
[02:10:39] ADMIN: Updating jobbanfile!
ADMIN: arborinus = Host
[02:10:48] ACCESS: Login: Arborinus from 
[02:11:13] ADMIN: Arborinus [DEAD] has started the game.
[02:11:13] ACCESS: Login: Grady Murray (Arborinus) [TRAITOR] from 
[02:11:18] SAY: Shitty Bill (NPC) : Nice pod, owl man.
[02:12:46] SAY: Shitty Bill (NPC) : Got a light, weirdo?
[02:14:32] SAY: Shitty Bill (NPC) : Nice pod, chief.
[02:15:16] SAY: Shitty Bill (NPC) : You a Synder?
[02:15:49] SAY: Father Jack (NPC) : ARSE!
[02:16:39] SAY: Shitty Bill (NPC) : Nice podd, bucko.
[02:17:07] ADMIN: Grady Murray (Arborinus) [TRAITOR] created a /obj/item/clothing/suit/space/captain/red
[02:17:11] ADMIN: Grady Murray (Arborinus) [TRAITOR] created a /obj/item/card/id/captains_spare
[02:17:13] SAY: Shitty Bill (NPC) : Got a light, pal?
[02:17:27] SAY: Shitty Bill (NPC) : Got a light, chump?
[02:18:47] ADMIN: Grady Murray (Arborinus) [TRAITOR] created 10ea /obj/item/podplate
[02:19:03] ADMIN: Grady Murray (Arborinus) [TRAITOR] has toggled their nodamage to On
[02:19:17] SAY: Father Jack (NPC) : That would be an ecumenical matter.
[02:20:32] ADMIN: Grady Murray (Arborinus) [TRAITOR] jumped to 191, 126, 2 in Head of Security's Office
[02:21:08] ADMIN: Grady Murray (Arborinus) [TRAITOR] jumped to 196, 125, 2 in Space
[02:21:22] ADMIN: Grady Murray (Arborinus) [TRAITOR] jumped to 192, 126, 2 in Head of Security's Office
[02:21:30] ADMIN: Grady Murray (Arborinus) [TRAITOR] jumped to 195, 126, 2 in Space
[02:21:41] SAY: Shitty Bill (NPC) : What're you lookin' at, beardo?
[02:22:16] SAY: Shitty Bill (NPC) : Yo, gimme yer keys.
[02:22:22] ADMIN: Grady Murray (Arborinus) [TRAITOR] jumped to 193, 124, 2 in Head of Security's Office
[02:22:27] ADMIN: Grady Murray (Arborinus) [TRAITOR] jumped to 188, 124, 2 in Space
[02:22:41] SAY: Shitty Bill (NPC) : Hey pal, gimme yer hugs.
[02:22:46] SAY: Shitty Bill (NPC) : You a Russian?
[02:23:35] SAY: Shitty Bill (NPC) : Man, I sure miss my wife.
[02:23:51] SAY: Shitty Bill (NPC) : What you lookin' at, weirdo?
[02:24:11] ADMIN: Grady Murray (Arborinus) [TRAITOR] jumped to Bar (<a href='?src=%admin_ref%;action=jumptocoords;target=71,117,2' title='Jump to Coords'>71,117,2</a>)


Starting up. 18:08.36
---------------------

[18:08:40] ADMIN: Loading jobban_rank
[18:08:40] ADMIN: Jobban_keylist was empty
[18:08:40] ADMIN: Updating jobbanfile!
[18:08:40] ADMIN: Loading oocban_rank
[18:08:40] ADMIN: oocban_keylist was empty
[18:08:40] ADMIN: Updating jobbanfile!
ADMIN: arborinus = Host
[18:08:51] ACCESS: Login: Arborinus from 
[18:09:06] ADMIN: Arborinus [DEAD] has started the game.
[18:09:07] ACCESS: Login: Phoenix Gettemy (Arborinus) [TRAITOR] from 
[18:09:11] SAY: Shitty Bill (NPC) : Got a light, bucko?
[18:09:16] SAY: Father Jack (NPC) : ARSE!
[18:09:19] ADMIN: Phoenix Gettemy (Arborinus) [TRAITOR] created a /obj/item/card/id/captains_spare
[18:10:35] SAY: Shitty Bill (NPC) : You a nerd?
[18:10:43] SAY: Shitty Bill (NPC) : You a Russian?
[18:10:49] ADMIN: Phoenix Gettemy (Arborinus) [TRAITOR] modified ladder's layer to 1
[18:11:15] ADMIN: Phoenix Gettemy (Arborinus) [TRAITOR] modified soda machine's pixel_x to 4
[18:11:18] SAY: Shitty Bill (NPC) : Got any weed?
[18:11:26] ADMIN: Phoenix Gettemy (Arborinus) [TRAITOR] modified ladder's layer to 1.5
[18:11:41] SAY: Shitty Bill (NPC) : Man, I sure miss my kids.
[18:12:00] SAY: Shitty Bill (NPC) : What're you lookin' at, Colonel?
[18:12:00] ADMIN: Phoenix Gettemy (Arborinus) [TRAITOR] deleted the soda machine at (<a href='?src=%admin_ref%;action=jumptocoords;target=135,216,2' title='Jump to Coords'>135,216,2</a>)
[18:12:09] ADMIN: Phoenix Gettemy (Arborinus) [TRAITOR] modified ladder's layer to 3
[18:13:29] SAY: Shitty Bill (NPC) : Got a light, kid?
[18:14:39] SAY: Shitty Bill (NPC) : You jet?
[18:15:03] SAY: Father Jack (NPC) : ARSE!
[18:15:50] SAY: Shitty Bill (NPC) : You a dracula?
[18:16:09] SAY: Shitty Bill (NPC) : I ever tell you 'bout how I ended up here?
[18:18:10] SAY: Shitty Bill (NPC) : I ever tell you 'bout the weird place with all the monkeys?
[18:18:13] SAY: Shitty Bill (NPC) : I ever tell you 'bout the time I got paid to whack someone on that dinosaur station?
[18:18:26] ADMIN: Phoenix Gettemy (Arborinus) [TRAITOR] jumped to 193, 125, 2 in Head of Security's Office
[18:18:41] SAY: Shitty Bill (NPC) : I think my bruds got lost on the way here.
[18:18:59] SAY: Phoenix Gettemy (Arborinus) [TRAITOR] created a command report: Poo
[18:19:08] ADMIN: Phoenix Gettemy (Arborinus) [TRAITOR] jumped to 195, 126, 2 in Space
[18:19:15] SAY: Shitty Bill (NPC) : Got any space drugs?
[18:19:18] SAY: Father Jack (NPC) : ARSE!
[18:19:27] SAY: Father Jack (NPC) : GIRLS!
[18:19:38] ADMIN: Phoenix Gettemy (Arborinus) [TRAITOR] created a /mob/living/carbon/human/fatherjack
[18:19:42] ADMIN: Phoenix Gettemy (Arborinus) [TRAITOR] jumped to 183, 128, 2 in Space
[18:19:49] SAY: Phoenix Gettemy (Arborinus) [TRAITOR] : *flip
[18:19:50] SAY: Shitty Bill (NPC) : Oh hell, it's Father Jack.
[18:19:52] SAY: Father Jack (NPC) : DRINK!
[18:20:30] SAY: Shitty Bill (NPC) : Got any bee food?
[18:21:14] SAY: Shitty Bill (NPC) : How's it hangin' Father Jack.
[18:21:14] SAY: Father Jack (NPC) : DRINK!
[18:21:16] SAY: Father Jack (NPC) : FECK!
[18:22:05] ADMIN: Phoenix Gettemy (Arborinus) [TRAITOR] jumped to 191, 126, 2 in Head of Security's Office
[18:22:12] ADMIN: Phoenix Gettemy (Arborinus) [TRAITOR] jumped to 195, 126, 2 in Space
[18:22:14] SAY: Shitty Bill (NPC) : I think my crew took off.
