

Starting up. 16:47.54
---------------------

[16:47:59] ADMIN: Loading jobban_rank
[16:47:59] ADMIN: Jobban_keylist was empty
[16:47:59] ADMIN: Updating jobbanfile!
[16:47:59] ADMIN: Loading oocban_rank
[16:47:59] ADMIN: oocban_keylist was empty
[16:47:59] ADMIN: Updating jobbanfile!
ADMIN: arborinus = Host
[16:48:13] ACCESS: Login: Arborinus from 
[16:49:12] ADMIN: Arborinus [DEAD] has started the game.
[16:49:12] ACCESS: Login: Brock Hawking (Arborinus) [TRAITOR] from 
[16:49:17] SAY: Father Jack (NPC) : FECK!
[16:49:51] SAY: Shitty Bill (NPC) : Yo, gimme yer drugs.
[16:49:56] SAY: Shitty Bill (NPC) : What're you lookin' at, wirehead?
[16:50:11] ADMIN: Brock Hawking (Arborinus) [TRAITOR] jumped to 133, 211, 2 in Space
[16:50:27] SAY: Shitty Bill (NPC) : You dance?
[16:50:58] SAY: Shitty Bill (NPC) : What the hell are you lookin' at, spaceman?
[16:51:36] ADMIN: Brock Hawking (Arborinus) [TRAITOR] jumped to 130, 213, 2 in Space
[16:51:47] ADMIN: Brock Hawking (Arborinus) [TRAITOR] has toggled their nodamage to On
[16:51:56] SAY: Father Jack (NPC) : FECK!
[16:52:07] SAY: Shitty Bill (NPC) : You a nerd?
[16:52:51] SAY: Shitty Bill (NPC) : Hey, gimme yer cash.
[16:53:41] SAY: Shitty Bill (NPC) : What you lookin' at, chump?
[16:54:48] ADMIN: Brock Hawking (Arborinus) [TRAITOR] created a /obj/item/device/flashlight
[16:55:09] SAY: Shitty Bill (NPC) : Got a light, brud?
[16:55:14] SAY: Shitty Bill (NPC) : 'Ey, it's Father Jack.
[16:55:19] SAY: Shitty Bill (NPC) : Yo Father Jack.
[16:55:30] SAY: Shitty Bill (NPC) : Hey friendo, gimme yer cats.
[16:55:56] SAY: Father Jack (NPC) : ARSE!
[16:56:14] SAY: Shitty Bill (NPC) : What up Father Jack.
[16:56:40] SAY: Shitty Bill (NPC) : Got a light, astronaut?
[16:57:09] SAY: Shitty Bill (NPC) : I ever tell you 'bout that time I got high with some ghosts?
[16:57:25] SAY: Shitty Bill (NPC) : Oh Christ, it's Father Jack.
[16:58:25] SAY: Shitty Bill (NPC) : Nice burner, beardo.
[16:59:31] SAY: Shitty Bill (NPC) : Yo Father Jack.
[17:00:23] SAY: Shitty Bill (NPC) : You a narc?
[17:00:26] ADMIN: Brock Hawking (Arborinus) [TRAITOR] checked the reagents of the quirky thingy <i>(<b>Contents:</b> water (7500), saltpetre (7500))</i>. <b>Temp:</b> <i>293.15 K</i>) (<a href='?src=%admin_ref%;action=jumptocoords;target=221,197,2' title='Jump to Coords'>221,197,2</a> in Space)
[17:00:30] SAY: Shitty Bill (NPC) : Got a light, weirdo?
[17:01:51] SAY: Shitty Bill (NPC) : Got any salts?
[17:01:58] SAY: Shitty Bill (NPC) : Hey, it's Father Jack.
[17:02:05] SAY: Shitty Bill (NPC) : I ever tell you 'bout how I ended up here?
[17:02:35] SAY: Father Jack (NPC) : FECK!
[17:03:03] SAY: Shitty Bill (NPC) : I ever tell you 'bout that sketchy crown I sold?
[17:03:35] SAY: Shitty Bill (NPC) : Got a light, chief?
[17:03:43] SAY: Shitty Bill (NPC) : What the hell are you lookin' at, dude?
[17:04:01] SAY: Shitty Bill (NPC) : How's it hangin' Father Jack.
[17:04:15] SAY: Father Jack (NPC) : That would be an ecumenical matter.
[17:04:22] SAY: Father Jack (NPC) : DRINK!
[17:05:30] SAY: Father Jack (NPC) : FECK!
[17:09:05] SAY: Father Jack (NPC) : ARSE!
[17:09:28] SAY: Shitty Bill (NPC) : You a miner?
[17:09:45] SAY: Shitty Bill (NPC) : I think my crew left without me.
[17:10:02] SAY: Shitty Bill (NPC) : You a narc?
[17:10:06] SAY: Shitty Bill (NPC) : Got a light, bucko?
[17:10:23] SAY: Shitty Bill (NPC) : The hell're you lookin' at, dude?
[17:10:32] SAY: Father Jack (NPC) : That would be an ecumenical matter.
[17:10:34] SAY: Shitty Bill (NPC) : Hey, it's Father Jack.
[17:15:19] SAY: Shitty Bill (NPC) : Got any hyro?
[17:15:30] SAY: Shitty Bill (NPC) : Got a light, brud?
[17:15:35] SAY: Father Jack (NPC) : FECK!
[17:16:37] SAY: Shitty Bill (NPC) : I think my bros got caught.
[17:17:04] ADMIN: Brock Hawking (Arborinus) [TRAITOR] checked the reagents of A Farty Snott's Every Flavour Bean <i>(<b>Contents:</b> sugar (50), Nitrogen Triiodide (50))</i>. <b>Temp:</b> <i>293.15 K</i>) (<a href='?src=%admin_ref%;action=jumptocoords;target=78,184,2' title='Jump to Coords'>78,184,2</a> in Space)
[17:17:09] SAY: Shitty Bill (NPC) : You a wizman?
[17:17:20] ADMIN: Brock Hawking (Arborinus) [TRAITOR] added 50 units of smokepowder to A Farty Snott's Every Flavour Bean at (<a href='?src=%admin_ref%;action=jumptocoords;target=80,185,2' title='Jump to Coords'>80,185,2</a> in Space).
[17:18:14] ADMIN: Brock Hawking (Arborinus) [TRAITOR] checked the reagents of A Farty Snott's Every Flavour Bean <i>(<b>Contents:</b> sugar (50), Nitrogen Triiodide (50))</i>. <b>Temp:</b> <i>548.15 K</i>) (<a href='?src=%admin_ref%;action=jumptocoords;target=81,187,2' title='Jump to Coords'>81,187,2</a> in Space)
[17:18:38] SAY: Shitty Bill (NPC) : The hell're you lookin' at, dingus?
[17:18:55] ADMIN: Brock Hawking (Arborinus) [TRAITOR] added 50 units of smokepowder to A Farty Snott's Every Flavour Bean at (<a href='?src=%admin_ref%;action=jumptocoords;target=81,187,2' title='Jump to Coords'>81,187,2</a> in Space).
[17:19:02] ADMIN: Brock Hawking (Arborinus) [TRAITOR] checked the reagents of A Farty Snott's Every Flavour Bean <i>(<b>Contents:</b> sugar (50), Nitrogen Triiodide (50))</i>. <b>Temp:</b> <i>548.15 K</i>) (<a href='?src=%admin_ref%;action=jumptocoords;target=81,187,2' title='Jump to Coords'>81,187,2</a> in Space)
[17:19:41] SAY: Shitty Bill (NPC) : Nice pod, wirehead.
[17:20:14] SAY: Shitty Bill (NPC) : You grustle?
[17:22:02] SAY: Shitty Bill (NPC) : The hell you lookin' at, beardo?
[17:23:02] SAY: Shitty Bill (NPC) : I think my bruds forgot about me.
[17:23:16] SAY: Shitty Bill (NPC) : You ride?
[17:23:30] SAY: Father Jack (NPC) : GIRLS!
[17:24:47] SAY: Shitty Bill (NPC) : How's it hangin' Donald "Don" Glabs.
[17:25:03] SAY: Shitty Bill (NPC) : I ever tell you 'bout my dad?
[17:25:15] SAY: Shitty Bill (NPC) : What you lookin' at, astronaut?
[17:25:34] SAY: Shitty Bill (NPC) : You a beardo?
[17:25:51] SAY: Shitty Bill (NPC) : I ever tell you 'bout the weird place with all the monkeys?
[17:26:28] SAY: Father Jack (NPC) : That would be an ecumenical matter.
[17:26:52] SAY: Father Jack (NPC) : FECK!
[17:27:53] SAY: Shitty Bill (NPC) : You wrassle?
[17:28:03] SAY: Shitty Bill (NPC) : Nice ship, bud.
[17:28:03] ADMIN: Brock Hawking (Arborinus) [TRAITOR] jumped to <a href='?src=%admin_ref%;action=jumptocoords;target=70,45,3' title='Jump to Coords'>70,45,3</a> in VR Test Area
[17:28:09] SAY: Shitty Bill (NPC) : Got a light, doofus?
[17:28:51] ADMIN: Brock Hawking (Arborinus) [TRAITOR] jumped to AI Chamber (<a href='?src=%admin_ref%;action=jumptocoords;target=124,164,2' title='Jump to Coords'>124,164,2</a>)
[17:29:10] SAY: Shitty Bill (NPC) : You a miner?
[17:29:17] SAY: Shitty Bill (NPC) : Nice podd, buddy.
[17:29:26] SAY: Shitty Bill (NPC) : Got any hyper?
[17:29:41] ACCESS: Login: living railway vehicle (Arborinus) [TRAITOR] from 
[17:29:53] ACCESS: Login: Brock Hawking (Arborinus) [TRAITOR] from 
[17:29:56] SAY: Father Jack (NPC) : GIRLS!
[17:30:57] SAY: Shitty Bill (NPC) : I think my homebros forgot about me.
[17:31:39] SAY: Shitty Bill (NPC) : Man, I sure miss my ol' station.


Starting up. 19:39.58
---------------------

[19:40:02] ADMIN: Loading jobban_rank
[19:40:02] ADMIN: Jobban_keylist was empty
[19:40:02] ADMIN: Updating jobbanfile!
[19:40:02] ADMIN: Loading oocban_rank
[19:40:02] ADMIN: oocban_keylist was empty
[19:40:02] ADMIN: Updating jobbanfile!
ADMIN: arborinus = Host
[19:40:15] ACCESS: Login: Arborinus from 
[19:40:38] ADMIN: Arborinus [DEAD] has started the game.
[19:40:39] ACCESS: Login: Rube Fiscina (Arborinus) [TRAITOR] from 
[19:40:44] ADMIN: Rube Fiscina (Arborinus) [TRAITOR] has toggled their nodamage to On
[19:41:09] SAY: Father Jack (NPC) : DRINK!
[19:41:53] ADMIN: Rube Fiscina (Arborinus) [TRAITOR] created a /obj/railway_vehicle
[19:42:18] ADMIN: Rube Fiscina (Arborinus) [TRAITOR] jumped to 211, 129, 2 in Space
[19:42:33] ADMIN: Rube Fiscina (Arborinus) [TRAITOR] jumped to 211, 127, 2 in Space
[19:42:33] SAY: Shitty Bill (NPC) : I think my crew got eaten.
[19:42:35] ADMIN: Rube Fiscina (Arborinus) [TRAITOR] created a /obj/railway_vehicle
[19:42:39] ADMIN: Rube Fiscina (Arborinus) [TRAITOR] deleted the railway vehicle at (<a href='?src=%admin_ref%;action=jumptocoords;target=211,128,2' title='Jump to Coords'>211,128,2</a>)
[19:42:43] SAY: Shitty Bill (NPC) : Got a light, idiot?
[19:42:45] SAY: Shitty Bill (NPC) : Hey brud, gimme yer cash.
[19:43:03] ADMIN: Rube Fiscina (Arborinus) [TRAITOR] jumped to 211, 129, 2 in Space
[19:43:04] SAY: Shitty Bill (NPC) : Nice burner, scrub.
[19:43:06] ADMIN: Rube Fiscina (Arborinus) [TRAITOR] created a /obj/railway_vehicle
[19:43:08] SAY: Shitty Bill (NPC) : Man, I sure miss my dog.
[19:43:12] ADMIN: Rube Fiscina (Arborinus) [TRAITOR] created a /obj/railway_vehicle
[19:43:22] SAY: Shitty Bill (NPC) : You a narc?
[19:43:29] ADMIN: Rube Fiscina (Arborinus) [TRAITOR] created a /obj/railway_vehicle
[19:43:39] SAY: Shitty Bill (NPC) : Dag, it's Donald "Don" Glabs.
[19:43:53] ADMIN: Rube Fiscina (Arborinus) [TRAITOR] created a /obj/railway_vehicle
[19:44:29] ADMIN: Rube Fiscina (Arborinus) [TRAITOR] modified railway vehicle's m_amt to -1
[19:45:21] ADMIN: Rube Fiscina (Arborinus) [TRAITOR] modified railway vehicle's self_powered to 1


Starting up. 21:00.19
---------------------

[21:00:23] ADMIN: Loading jobban_rank
[21:00:23] ADMIN: Jobban_keylist was empty
[21:00:23] ADMIN: Updating jobbanfile!
[21:00:23] ADMIN: Loading oocban_rank
[21:00:23] ADMIN: oocban_keylist was empty
[21:00:23] ADMIN: Updating jobbanfile!
ADMIN: arborinus = Host
[21:00:38] ACCESS: Login: Arborinus from 
[21:01:00] ADMIN: Arborinus [DEAD] has started the game.
[21:01:00] ACCESS: Login: George Scott (Arborinus) [TRAITOR] from 
[21:01:15] SAY: Father Jack (NPC) : ARSE!
[21:01:17] SAY: Shitty Bill (NPC) : You grustle?
[21:01:38] SAY: Father Jack (NPC) : DRINK!
[21:02:09] ADMIN: George Scott (Arborinus) [TRAITOR] jumped to 31, 9, 1 in Space
[21:02:24] ADMIN: George Scott (Arborinus) [TRAITOR] created a /obj/item/card/id/captains_spare
[21:02:42] ADMIN: George Scott (Arborinus) [TRAITOR] has toggled their nodamage to On
[21:02:45] ADMIN: George Scott (Arborinus) [TRAITOR] jumped to Detective's Office (<a href='?src=%admin_ref%;action=jumptocoords;target=112,109,2' title='Jump to Coords'>112,109,2</a>)
[21:02:48] SAY: Shitty Bill (NPC) : How's it hangin' Donald "Don" Glabs.
[21:03:55] ADMIN: George Scott (Arborinus) [TRAITOR] created a /obj/railway/adaptive
[21:04:17] ADMIN: George Scott (Arborinus) [TRAITOR] modified railway vehicle's move_triggered to 1
[21:04:31] ADMIN: George Scott (Arborinus) [TRAITOR] deleted the railway vehicle at (<a href='?src=%admin_ref%;action=jumptocoords;target=211,123,2' title='Jump to Coords'>211,123,2</a>)
[21:04:39] SAY: Shitty Bill (NPC) : Got any smokes?
[21:04:40] ADMIN: George Scott (Arborinus) [TRAITOR] created a /obj/railway_vehicle
[21:04:51] SAY: Shitty Bill (NPC) : I ever tell you 'bout when I found some old keys?
[21:05:01] ADMIN: George Scott (Arborinus) [TRAITOR] modified railway vehicle's self_powered to 1
[21:05:24] ADMIN: George Scott (Arborinus) [TRAITOR] swapped bodies with  (AI)
[21:05:24] ACCESS: Login:  (AI)Arborinus [TRAITOR] from 
[21:06:23] ADMIN:  (AI)Arborinus [TRAITOR] swapped bodies with George Scott (NPC)
[21:06:23] ACCESS: Login: George Scott (Arborinus) [TRAITOR] from 
[21:06:42] SAY: Shitty Bill (NPC) : Nice name, chump.
[21:06:44] SAY: Father Jack (NPC) : ARSE!
[21:07:16] ADMIN: George Scott (Arborinus) [TRAITOR] swapped bodies with  (AI)
[21:07:16] ACCESS: Login:  (AI)Arborinus [TRAITOR] from 
[21:07:21] SAY: Shitty Bill (NPC) : Oh Christ, it's Donald "Don" Glabs.
[21:07:38] SAY: Shitty Bill (NPC) : The hell you lookin' at, idiot?
[21:08:37] SAY: Shitty Bill (NPC) : You rhyme?
[21:08:41] SAY: Shitty Bill (NPC) : How's it goin' Donald "Don" Glabs.
[21:08:59] SAY: Father Jack (NPC) : That would be an ecumenical matter.
[21:09:04] SAY: Father Jack (NPC) : FECK!
[21:10:09] ADMIN:  (AI)Arborinus [TRAITOR] swapped bodies with George Scott (NPC)
[21:10:09] ACCESS: Login: George Scott (Arborinus) [TRAITOR] from 
