

Starting up. 01:37.29
---------------------

[01:37:33] ADMIN: Loading jobban_rank
[01:37:33] ADMIN: Jobban_keylist was empty
[01:37:33] ADMIN: Updating jobbanfile!
[01:37:33] ADMIN: Loading oocban_rank
[01:37:33] ADMIN: oocban_keylist was empty
[01:37:33] ADMIN: Updating jobbanfile!
ADMIN: arborinus = Host
[01:37:44] ACCESS: Login: Arborinus from 
[01:37:59] ADMIN: Arborinus [DEAD] has started the game.
[01:38:00] ACCESS: Login: Jim Zaun (Arborinus) [TRAITOR] from 
[01:38:09] ADMIN: Jim Zaun (Arborinus) [TRAITOR] has toggled their nodamage to On
[01:39:28] SAY: Shitty Bill (NPC) : Nice podd, dude.
[01:39:28] SAY: Father Jack (NPC) : That would be an ecumenical matter.


Starting up. 16:55.01
---------------------

[16:55:05] ADMIN: Loading jobban_rank
[16:55:05] ADMIN: Jobban_keylist was empty
[16:55:05] ADMIN: Updating jobbanfile!
[16:55:05] ADMIN: Loading oocban_rank
[16:55:05] ADMIN: oocban_keylist was empty
[16:55:05] ADMIN: Updating jobbanfile!
ADMIN: arborinus = Host
[16:55:16] ACCESS: Login: Arborinus from 
[16:55:34] ADMIN: Arborinus [DEAD] has started the game.
[16:55:34] ACCESS: Login: Tony Shick (Arborinus) [TRAITOR] from 
[16:55:44] ADMIN: Tony Shick (Arborinus) [TRAITOR] has toggled their nodamage to On
[16:55:53] SAY: Shitty Bill (NPC) : Whoa, it's Donald "Don" Glabs.


Starting up. 17:04.12
---------------------

[17:04:16] ADMIN: Loading jobban_rank
[17:04:16] ADMIN: Jobban_keylist was empty
[17:04:16] ADMIN: Updating jobbanfile!
[17:04:16] ADMIN: Loading oocban_rank
[17:04:16] ADMIN: oocban_keylist was empty
[17:04:16] ADMIN: Updating jobbanfile!
ADMIN: arborinus = Host
[17:04:26] ACCESS: Login: Arborinus from 
[17:04:41] ADMIN: Arborinus [DEAD] has started the game.
[17:04:41] ACCESS: Login: Andrew King (Arborinus) [TRAITOR] from 
[17:04:45] ADMIN: Andrew King (Arborinus) [TRAITOR] has toggled their nodamage to On
[17:05:34] SAY: Shitty Bill (NPC) : I think my crew left me here.
[17:05:48] ADMIN: Andrew King (Arborinus) [TRAITOR] jumped to 211, 123, 1 in Space


Starting up. 18:07.40
---------------------

[18:07:45] ADMIN: Loading jobban_rank
[18:07:45] ADMIN: Jobban_keylist was empty
[18:07:45] ADMIN: Updating jobbanfile!
[18:07:45] ADMIN: Loading oocban_rank
[18:07:45] ADMIN: oocban_keylist was empty
[18:07:45] ADMIN: Updating jobbanfile!
ADMIN: arborinus = Host
[18:07:54] ACCESS: Login: Arborinus from 
[18:08:08] ADMIN: Arborinus [DEAD] has started the game.
[18:08:08] ACCESS: Login: Joey Thomas (Arborinus) [TRAITOR] from 
[18:08:13] ADMIN: Joey Thomas (Arborinus) [TRAITOR] has toggled their nodamage to On
[18:09:08] SAY: Shitty Bill (NPC) : Nice karma, buddy.


Starting up. 18:23.51
---------------------

[18:23:56] ADMIN: Loading jobban_rank
[18:23:56] ADMIN: Jobban_keylist was empty
[18:23:56] ADMIN: Updating jobbanfile!
[18:23:56] ADMIN: Loading oocban_rank
[18:23:56] ADMIN: oocban_keylist was empty
[18:23:56] ADMIN: Updating jobbanfile!
ADMIN: arborinus = Host
[18:24:06] ACCESS: Login: Arborinus from 
[18:24:21] ADMIN: Arborinus [DEAD] has started the game.
[18:24:22] ACCESS: Login: Rastus Pratt (Arborinus) [TRAITOR] from 
[18:24:26] ADMIN: Rastus Pratt (Arborinus) [TRAITOR] has toggled their nodamage to On
[18:24:38] SAY: Shitty Bill (NPC) : I ever tell you 'bout the time I got paid to whack someone on that dinosaur station?
[18:25:04] SAY: Shitty Bill (NPC) : Got a light, kid?
[18:25:24] ADMIN: Rastus Pratt (Arborinus) [TRAITOR] created a /obj/item/device/infra_sensor
[18:25:42] ADMIN: Rastus Pratt (Arborinus) [TRAITOR] created a /obj/item/device/pda2/mechanic
[18:26:41] SAY: Shitty Bill (NPC) : What the hell are you lookin' at, dude?
[18:26:45] SAY: Shitty Bill (NPC) : Hey dweeb, gimme yer cats.
[18:27:22] SAY: Shitty Bill (NPC) : I ever tell you 'bout the time I caught gibbis?


Starting up. 18:46.20
---------------------

[18:46:25] ADMIN: Loading jobban_rank
[18:46:25] ADMIN: Jobban_keylist was empty
[18:46:25] ADMIN: Updating jobbanfile!
[18:46:25] ADMIN: Loading oocban_rank
[18:46:25] ADMIN: oocban_keylist was empty
[18:46:25] ADMIN: Updating jobbanfile!
ADMIN: arborinus = Host
[18:46:36] ACCESS: Login: Arborinus from 
[18:46:50] ADMIN: Arborinus [DEAD] has started the game.
[18:46:50] ACCESS: Login: Alberto Kelley (Arborinus) [TRAITOR] from 
[18:46:58] ADMIN: Alberto Kelley (Arborinus) [TRAITOR] has toggled their nodamage to On
[18:48:13] ADMIN: Alberto Kelley (Arborinus) [TRAITOR] created a /obj/vehicle/tug/tram
[18:48:22] ADMIN: Alberto Kelley (Arborinus) [TRAITOR] created a /obj/vehicle/tug/tram


Starting up. 19:00.59
---------------------

[19:01:03] ADMIN: Loading jobban_rank
[19:01:03] ADMIN: Jobban_keylist was empty
[19:01:03] ADMIN: Updating jobbanfile!
[19:01:03] ADMIN: Loading oocban_rank
[19:01:03] ADMIN: oocban_keylist was empty
[19:01:03] ADMIN: Updating jobbanfile!
ADMIN: arborinus = Host
[19:01:14] ACCESS: Login: Arborinus from 


Starting up. 19:03.46
---------------------

[19:03:51] ADMIN: Loading jobban_rank
[19:03:51] ADMIN: Jobban_keylist was empty
[19:03:51] ADMIN: Updating jobbanfile!
[19:03:51] ADMIN: Loading oocban_rank
[19:03:51] ADMIN: oocban_keylist was empty
[19:03:51] ADMIN: Updating jobbanfile!
ADMIN: arborinus = Host
[19:04:01] ACCESS: Login: Arborinus from 
[19:04:17] ADMIN: Arborinus [DEAD] has started the game.
[19:04:18] ACCESS: Login: Thomas Burkett (Arborinus) [TRAITOR] from 
[19:04:25] ADMIN: Thomas Burkett (Arborinus) [TRAITOR] has toggled their nodamage to On
[19:05:02] SAY: Shitty Bill (NPC) : Got a light, dork?
[19:05:25] SAY: Shitty Bill (NPC) : I think my bruds stole my cat.
[19:05:32] SAY: Shitty Bill (NPC) : Man, I sure don't miss Mars.
[19:06:06] SAY: Shitty Bill (NPC) : Got any krok?


Starting up. 19:37.55
---------------------

[19:38:00] ADMIN: Loading jobban_rank
[19:38:00] ADMIN: Jobban_keylist was empty
[19:38:00] ADMIN: Updating jobbanfile!
[19:38:00] ADMIN: Loading oocban_rank
[19:38:00] ADMIN: oocban_keylist was empty
[19:38:00] ADMIN: Updating jobbanfile!
ADMIN: arborinus = Host
[19:38:11] ACCESS: Login: Arborinus from 
[19:38:27] ADMIN: Arborinus [DEAD] has started the game.
[19:38:27] ACCESS: Login: Mekhi Shupe (Arborinus) [TRAITOR] from 
[19:38:32] ADMIN: Mekhi Shupe (Arborinus) [TRAITOR] has toggled their nodamage to On
[19:38:41] SAY: Shitty Bill (NPC) : I think my bros stole my cat.
[19:39:21] SAY: Shitty Bill (NPC) : Man, I sure miss Mars.
[19:39:26] ADMIN: Mekhi Shupe (Arborinus) [TRAITOR] jumped to 211, 123, 1 in Space
[19:39:37] ADMIN: Mekhi Shupe (Arborinus) [TRAITOR] jumped to 211, 120, 1 in Space


Starting up. 19:47.12
---------------------

[19:47:16] ADMIN: Loading jobban_rank
[19:47:16] ADMIN: Jobban_keylist was empty
[19:47:16] ADMIN: Updating jobbanfile!
[19:47:16] ADMIN: Loading oocban_rank
[19:47:16] ADMIN: oocban_keylist was empty
[19:47:16] ADMIN: Updating jobbanfile!
ADMIN: arborinus = Host
[19:47:27] ACCESS: Login: Arborinus from 
[19:47:44] ADMIN: Arborinus [DEAD] has started the game.
[19:47:45] ACCESS: Login: Terry Gadow (Arborinus) [TRAITOR] from 
[19:47:52] SAY: Shitty Bill (NPC) : 'Ey, it's Donald "Don" Glabs.
[19:47:52] ADMIN: Terry Gadow (Arborinus) [TRAITOR] has toggled their nodamage to On
[19:48:45] ADMIN: Terry Gadow (Arborinus) [TRAITOR] created a /obj/vehicle/tug/tram
[19:48:52] SAY: Shitty Bill (NPC) : Sup Donald "Don" Glabs.
[19:49:07] SAY: Shitty Bill (NPC) : Dang, it's Donald "Don" Glabs.


Starting up. 20:01.28
---------------------

[20:01:33] ADMIN: Loading jobban_rank
[20:01:33] ADMIN: Jobban_keylist was empty
[20:01:33] ADMIN: Updating jobbanfile!
[20:01:33] ADMIN: Loading oocban_rank
[20:01:33] ADMIN: oocban_keylist was empty
[20:01:33] ADMIN: Updating jobbanfile!
ADMIN: arborinus = Host
[20:01:44] ACCESS: Login: Arborinus from 
[20:02:13] ADMIN: Arborinus [DEAD] has started the game.
[20:02:13] ACCESS: Login: Eddie Zoucks (Arborinus) [TRAITOR] from 
[20:02:23] ADMIN: Eddie Zoucks (Arborinus) [TRAITOR] has toggled their nodamage to On


Starting up. 20:07.21
---------------------

[20:07:25] ADMIN: Loading jobban_rank
[20:07:25] ADMIN: Jobban_keylist was empty
[20:07:25] ADMIN: Updating jobbanfile!
[20:07:25] ADMIN: Loading oocban_rank
[20:07:25] ADMIN: oocban_keylist was empty
[20:07:25] ADMIN: Updating jobbanfile!
ADMIN: arborinus = Host
[20:07:37] ACCESS: Login: Arborinus from 
[20:08:05] ADMIN: Arborinus [DEAD] has started the game.
[20:08:06] ACCESS: Login: Patrick Jesse (Arborinus) [TRAITOR] from 
[20:08:10] ADMIN: Patrick Jesse (Arborinus) [TRAITOR] has toggled their nodamage to On
[20:08:33] SAY: Shitty Bill (NPC) : I ever tell you 'bout that time I lost my shovel?


Starting up. 20:15.23
---------------------

[20:15:28] ADMIN: Loading jobban_rank
[20:15:28] ADMIN: Jobban_keylist was empty
[20:15:28] ADMIN: Updating jobbanfile!
[20:15:28] ADMIN: Loading oocban_rank
[20:15:28] ADMIN: oocban_keylist was empty
[20:15:28] ADMIN: Updating jobbanfile!
ADMIN: arborinus = Host
[20:15:38] ACCESS: Login: Arborinus from 
[20:15:56] ADMIN: Arborinus [DEAD] has started the game.
[20:15:57] ACCESS: Login: Crush Brindle (Arborinus) [TRAITOR] from 
[20:16:03] ADMIN: Crush Brindle (Arborinus) [TRAITOR] has toggled their nodamage to On
[20:16:26] SAY: Shitty Bill (NPC) : I think my buds took off.
[20:16:40] SAY: Shitty Bill (NPC) : Man, I sure don't miss Nano-T.
[20:16:47] SAY: Shitty Bill (NPC) : I ever tell you 'bout the last day I saw my kids?


Starting up. 20:22.26
---------------------

[20:22:30] ADMIN: Loading jobban_rank
[20:22:30] ADMIN: Jobban_keylist was empty
[20:22:30] ADMIN: Updating jobbanfile!
[20:22:30] ADMIN: Loading oocban_rank
[20:22:30] ADMIN: oocban_keylist was empty
[20:22:30] ADMIN: Updating jobbanfile!
ADMIN: arborinus = Host
[20:22:41] ACCESS: Login: Arborinus from 
[20:23:54] ADMIN: Arborinus [DEAD] has started the game.
[20:23:55] ACCESS: Login: Braden Prescott (Arborinus) [TRAITOR] from 
[20:24:01] ADMIN: Braden Prescott (Arborinus) [TRAITOR] has toggled their nodamage to On
[20:24:25] SAY: Shitty Bill (NPC) : Got a light, astronaut?
[20:24:27] SAY: Shitty Bill (NPC) : Hey, gimme yer cash.
[20:24:44] ADMIN: Braden Prescott (Arborinus) [TRAITOR] created a /obj/vehicle/tug/tram


Starting up. 20:54.53
---------------------

[20:54:57] ADMIN: Loading jobban_rank
[20:54:57] ADMIN: Jobban_keylist was empty
[20:54:57] ADMIN: Updating jobbanfile!
[20:54:57] ADMIN: Loading oocban_rank
[20:54:57] ADMIN: oocban_keylist was empty
[20:54:57] ADMIN: Updating jobbanfile!
ADMIN: arborinus = Host
[20:55:09] ACCESS: Login: Arborinus from 
[20:55:35] ADMIN: Arborinus [DEAD] has started the game.
[20:55:36] ACCESS: Login: Reed Polson (Arborinus) [TRAITOR] from 
[20:55:41] ADMIN: Reed Polson (Arborinus) [TRAITOR] has toggled their nodamage to On
[20:55:56] ADMIN: Reed Polson (Arborinus) [TRAITOR] created a /turf/simulated/floor/railway
[20:55:58] SAY: Shitty Bill (NPC) : Man, I sure don't miss bein' an operative.
[20:56:00] ADMIN: Reed Polson (Arborinus) [TRAITOR] created a /turf/simulated/floor/railway
[20:56:01] ADMIN: Reed Polson (Arborinus) [TRAITOR] created a /turf/simulated/floor/railway
[20:56:02] ADMIN: Reed Polson (Arborinus) [TRAITOR] created a /turf/simulated/floor/railway
[20:56:03] ADMIN: Reed Polson (Arborinus) [TRAITOR] created a /turf/simulated/floor/railway
[20:56:05] ADMIN: Reed Polson (Arborinus) [TRAITOR] created a /turf/simulated/floor/railway
[20:56:07] ADMIN: Reed Polson (Arborinus) [TRAITOR] created a /turf/simulated/floor/railway/airless
[20:56:09] ADMIN: Reed Polson (Arborinus) [TRAITOR] created a /turf/simulated/floor/railway/airless
[20:56:10] ADMIN: Reed Polson (Arborinus) [TRAITOR] created a /turf/simulated/floor/railway/airless
[20:56:11] ADMIN: Reed Polson (Arborinus) [TRAITOR] created a /turf/simulated/floor/railway/airless
[20:56:17] SAY: Shitty Bill (NPC) : You a cop?
[20:56:20] ADMIN: Reed Polson (Arborinus) [TRAITOR] created a nothing
[20:56:28] ADMIN: Reed Polson (Arborinus) [TRAITOR] created a /obj/vehicle/tram
[20:56:36] SAY: Shitty Bill (NPC) : Nice name, brud.
[20:56:50] SAY: Shitty Bill (NPC) : Got a light, scrub?
[20:56:50] ADMIN: Reed Polson (Arborinus) [TRAITOR] created a /obj/item/device/flashlight
[20:57:09] SAY: Shitty Bill (NPC) : You a cop?
[20:57:22] SAY: Shitty Bill (NPC) : Man, I sure don't miss the Syndies.
[20:57:34] ADMIN: Reed Polson (Arborinus) [TRAITOR] created a /obj/vehicle/tram
[20:58:16] SAY: Father Jack (NPC) : DRINK!
[20:58:49] SAY: Shitty Bill (NPC) : Nice hog, 'Traser.
[20:58:59] ADMIN: Reed Polson (Arborinus) [TRAITOR] created a /obj/vehicle/tug
[20:59:01] ADMIN: Reed Polson (Arborinus) [TRAITOR] created a /obj/tug_cart
[20:59:23] SAY: Shitty Bill (NPC) : What you lookin' at, Colonel?


Starting up. 21:16.14
---------------------

[21:16:19] ADMIN: Loading jobban_rank
[21:16:19] ADMIN: Jobban_keylist was empty
[21:16:19] ADMIN: Updating jobbanfile!
[21:16:19] ADMIN: Loading oocban_rank
[21:16:19] ADMIN: oocban_keylist was empty
[21:16:19] ADMIN: Updating jobbanfile!
ADMIN: arborinus = Host
[21:16:30] ACCESS: Login: Arborinus from 
[21:16:46] ADMIN: Arborinus [DEAD] has started the game.
[21:16:47] ACCESS: Login: Miles Pavlov (Arborinus) [TRAITOR] from 
[21:16:53] ADMIN: Miles Pavlov (Arborinus) [TRAITOR] has toggled their nodamage to On
[21:17:01] ADMIN: Miles Pavlov (Arborinus) [TRAITOR] jumped to Sim (<a href='?src=%admin_ref%;action=jumptocoords;target=160,16,2' title='Jump to Coords'>160,16,2</a>)
[21:17:07] ADMIN: Miles Pavlov (Arborinus) [TRAITOR] jumped to Bar (<a href='?src=%admin_ref%;action=jumptocoords;target=71,117,1' title='Jump to Coords'>71,117,1</a>)
[21:18:00] SAY: Father Jack (NPC) : DRINK!
[21:18:07] ADMIN: Miles Pavlov (Arborinus) [TRAITOR] modified tram's anchored to 1
[21:18:33] SAY: Shitty Bill (NPC) : I think my buds set me up.
[21:19:19] SAY: Shitty Bill (NPC) : Got a light, 'Traser?
[21:19:56] SAY: Shitty Bill (NPC) : I ever tell you 'bout that time I met some spooky ghosts?
[21:20:10] ADMIN: Miles Pavlov (Arborinus) [TRAITOR] modified tram's anchored to 0
[21:20:29] SAY: Shitty Bill (NPC) : Man, I sure don't miss bein' a Captain.
[21:21:38] ADMIN: Miles Pavlov (Arborinus) [TRAITOR] created a /obj/vehicle/tram
[21:22:23] SAY: Shitty Bill (NPC) : Man, I sure miss Sirius.
[21:23:05] ADMIN: Miles Pavlov (Arborinus) [TRAITOR] created a /turf/unsimulated/aprilfools
[21:23:08] ADMIN: Miles Pavlov (Arborinus) [TRAITOR] created a /turf/unsimulated/floor/setpieces/rootfloor
[21:23:13] ADMIN: Miles Pavlov (Arborinus) [TRAITOR] created a /turf/simulated/floor/plating
[21:23:13] SAY: Shitty Bill (NPC) : You drink?
[21:23:15] ADMIN: Miles Pavlov (Arborinus) [TRAITOR] created a /turf/simulated/floor/wood


Starting up. 21:28.49
---------------------

[21:28:53] ADMIN: Loading jobban_rank
[21:28:53] ADMIN: Jobban_keylist was empty
[21:28:53] ADMIN: Updating jobbanfile!
[21:28:53] ADMIN: Loading oocban_rank
[21:28:53] ADMIN: oocban_keylist was empty
[21:28:54] ADMIN: Updating jobbanfile!
ADMIN: arborinus = Host
[21:29:05] ACCESS: Login: Arborinus from 
[21:29:22] ADMIN: Arborinus [DEAD] has started the game.
[21:29:23] ACCESS: Login: Danny Christman (Arborinus) [TRAITOR] from 
[21:29:28] ADMIN: Danny Christman (Arborinus) [TRAITOR] has toggled their nodamage to On
[21:29:39] ADMIN: Danny Christman (Arborinus) [TRAITOR] has toggled their nodamage to Off
[21:29:43] ADMIN: Danny Christman (Arborinus) [TRAITOR] has toggled their nodamage to On


Starting up. 21:40.25
---------------------

[21:40:30] ADMIN: Loading jobban_rank
[21:40:30] ADMIN: Jobban_keylist was empty
[21:40:30] ADMIN: Updating jobbanfile!
[21:40:30] ADMIN: Loading oocban_rank
[21:40:30] ADMIN: oocban_keylist was empty
[21:40:30] ADMIN: Updating jobbanfile!
ADMIN: arborinus = Host
[21:40:43] ACCESS: Login: Arborinus from 


Starting up. 21:40.44
---------------------

[21:40:49] ADMIN: Loading jobban_rank
[21:40:49] ADMIN: Jobban_keylist was empty
[21:40:49] ADMIN: Updating jobbanfile!
[21:40:49] ADMIN: Loading oocban_rank
[21:40:49] ADMIN: oocban_keylist was empty
[21:40:49] ADMIN: Updating jobbanfile!
ADMIN: arborinus = Host
[21:41:00] ACCESS: Login: Arborinus from 
[21:41:14] ADMIN: Arborinus [DEAD] has started the game.
[21:41:15] ACCESS: Login: Darell Harrison (Arborinus) [TRAITOR] from 
[21:41:19] ADMIN: Darell Harrison (Arborinus) [TRAITOR] has toggled their nodamage to On
[21:41:33] SAY: Shitty Bill (NPC) : Got a light, bucko?


Starting up. 22:34.20
---------------------

[22:34:25] ADMIN: Loading jobban_rank
[22:34:25] ADMIN: Jobban_keylist was empty
[22:34:25] ADMIN: Updating jobbanfile!
[22:34:25] ADMIN: Loading oocban_rank
[22:34:25] ADMIN: oocban_keylist was empty
[22:34:25] ADMIN: Updating jobbanfile!
ADMIN: arborinus = Host
[22:34:35] ACCESS: Login: Arborinus from 
[22:34:56] ADMIN: Arborinus [DEAD] has started the game.
[22:34:57] ACCESS: Login: Andy Carter (Arborinus) [TRAITOR] from 
[22:35:01] SAY: Shitty Bill (NPC) : How's it hangin' Donald "Don" Glabs.
[22:35:02] ADMIN: Andy Carter (Arborinus) [TRAITOR] has toggled their nodamage to On
[22:35:22] ADMIN: Andy Carter (Arborinus) [TRAITOR] created a /obj/vehicle/tug


Starting up. 23:18.43
---------------------

[23:18:48] ADMIN: Loading jobban_rank
[23:18:48] ADMIN: Jobban_keylist was empty
[23:18:48] ADMIN: Updating jobbanfile!
[23:18:48] ADMIN: Loading oocban_rank
[23:18:48] ADMIN: oocban_keylist was empty
[23:18:48] ADMIN: Updating jobbanfile!
ADMIN: arborinus = Host
[23:18:59] ACCESS: Login: Arborinus from 
[23:19:18] ADMIN: Arborinus [DEAD] has started the game.
[23:19:18] ACCESS: Login: Zayden Beail (Arborinus) [TRAITOR] from 
[23:19:24] ADMIN: Zayden Beail (Arborinus) [TRAITOR] has toggled their nodamage to On
[23:19:30] SAY: Shitty Bill (NPC) : Whoa, it's Donald "Don" Glabs.
[23:19:32] SAY: Shitty Bill (NPC) : I ever tell you 'bout that room full of statues?
[23:21:12] SAY: Shitty Bill (NPC) : Got a light, scrub?
[23:21:51] ADMIN: Zayden Beail (Arborinus) [TRAITOR] deleted the asteroid at (<a href='?src=%admin_ref%;action=jumptocoords;target=30,135,1' title='Jump to Coords'>30,135,1</a>)
[23:22:16] SAY: Shitty Bill (NPC) : I think my bros set me up.
[23:22:32] SAY: Shitty Bill (NPC) : Sup Donald "Don" Glabs.


Starting up. 23:28.40
---------------------

[23:28:45] ADMIN: Loading jobban_rank
[23:28:45] ADMIN: Jobban_keylist was empty
[23:28:45] ADMIN: Updating jobbanfile!
[23:28:45] ADMIN: Loading oocban_rank
[23:28:45] ADMIN: oocban_keylist was empty
[23:28:45] ADMIN: Updating jobbanfile!
ADMIN: arborinus = Host
[23:28:56] ACCESS: Login: Arborinus from 
[23:29:19] ADMIN: Arborinus [DEAD] has started the game.
[23:29:20] ACCESS: Login: Walker Beach (Arborinus) [TRAITOR] from 
[23:29:28] ADMIN: Walker Beach (Arborinus) [TRAITOR] has toggled their nodamage to On
[23:29:40] SAY: Shitty Bill (NPC) : You ride?
[23:30:15] SAY: Shitty Bill (NPC) : Got any cats?
[23:30:22] SAY: Shitty Bill (NPC) : I ever tell you 'bout the time I sold crank to that jellyfish dude?
[23:30:37] ADMIN: Walker Beach (Arborinus) [TRAITOR] created a /obj/tug_cart
[23:30:43] SAY: Father Jack (NPC) : GIRLS!
[23:31:17] SAY: Shitty Bill (NPC) : You jam?
[23:31:31] SAY: Shitty Bill (NPC) : Got a light, chump?
[23:32:45] SAY: Shitty Bill (NPC) : You a wizman?
[23:32:58] SAY: Shitty Bill (NPC) : What you lookin' at, buddy?
[23:34:01] SAY: Shitty Bill (NPC) : Got a light, scrub?
[23:34:31] SAY: Shitty Bill (NPC) : Whatcha you lookin' at, astronaut?
[23:35:27] SAY: Shitty Bill (NPC) : Hey friendo, gimme yer jet.
[23:35:41] SAY: Shitty Bill (NPC) : Got any argine?


Starting up. 23:39.57
---------------------

[23:40:02] ADMIN: Loading jobban_rank
[23:40:02] ADMIN: Jobban_keylist was empty
[23:40:02] ADMIN: Updating jobbanfile!
[23:40:02] ADMIN: Loading oocban_rank
[23:40:02] ADMIN: oocban_keylist was empty
[23:40:02] ADMIN: Updating jobbanfile!
ADMIN: arborinus = Host
[23:40:12] ACCESS: Login: Arborinus from 
[23:40:33] ADMIN: Arborinus [DEAD] has started the game.
[23:40:34] ACCESS: Login: Nikolas Leichter (Arborinus) [TRAITOR] from 
[23:40:39] ADMIN: Nikolas Leichter (Arborinus) [TRAITOR] has toggled their nodamage to On
[23:40:45] SAY: Shitty Bill (NPC) : Got any lexo?
[23:41:11] SAY: Shitty Bill (NPC) : Hey buddy, gimme yer dosh.
[23:41:42] ADMIN: Nikolas Leichter (Arborinus) [TRAITOR] created a /obj/machinery/vehicle/miniputt/iridium
[23:41:47] SAY: Shitty Bill (NPC) : Nice hogg, weirdo.


Starting up. 23:56.03
---------------------

[23:56:07] ADMIN: Loading jobban_rank
[23:56:07] ADMIN: Jobban_keylist was empty
[23:56:07] ADMIN: Updating jobbanfile!
[23:56:07] ADMIN: Loading oocban_rank
[23:56:07] ADMIN: oocban_keylist was empty
[23:56:07] ADMIN: Updating jobbanfile!
ADMIN: arborinus = Host
[23:56:18] ACCESS: Login: Arborinus from 


Starting up. 23:58.49
---------------------

[23:58:54] ADMIN: Loading jobban_rank
[23:58:54] ADMIN: Jobban_keylist was empty
[23:58:54] ADMIN: Updating jobbanfile!
[23:58:54] ADMIN: Loading oocban_rank
[23:58:54] ADMIN: oocban_keylist was empty
[23:58:54] ADMIN: Updating jobbanfile!
ADMIN: arborinus = Host
[23:59:05] ACCESS: Login: Arborinus from 
[23:59:31] ADMIN: Arborinus [DEAD] has started the game.
[23:59:32] ACCESS: Login: Joey Johnson (Arborinus) [TRAITOR] from 
[23:59:38] ADMIN: Joey Johnson (Arborinus) [TRAITOR] has toggled their nodamage to On
[00:00:37] SAY: Shitty Bill (NPC) : Nice face, owl man.
[00:00:42] SAY: Shitty Bill (NPC) : I ever tell you 'bout the time I got high with a bee?
[00:00:49] SAY: Shitty Bill (NPC) : What're you lookin' at, bucko?
[00:01:14] ADMIN: Joey Johnson (Arborinus) [TRAITOR] created a /obj/vehicle/tram
[00:01:36] SAY: Shitty Bill (NPC) : You a Russian?
[00:01:47] SAY: Shitty Bill (NPC) : You rhyme?
[00:01:48] ADMIN: Joey Johnson (Arborinus) [TRAITOR] created a /obj/vehicle/tram
[00:02:07] ADMIN: Joey Johnson (Arborinus) [TRAITOR] created a /obj/vehicle/tram
[00:02:29] ADMIN: Joey Johnson (Arborinus) [TRAITOR] created a /obj/vehicle/tram
[00:02:39] SAY: Shitty Bill (NPC) : You a wizman?
[00:03:13] ADMIN: Joey Johnson (Arborinus) [TRAITOR] created a /turf/simulated/floor/railway/airless
[00:03:15] ADMIN: Joey Johnson (Arborinus) [TRAITOR] created a /turf/simulated/floor/railway/airless
[00:03:17] ADMIN: Joey Johnson (Arborinus) [TRAITOR] created a /turf/simulated/floor/railway/airless
[00:03:22] ACCESS: Login: Joey Johnson (Arborinus) [TRAITOR] [DEAD] from 
[00:03:24] ADMIN: Joey Johnson (Arborinus) [TRAITOR] [DEAD] created a /turf/simulated/floor/railway/airless
[00:03:25] ADMIN: Joey Johnson (Arborinus) [TRAITOR] [DEAD] created a /turf/simulated/floor/railway/airless
[00:03:26] ADMIN: Joey Johnson (Arborinus) [TRAITOR] [DEAD] created a /turf/simulated/floor/railway/airless
[00:03:29] ADMIN: Joey Johnson (Arborinus) [TRAITOR] [DEAD] created a /turf/simulated/floor/railway/airless
[00:03:30] ADMIN: Joey Johnson (Arborinus) [TRAITOR] [DEAD] created a /turf/simulated/floor/railway/airless
[00:03:31] ADMIN: Joey Johnson (Arborinus) [TRAITOR] [DEAD] created a /turf/simulated/floor/railway/airless
[00:03:33] ADMIN: Joey Johnson (Arborinus) [TRAITOR] [DEAD] created a /turf/simulated/floor/railway/airless
[00:03:34] ADMIN: Joey Johnson (Arborinus) [TRAITOR] [DEAD] created a /turf/simulated/floor/railway/airless
[00:03:35] ADMIN: Joey Johnson (Arborinus) [TRAITOR] [DEAD] created a /turf/simulated/floor/railway/airless
[00:03:37] ADMIN: Joey Johnson (Arborinus) [TRAITOR] [DEAD] created a /turf/simulated/floor/railway/airless
[00:03:38] ADMIN: Joey Johnson (Arborinus) [TRAITOR] [DEAD] created a /turf/simulated/floor/railway/airless
[00:03:38] SAY: Shitty Bill (NPC) : You dance?
[00:03:40] ADMIN: Joey Johnson (Arborinus) [TRAITOR] [DEAD] created a /turf/simulated/floor/railway/airless
[00:03:41] ADMIN: Joey Johnson (Arborinus) [TRAITOR] [DEAD] created a /turf/simulated/floor/railway/airless
[00:03:42] ADMIN: Joey Johnson (Arborinus) [TRAITOR] [DEAD] created a /turf/simulated/floor/railway/airless
[00:03:43] ADMIN: Joey Johnson (Arborinus) [TRAITOR] [DEAD] created a /turf/simulated/floor/railway/airless
[00:03:45] ADMIN: Joey Johnson (Arborinus) [TRAITOR] [DEAD] created a /turf/simulated/floor/railway/airless
[00:03:46] ADMIN: Joey Johnson (Arborinus) [TRAITOR] [DEAD] created a /turf/simulated/floor/railway/airless
[00:03:47] ADMIN: Joey Johnson (Arborinus) [TRAITOR] [DEAD] created a /turf/simulated/floor/railway/airless
[00:04:09] ACCESS: Login: Arborinus [TRAITOR] from 
[00:04:16] ADMIN: maetzoe Maen (Arborinus) [TRAITOR] has toggled their nodamage to On
