

Starting up. 00:10.18
---------------------

[00:10:22] ADMIN: Loading jobban_rank
[00:10:22] ADMIN: Jobban_keylist was empty
[00:10:22] ADMIN: Updating jobbanfile!
[00:10:22] ADMIN: Loading oocban_rank
[00:10:22] ADMIN: oocban_keylist was empty
[00:10:22] ADMIN: Updating jobbanfile!
ADMIN: arborinus = Host
[00:10:34] ACCESS: Login: Arborinus from 
[00:10:49] ADMIN: Arborinus [DEAD] has started the game.
[00:10:50] ACCESS: Login: Gratian Teagarden (Arborinus) [TRAITOR] from 
[00:10:55] ADMIN: Gratian Teagarden (Arborinus) [TRAITOR] has toggled their nodamage to On
[00:11:08] SAY: Shitty Bill (NPC) : Man, I sure don't miss that damn ice moon.
[00:11:11] SAY: Shitty Bill (NPC) : Got any burgle?


Starting up. 00:19.32
---------------------

[00:19:37] ADMIN: Loading jobban_rank
[00:19:37] ADMIN: Jobban_keylist was empty
[00:19:37] ADMIN: Updating jobbanfile!
[00:19:37] ADMIN: Loading oocban_rank
[00:19:37] ADMIN: oocban_keylist was empty
[00:19:37] ADMIN: Updating jobbanfile!
ADMIN: arborinus = Host
[00:19:47] ACCESS: Login: Arborinus from 
[00:20:02] ADMIN: Arborinus [DEAD] has started the game.
[00:20:02] ACCESS: Login: Ismael Fischer (Arborinus) [TRAITOR] from 
[00:20:07] ADMIN: Ismael Fischer (Arborinus) [TRAITOR] has toggled their nodamage to On
[00:20:32] SAY: Shitty Bill (NPC) : Nice face, owl man.


Starting up. 00:33.42
---------------------

[00:33:47] ADMIN: Loading jobban_rank
[00:33:47] ADMIN: Jobban_keylist was empty
[00:33:47] ADMIN: Updating jobbanfile!
[00:33:47] ADMIN: Loading oocban_rank
[00:33:47] ADMIN: oocban_keylist was empty
[00:33:47] ADMIN: Updating jobbanfile!
ADMIN: arborinus = Host
[00:33:58] ACCESS: Login: Arborinus from 
[00:34:15] ADMIN: Arborinus [DEAD] has started the game.
[00:34:15] ACCESS: Login: Raymond Rowley (Arborinus) [TRAITOR] from 
[00:34:23] SAY: Shitty Bill (NPC) : Man, I sure miss that round station.
[00:34:26] ADMIN: Raymond Rowley (Arborinus) [TRAITOR] has toggled their nodamage to On
[00:34:43] SAY: Shitty Bill (NPC) : Got a light, dweeb?
[00:34:45] SAY: Shitty Bill (NPC) : Got any krok?
[00:34:49] SAY: Shitty Bill (NPC) : Man, I sure don't miss bein' a chemist.
[00:35:08] SAY: Shitty Bill (NPC) : You rap?
[00:35:17] SAY: Shitty Bill (NPC) : Got a light, wirehead?
[00:35:20] SAY: Shitty Bill (NPC) : Hey, it's Donald "Don" Glabs.
[00:35:25] SAY: Shitty Bill (NPC) : Nice face, chief.
[00:35:29] SAY: Shitty Bill (NPC) : Hey, gimme yer card.
[00:35:59] SAY: Father Jack (NPC) : FECK!
[00:36:16] SAY: Father Jack (NPC) : DRINK!
[00:36:28] ACCESS: Login: living tram (Arborinus) [TRAITOR] from 
[00:36:31] ACCESS: Login: Raymond Rowley (Arborinus) [TRAITOR] from 
[00:36:32] SAY: Shitty Bill (NPC) : Whatcha you lookin' at, weirdo?
[00:36:42] SAY: Father Jack (NPC) : GIRLS!


Starting up. 00:41.11
---------------------

[00:41:16] ADMIN: Loading jobban_rank
[00:41:16] ADMIN: Jobban_keylist was empty
[00:41:16] ADMIN: Updating jobbanfile!
[00:41:16] ADMIN: Loading oocban_rank
[00:41:16] ADMIN: oocban_keylist was empty
[00:41:16] ADMIN: Updating jobbanfile!
ADMIN: arborinus = Host
[00:41:27] ACCESS: Login: Arborinus from 
[00:42:08] ADMIN: Arborinus [DEAD] has started the game.
[00:42:09] ACCESS: Login: Dustin Noton (Arborinus) [TRAITOR] from 
[00:42:16] ADMIN: Dustin Noton (Arborinus) [TRAITOR] has toggled their nodamage to On
[00:43:12] SAY: Shitty Bill (NPC) : What the hell are you lookin' at, dork?
[00:43:14] SAY: Shitty Bill (NPC) : Nice hogg, chief.
[00:43:35] SAY: Shitty Bill (NPC) : You dance?
[00:43:47] SAY: Father Jack (NPC) : FECK!
[00:44:34] SAY: Shitty Bill (NPC) : Man, I sure don't miss the war.
[00:44:42] ADMIN: Dustin Noton (Arborinus) [TRAITOR] modified tram's anchored to 1


Starting up. 01:36.34
---------------------

[01:36:39] ADMIN: Loading jobban_rank
[01:36:39] ADMIN: Jobban_keylist was empty
[01:36:39] ADMIN: Updating jobbanfile!
[01:36:39] ADMIN: Loading oocban_rank
[01:36:39] ADMIN: oocban_keylist was empty
[01:36:39] ADMIN: Updating jobbanfile!
ADMIN: arborinus = Host
[01:36:49] ACCESS: Login: Arborinus from 
[01:37:06] ADMIN: Arborinus [DEAD] has started the game.
[01:37:06] ACCESS: Login: Zackary Wilo (Arborinus) [TRAITOR] from 
[01:37:10] ADMIN: Zackary Wilo (Arborinus) [TRAITOR] has toggled their nodamage to On
[01:37:24] SAY: Shitty Bill (NPC) : I think my bros took off.
[01:37:40] SAY: Shitty Bill (NPC) : Got any bees?
[01:38:24] SAY: Shitty Bill (NPC) : What up Donald "Don" Glabs.
[01:39:14] SAY: Shitty Bill (NPC) : You a cop?


Starting up. 01:43.53
---------------------

[01:43:57] ADMIN: Loading jobban_rank
[01:43:57] ADMIN: Jobban_keylist was empty
[01:43:57] ADMIN: Updating jobbanfile!
[01:43:57] ADMIN: Loading oocban_rank
[01:43:57] ADMIN: oocban_keylist was empty
[01:43:57] ADMIN: Updating jobbanfile!
ADMIN: arborinus = Host
[01:44:08] ACCESS: Login: Arborinus from 
[01:44:28] ADMIN: Arborinus [DEAD] has started the game.
[01:44:28] ACCESS: Login: Ali Mary (Arborinus) [TRAITOR] from 
[01:44:33] ADMIN: Ali Mary (Arborinus) [TRAITOR] has toggled their nodamage to On
[01:44:48] SAY: Shitty Bill (NPC) : The hell you lookin' at, kid?
[01:44:55] SAY: Father Jack (NPC) : ARSE!
[01:45:21] SAY: Shitty Bill (NPC) : 'Ey, it's Donald "Don" Glabs.
[01:45:43] ADMIN: Ali Mary (Arborinus) [TRAITOR] created a /obj/tug_cart
[01:46:32] ADMIN: Ali Mary (Arborinus) [TRAITOR] created a /obj/vehicle/tram
[01:46:42] ADMIN: Ali Mary (Arborinus) [TRAITOR] created a /obj/machinery/portable_atmospherics/canister/toxins
[01:47:02] SAY: Shitty Bill (NPC) : Got a light, dude?
[01:47:07] SAY: Shitty Bill (NPC) : Hey brud, gimme yer dosh.
[01:47:49] SAY: Shitty Bill (NPC) : Hey friendo, gimme yer cash.


Starting up. 03:02.11
---------------------

[03:02:16] ADMIN: Loading jobban_rank
[03:02:16] ADMIN: Jobban_keylist was empty
[03:02:16] ADMIN: Updating jobbanfile!
[03:02:16] ADMIN: Loading oocban_rank
[03:02:16] ADMIN: oocban_keylist was empty
[03:02:16] ADMIN: Updating jobbanfile!
ADMIN: arborinus = Host
[03:02:27] ACCESS: Login: Arborinus from 
[03:02:41] ADMIN: Arborinus [DEAD] has started the game.
[03:02:42] ACCESS: Login: Bill Pain (Arborinus) [TRAITOR] from 
[03:02:47] ADMIN: Bill Pain (Arborinus) [TRAITOR] has toggled their nodamage to On
[03:03:15] SAY: Shitty Bill (NPC) : You a Russian?
[03:03:18] SAY: Father Jack (NPC) : FECK!
[03:03:20] ADMIN: Bill Pain (Arborinus) [TRAITOR] created a /obj/vehicle/tram
[03:03:29] SAY: Father Jack (NPC) : FECK!
[03:03:31] ADMIN: Bill Pain (Arborinus) [TRAITOR] modified tram's luminosity to 3
[03:03:41] SAY: Shitty Bill (NPC) : The hell're you lookin' at, dweeb?
[03:03:46] SAY: Shitty Bill (NPC) : The hell you lookin' at, kid?
[03:04:24] SAY: Father Jack (NPC) : GIRLS!
[03:04:44] ADMIN: Bill Pain (Arborinus) [TRAITOR] created a /obj/reagent_dispensers/foamtank
[03:07:26] SAY: Shitty Bill (NPC) : Got a light, clown?
[03:07:28] SAY: Father Jack (NPC) : DRINK!
[03:07:31] SAY: Shitty Bill (NPC) : Dang, it's Father Jack.


Starting up. 03:18.52
---------------------

[03:18:57] ADMIN: Loading jobban_rank
[03:18:57] ADMIN: Jobban_keylist was empty
[03:18:57] ADMIN: Updating jobbanfile!
[03:18:57] ADMIN: Loading oocban_rank
[03:18:57] ADMIN: oocban_keylist was empty
[03:18:57] ADMIN: Updating jobbanfile!
ADMIN: arborinus = Host
[03:19:08] ACCESS: Login: Arborinus from 
[03:19:28] ADMIN: Arborinus [DEAD] has started the game.
[03:19:29] ACCESS: Login: Raul Basmanoff (Arborinus) [TRAITOR] from 
[03:19:34] ADMIN: Raul Basmanoff (Arborinus) [TRAITOR] has toggled their nodamage to On
[03:19:52] ADMIN: Raul Basmanoff (Arborinus) [TRAITOR] created a /obj/vehicle/tram
[03:20:54] SAY: Shitty Bill (NPC) : I ever tell you 'bout that sketchy crown I sold?


Starting up. 03:34.46
---------------------

[03:34:51] ADMIN: Loading jobban_rank
[03:34:51] ADMIN: Jobban_keylist was empty
[03:34:51] ADMIN: Updating jobbanfile!
[03:34:51] ADMIN: Loading oocban_rank
[03:34:51] ADMIN: oocban_keylist was empty
[03:34:51] ADMIN: Updating jobbanfile!
ADMIN: arborinus = Host
[03:35:02] ACCESS: Login: Arborinus from 
[03:35:21] ADMIN: Arborinus [DEAD] has started the game.
[03:35:21] ACCESS: Login: Roscoe Garratt (Arborinus) [TRAITOR] from 
[03:35:27] ADMIN: Roscoe Garratt (Arborinus) [TRAITOR] has toggled their nodamage to On
[03:35:48] ADMIN: Roscoe Garratt (Arborinus) [TRAITOR] created a /obj/vehicle/tram
[03:36:42] SAY: Shitty Bill (NPC) : Got a light, buddy?
[03:36:52] SAY: Shitty Bill (NPC) : Hey brud, gimme yer hugs.


Starting up. 14:55.36
---------------------

[14:55:40] ADMIN: Loading jobban_rank
[14:55:40] ADMIN: Jobban_keylist was empty
[14:55:40] ADMIN: Updating jobbanfile!
[14:55:40] ADMIN: Loading oocban_rank
[14:55:40] ADMIN: oocban_keylist was empty
[14:55:40] ADMIN: Updating jobbanfile!
ADMIN: arborinus = Host


Starting up. 14:57.31
---------------------

[14:57:36] ADMIN: Loading jobban_rank
[14:57:36] ADMIN: Jobban_keylist was empty
[14:57:36] ADMIN: Updating jobbanfile!
[14:57:36] ADMIN: Loading oocban_rank
[14:57:36] ADMIN: oocban_keylist was empty
[14:57:36] ADMIN: Updating jobbanfile!
ADMIN: arborinus = Host
[14:57:46] ACCESS: Login: Arborinus from 
[14:58:00] ADMIN: Arborinus [DEAD] has started the game.
[14:58:01] ACCESS: Login: Nehemiah Kemerer (Arborinus) [TRAITOR] from 
[14:58:05] ADMIN: Nehemiah Kemerer (Arborinus) [TRAITOR] has toggled their nodamage to On
[14:58:23] ADMIN: Nehemiah Kemerer (Arborinus) [TRAITOR] created a /obj/vehicle/tram
[14:58:28] SAY: Shitty Bill (NPC) : I ever tell you 'bout that weird copper fella who just looks at the sun all day?
[14:58:40] SAY: Father Jack (NPC) : GIRLS!


Starting up. 15:09.19
---------------------

[15:09:23] ADMIN: Loading jobban_rank
[15:09:23] ADMIN: Jobban_keylist was empty
[15:09:23] ADMIN: Updating jobbanfile!
[15:09:23] ADMIN: Loading oocban_rank
[15:09:23] ADMIN: oocban_keylist was empty
[15:09:23] ADMIN: Updating jobbanfile!
ADMIN: arborinus = Host
[15:09:34] ACCESS: Login: Arborinus from 
[15:10:16] ADMIN: Arborinus [DEAD] has started the game.
[15:10:17] ACCESS: Login: Orlando Isaman (Arborinus) [TRAITOR] from 
[15:10:22] ADMIN: Orlando Isaman (Arborinus) [TRAITOR] has toggled their nodamage to On


Starting up. 15:27.09
---------------------

[15:27:13] ADMIN: Loading jobban_rank
[15:27:13] ADMIN: Jobban_keylist was empty
[15:27:13] ADMIN: Updating jobbanfile!
[15:27:13] ADMIN: Loading oocban_rank
[15:27:13] ADMIN: oocban_keylist was empty
[15:27:13] ADMIN: Updating jobbanfile!
ADMIN: arborinus = Host
[15:27:24] ACCESS: Login: Arborinus from 
[15:28:27] ADMIN: Arborinus [DEAD] has started the game.
[15:28:28] ACCESS: Login: Milton Brandenburg (Arborinus) [TRAITOR] from 
[15:28:33] ADMIN: Milton Brandenburg (Arborinus) [TRAITOR] has toggled their nodamage to On


Starting up. 15:38.18
---------------------

[15:38:23] ADMIN: Loading jobban_rank
[15:38:23] ADMIN: Jobban_keylist was empty
[15:38:23] ADMIN: Updating jobbanfile!
[15:38:23] ADMIN: Loading oocban_rank
[15:38:23] ADMIN: oocban_keylist was empty
[15:38:23] ADMIN: Updating jobbanfile!
ADMIN: arborinus = Host
[15:38:34] ACCESS: Login: Arborinus from 
[15:38:52] ADMIN: Arborinus [DEAD] has started the game.
[15:38:52] ACCESS: Login: Hayden Rifler (Arborinus) [TRAITOR] from 
[15:39:08] ADMIN: Hayden Rifler (Arborinus) [TRAITOR] has toggled their nodamage to On


Starting up. 15:52.46
---------------------

[15:52:51] ADMIN: Loading jobban_rank
[15:52:51] ADMIN: Jobban_keylist was empty
[15:52:51] ADMIN: Updating jobbanfile!
[15:52:51] ADMIN: Loading oocban_rank
[15:52:51] ADMIN: oocban_keylist was empty
[15:52:51] ADMIN: Updating jobbanfile!
ADMIN: arborinus = Host
[15:53:02] ACCESS: Login: Arborinus from 
[15:53:16] ADMIN: Arborinus [DEAD] has started the game.
[15:53:17] ACCESS: Login: Carl Turnbuckle (Arborinus) [TRAITOR] from 
[15:53:21] ADMIN: Carl Turnbuckle (Arborinus) [TRAITOR] has toggled their nodamage to On
[15:53:27] SAY: Shitty Bill (NPC) : You fly?
[15:53:33] SAY: Shitty Bill (NPC) : Hey buddy, gimme yer cats.
[15:54:01] SAY: Shitty Bill (NPC) : You a miner?
[15:55:14] SAY: Shitty Bill (NPC) : You a cop?


Starting up. 16:05.43
---------------------

[16:05:48] ADMIN: Loading jobban_rank
[16:05:48] ADMIN: Jobban_keylist was empty
[16:05:48] ADMIN: Updating jobbanfile!
[16:05:48] ADMIN: Loading oocban_rank
[16:05:48] ADMIN: oocban_keylist was empty
[16:05:48] ADMIN: Updating jobbanfile!
ADMIN: arborinus = Host
[16:05:58] ACCESS: Login: Arborinus from 
[16:06:12] ADMIN: Arborinus [DEAD] has started the game.
[16:06:12] ACCESS: Login: Cody Osterweis (Arborinus) [TRAITOR] from 
[16:06:17] ADMIN: Cody Osterweis (Arborinus) [TRAITOR] has toggled their nodamage to On
[16:06:30] SAY: Father Jack (NPC) : DRINK!
[16:06:51] SAY: Shitty Bill (NPC) : I think my pals are running late.


Starting up. 16:11.59
---------------------

[16:12:03] ADMIN: Loading jobban_rank
[16:12:03] ADMIN: Jobban_keylist was empty
[16:12:03] ADMIN: Updating jobbanfile!
[16:12:03] ADMIN: Loading oocban_rank
[16:12:03] ADMIN: oocban_keylist was empty
[16:12:03] ADMIN: Updating jobbanfile!
ADMIN: arborinus = Host
[16:12:14] ACCESS: Login: Arborinus from 
[16:12:28] ADMIN: Arborinus [DEAD] has started the game.
[16:12:29] ACCESS: Login: Jaxon Marriman (Arborinus) [TRAITOR] from 
[16:12:34] ADMIN: Jaxon Marriman (Arborinus) [TRAITOR] has toggled their nodamage to On
[16:12:45] SAY: Shitty Bill (NPC) : You ride?
[16:13:09] SAY: Shitty Bill (NPC) : I think my associates sent you.
[16:15:21] SAY: Shitty Bill (NPC) : Whatcha you lookin' at, flyboy?


Starting up. 16:34.40
---------------------

[16:34:44] ADMIN: Loading jobban_rank
[16:34:44] ADMIN: Jobban_keylist was empty
[16:34:44] ADMIN: Updating jobbanfile!
[16:34:44] ADMIN: Loading oocban_rank
[16:34:44] ADMIN: oocban_keylist was empty
[16:34:44] ADMIN: Updating jobbanfile!
ADMIN: arborinus = Host
[16:34:55] ACCESS: Login: Arborinus from 
[16:35:10] ADMIN: Arborinus [DEAD] has started the game.
[16:35:11] ACCESS: Login: Hartley Flickinger (Arborinus) [TRAITOR] from 
[16:35:16] ADMIN: Hartley Flickinger (Arborinus) [TRAITOR] has toggled their nodamage to On
[16:35:38] SAY: Shitty Bill (NPC) : I ever tell you 'bout that time I was a werewolf?
[16:35:38] SAY: Father Jack (NPC) : ARSE!
[16:36:51] SAY: Shitty Bill (NPC) : You dance?


Starting up. 16:42.17
---------------------

[16:42:21] ADMIN: Loading jobban_rank
[16:42:21] ADMIN: Jobban_keylist was empty
[16:42:21] ADMIN: Updating jobbanfile!
[16:42:21] ADMIN: Loading oocban_rank
[16:42:21] ADMIN: oocban_keylist was empty
[16:42:21] ADMIN: Updating jobbanfile!
ADMIN: arborinus = Host
[16:42:41] ACCESS: Login: Arborinus from 
[16:42:49] ADMIN: Arborinus [DEAD] has started the game.
[16:42:50] ACCESS: Login: Linden Pinney (Arborinus) [TRAITOR] from 
[16:42:55] ADMIN: Linden Pinney (Arborinus) [TRAITOR] has toggled their nodamage to On
[16:43:31] SAY: Shitty Bill (NPC) : I think my crew sent you.
[16:44:20] ADMIN: Linden Pinney (Arborinus) [TRAITOR] created a /obj/vehicle/tram
[16:44:27] SAY: Shitty Bill (NPC) : I think my homies sent you.
[16:46:20] SAY: Shitty Bill (NPC) : I ever tell you 'bout what Nanotrasen really did in 2051?


Starting up. 16:54.57
---------------------

[16:55:02] ADMIN: Loading jobban_rank
[16:55:02] ADMIN: Jobban_keylist was empty
[16:55:02] ADMIN: Updating jobbanfile!
[16:55:02] ADMIN: Loading oocban_rank
[16:55:02] ADMIN: oocban_keylist was empty
[16:55:02] ADMIN: Updating jobbanfile!
ADMIN: arborinus = Host
[16:55:12] ACCESS: Login: Arborinus from 
[16:55:27] ADMIN: Arborinus [DEAD] has started the game.
[16:55:27] ACCESS: Login: Marcus Stough (Arborinus) [TRAITOR] from 
[16:55:29] SAY: Father Jack (NPC) : DRINK!
[16:55:32] ADMIN: Marcus Stough (Arborinus) [TRAITOR] has toggled their nodamage to On
[16:56:21] SAY: Shitty Bill (NPC) : Nice name, buddy.
[16:56:47] SAY: Shitty Bill (NPC) : Nice hogg, bucko.
[16:57:43] SAY: Father Jack (NPC) : FECK!
[16:57:53] ADMIN: Marcus Stough (Arborinus) [TRAITOR] created a /obj/vehicle/tram
[16:57:55] SAY: Shitty Bill (NPC) : Whoa, it's Donald "Don" Glabs.
[16:58:37] SAY: Shitty Bill (NPC) : Hey brud, gimme yer card.
[16:58:45] ADMIN: Marcus Stough (Arborinus) [TRAITOR] has toggled their nodamage to Off
[16:59:02] ADMIN: Marcus Stough (Arborinus) [TRAITOR] has toggled their nodamage to On
[16:59:23] ADMIN: Marcus Stough (Arborinus) [TRAITOR] created a /obj/tug_cart
[16:59:26] ADMIN: Marcus Stough (Arborinus) [TRAITOR] created a /obj/tug_cart
[17:00:23] SAY: Shitty Bill (NPC) : I ever tell you 'bout why you're really here?
[17:00:33] SAY: Shitty Bill (NPC) : You roll?
[17:00:37] SAY: Shitty Bill (NPC) : Got any burgle?


Starting up. 17:04.22
---------------------

[17:04:26] ADMIN: Loading jobban_rank
[17:04:26] ADMIN: Jobban_keylist was empty
[17:04:26] ADMIN: Updating jobbanfile!
[17:04:26] ADMIN: Loading oocban_rank
[17:04:26] ADMIN: oocban_keylist was empty
[17:04:26] ADMIN: Updating jobbanfile!
ADMIN: arborinus = Host
[17:04:36] ACCESS: Login: Arborinus from 
[17:04:52] ADMIN: Arborinus [DEAD] has started the game.
[17:04:52] ACCESS: Login: Baldric Osterweis (Arborinus) [TRAITOR] from 
[17:04:57] ADMIN: Baldric Osterweis (Arborinus) [TRAITOR] has toggled their nodamage to On
[17:05:52] ADMIN: Baldric Osterweis (Arborinus) [TRAITOR] created a /obj/vehicle/tram
[17:06:04] ADMIN: Baldric Osterweis (Arborinus) [TRAITOR] created a /obj/tug_cart
[17:06:18] ADMIN: Baldric Osterweis (Arborinus) [TRAITOR] created a /obj/storage/crate/rcd
[17:06:25] SAY: Shitty Bill (NPC) : Got a light, scrub?
[17:06:32] SAY: Father Jack (NPC) : FECK!
[17:06:35] SAY: Shitty Bill (NPC) : Got a light, clown?
[17:07:29] SAY: Shitty Bill (NPC) : Dag, it's Donald "Don" Glabs.
[17:07:43] SAY: Shitty Bill (NPC) : I ever tell you 'bout the time I found a crate fulla smokes?
[17:08:20] SAY: Shitty Bill (NPC) : I ever tell you 'bout the time I found a locker fulla booze?
[17:08:23] SAY: Shitty Bill (NPC) : Man, I sure miss my robuddies.


Starting up. 17:47.02
---------------------

[17:47:07] ADMIN: Loading jobban_rank
[17:47:07] ADMIN: Jobban_keylist was empty
[17:47:07] ADMIN: Updating jobbanfile!
[17:47:07] ADMIN: Loading oocban_rank
[17:47:07] ADMIN: oocban_keylist was empty
[17:47:07] ADMIN: Updating jobbanfile!
ADMIN: arborinus = Host
[17:47:17] ACCESS: Login: Arborinus from 
[17:47:50] ADMIN: Arborinus [DEAD] has started the game.
[17:47:50] ACCESS: Login: Buck Blowfist (Arborinus) [TRAITOR] from 
[17:47:57] SAY: Shitty Bill (NPC) : You a dracula?
[17:48:13] ADMIN: Buck Blowfist (Arborinus) [TRAITOR] has toggled their nodamage to On
[17:48:22] ADMIN: Buck Blowfist (Arborinus) [TRAITOR] jumped to Bar (<a href='?src=%admin_ref%;action=jumptocoords;target=75,114,1' title='Jump to Coords'>75,114,1</a>)
[17:48:38] ADMIN: Buck Blowfist (Arborinus) [TRAITOR] created a /obj/vehicle/tram
[17:48:50] SAY: Shitty Bill (NPC) : Got any kelo?
[17:49:03] ADMIN: Buck Blowfist (Arborinus) [TRAITOR] modified tram's tramspeed to 2
[17:49:19] SAY: Father Jack (NPC) : GIRLS!
[17:49:21] SAY: Shitty Bill (NPC) : You a narc?
[17:50:50] SAY: Shitty Bill (NPC) : Got any sweders?
[17:52:02] SAY: Shitty Bill (NPC) : Nice face, bro.
[17:52:16] SAY: Shitty Bill (NPC) : Hey dweeb, gimme yer jet.
[17:52:21] SAY: Shitty Bill (NPC) : Got any stylane?
[17:54:13] SAY: Shitty Bill (NPC) : How's it goin' Donald "Don" Glabs.
[17:54:44] SAY: Shitty Bill (NPC) : You a cop?
[17:54:49] SAY: Father Jack (NPC) : DRINK!
[17:54:54] SAY: Shitty Bill (NPC) : Hey brud, gimme yer smokes.
[17:55:03] SAY: Shitty Bill (NPC) : You wrassle?
[17:55:28] ADMIN: Buck Blowfist (Arborinus) [TRAITOR] created a /obj/item/crowbar
[17:55:55] SAY: Shitty Bill (NPC) : Yo, gimme yer jet.
[17:56:31] SAY: Shitty Bill (NPC) : I think my crew left me here.
[17:56:45] SAY: Shitty Bill (NPC) : Got a light, brud?
[17:57:04] SAY: Shitty Bill (NPC) : You drink?
[17:57:09] SAY: Shitty Bill (NPC) : You ride?
[17:57:11] SAY: Shitty Bill (NPC) : I think my homebros left without me.
[17:57:25] SAY: Shitty Bill (NPC) : Nice face, chief.


Starting up. 19:05.59
---------------------

[19:06:04] ADMIN: Loading jobban_rank
[19:06:04] ADMIN: Jobban_keylist was empty
[19:06:04] ADMIN: Updating jobbanfile!
[19:06:04] ADMIN: Loading oocban_rank
[19:06:04] ADMIN: oocban_keylist was empty
[19:06:04] ADMIN: Updating jobbanfile!
ADMIN: arborinus = Host
[19:06:14] ACCESS: Login: Arborinus from 
[19:06:30] ADMIN: Arborinus [DEAD] has started the game.
[19:06:30] ACCESS: Login: Taylor James (Arborinus) [TRAITOR] from 
[19:06:38] ADMIN: Taylor James (Arborinus) [TRAITOR] has toggled their nodamage to On
[19:07:09] ADMIN: Taylor James (Arborinus) [TRAITOR] created a /obj/vehicle/tram
[19:07:50] SAY: Shitty Bill (NPC) : I think my bros got lost on the way here.
[19:07:59] SAY: Shitty Bill (NPC) : Yo, gimme yer dosh.


Starting up. 23:24.55
---------------------

[23:25:00] ADMIN: Loading jobban_rank
[23:25:00] ADMIN: Jobban_keylist was empty
[23:25:00] ADMIN: Updating jobbanfile!
[23:25:00] ADMIN: Loading oocban_rank
[23:25:00] ADMIN: oocban_keylist was empty
[23:25:00] ADMIN: Updating jobbanfile!
ADMIN: arborinus = Host
[23:25:10] ACCESS: Login: Arborinus from 
[23:26:17] ADMIN: Arborinus [DEAD] has started the game.
[23:26:17] ACCESS: Login: Josh Campbell (Arborinus) [TRAITOR] from 
[23:26:23] ADMIN: Josh Campbell (Arborinus) [TRAITOR] has toggled their nodamage to On
[23:26:58] SAY: Father Jack (NPC) : GIRLS!
[23:27:06] SAY: Father Jack (NPC) : GIRLS!
[23:27:12] SAY: Shitty Bill (NPC) : Hey buddy, gimme yer patch.
[23:27:32] SAY: Shitty Bill (NPC) : I ever tell you 'bout that time I was a werewolf?
[23:28:31] SAY: Father Jack (NPC) : ARSE!
[23:28:45] SAY: Shitty Bill (NPC) : What the hell are you lookin' at, idiot?
[23:28:45] ADMIN: Josh Campbell (Arborinus) [TRAITOR] used secret 
[23:28:55] ADMIN: Josh Campbell (Arborinus) [TRAITOR] used secret 
[23:29:41] SAY: Father Jack (NPC) : GIRLS!
[23:29:45] ADMIN: Josh Campbell (Arborinus) [TRAITOR] Plain Messaged All: poo
[23:29:56] ADMIN: Josh Campbell (Arborinus) [TRAITOR] : poo

[23:30:05] ADMIN: Josh Campbell (Arborinus) [TRAITOR] created a /obj/vehicle/tram
[23:31:46] SAY: Shitty Bill (NPC) : Got a light, spaceman?
[23:32:00] SAY: Shitty Bill (NPC) : I think my homebros left me here.
[23:32:24] SAY: Shitty Bill (NPC) : I ever tell you 'bout my grampa?
[23:32:43] ADMIN: Josh Campbell (Arborinus) [TRAITOR] created a /obj/item/crowbar
[23:33:21] SAY: Shitty Bill (NPC) : How's it hangin' Father Jack.
[23:33:36] SAY: Father Jack (NPC) : GIRLS!
[23:33:45] SAY: Father Jack (NPC) : GIRLS!
[23:34:07] SAY: Shitty Bill (NPC) : I think my homebros stole my cat.
