

Starting up. 01:14.21
---------------------

[01:14:26] ADMIN: Loading jobban_rank
[01:14:26] ADMIN: Jobban_keylist was empty
[01:14:26] ADMIN: Updating jobbanfile!
[01:14:26] ADMIN: Loading oocban_rank
[01:14:26] ADMIN: oocban_keylist was empty
[01:14:26] ADMIN: Updating jobbanfile!
ADMIN: arborinus = Host
[01:14:36] ACCESS: Login: Arborinus from 
[01:14:55] ADMIN: Arborinus [DEAD] has started the game.
[01:14:56] ACCESS: Login: Kristopher Dawkins (Arborinus) [TRAITOR] from 
[01:15:05] ADMIN: Kristopher Dawkins (Arborinus) [TRAITOR] has toggled their nodamage to On
[01:15:31] SAY: Father Jack (NPC) : ARSE!
[01:15:42] SAY: Shitty Bill (NPC) : You rap?
[01:15:50] SAY: Father Jack (NPC) : GIRLS!
[01:16:11] SAY: Shitty Bill (NPC) : You a Russian?
[01:16:39] ADMIN: Kristopher Dawkins (Arborinus) [TRAITOR] created a /obj/tug_cart/tram
[01:16:43] ADMIN: Kristopher Dawkins (Arborinus) [TRAITOR] created a /obj/tug_cart/tram
[01:16:53] SAY: Shitty Bill (NPC) : Whatcha you lookin' at, flyboy?


Starting up. 17:45.15
---------------------

[17:45:20] ADMIN: Loading jobban_rank
[17:45:20] ADMIN: Jobban_keylist was empty
[17:45:20] ADMIN: Updating jobbanfile!
[17:45:20] ADMIN: Loading oocban_rank
[17:45:20] ADMIN: oocban_keylist was empty
[17:45:20] ADMIN: Updating jobbanfile!
ADMIN: arborinus = Host
[17:45:31] ACCESS: Login: Arborinus from 
[17:46:21] ADMIN: Arborinus [DEAD] has started the game.
[17:46:21] ACCESS: Login: Beau Buttsteak (Arborinus) [TRAITOR] from 
[17:46:27] ADMIN: Beau Buttsteak (Arborinus) [TRAITOR] has toggled their nodamage to On
[17:46:31] SAY: Shitty Bill (NPC) : I ever tell you 'bout the time I caught gibbis?
[17:46:40] SAY: Shitty Bill (NPC) : How's it goin' Donald "Don" Glabs.
[17:46:49] ADMIN: Beau Buttsteak (Arborinus) [TRAITOR] created a /obj/vehicle/tram
[17:46:52] ADMIN: Beau Buttsteak (Arborinus) [TRAITOR] created a /obj/tug_cart/tram
[17:47:31] SAY: Shitty Bill (NPC) : Got any smuds?
[17:48:11] SAY: Shitty Bill (NPC) : I ever tell you 'bout that time I got high with some ghosts?
[17:48:53] SAY: Father Jack (NPC) : ARSE!
[17:49:03] ADMIN: Beau Buttsteak (Arborinus) [TRAITOR] created a /obj/vehicle/tram
[17:49:12] SAY: Shitty Bill (NPC) : I think my buds left me here.
[17:49:28] SAY: Shitty Bill (NPC) : Man, I sure miss my shovel.
[17:50:06] ADMIN: Beau Buttsteak (Arborinus) [TRAITOR] created a /turf/simulated/floor/railway
[17:50:07] ADMIN: Beau Buttsteak (Arborinus) [TRAITOR] created a /turf/simulated/floor/railway
[17:50:09] ADMIN: Beau Buttsteak (Arborinus) [TRAITOR] created a /turf/simulated/floor/railway
[17:50:10] ADMIN: Beau Buttsteak (Arborinus) [TRAITOR] created a /turf/simulated/floor/railway
[17:50:10] SAY: Shitty Bill (NPC) : Got a light, bucko?
[17:50:13] SAY: Father Jack (NPC) : ARSE!
[17:50:55] SAY: Father Jack (NPC) : GIRLS!
[17:51:02] SAY: Shitty Bill (NPC) : Man, I sure don't miss bein' an atmos tech.
[17:51:15] SAY: Shitty Bill (NPC) : Whoa, it's Father Jack.
[17:51:32] SAY: Father Jack (NPC) : ARSE!
[17:51:34] SAY: Shitty Bill (NPC) : You grustle?
[17:51:51] SAY: Father Jack (NPC) : DRINK!
[17:51:53] SAY: Father Jack (NPC) : That would be an ecumenical matter.


Starting up. 22:41.16
---------------------

[22:41:20] ADMIN: Loading jobban_rank
[22:41:20] ADMIN: Jobban_keylist was empty
[22:41:20] ADMIN: Updating jobbanfile!
[22:41:20] ADMIN: Loading oocban_rank
[22:41:20] ADMIN: oocban_keylist was empty
[22:41:20] ADMIN: Updating jobbanfile!
ADMIN: arborinus = Host
[22:41:32] ACCESS: Login: Arborinus from 
[22:42:47] ADMIN: Arborinus [DEAD] has started the game.
[22:42:47] ACCESS: Login: Monty Hirleman (Arborinus) [TRAITOR] from 
[22:42:52] ADMIN: Monty Hirleman (Arborinus) [TRAITOR] has toggled their nodamage to On
[22:43:09] ADMIN: Monty Hirleman (Arborinus) [TRAITOR] created a /obj/vehicle/tram
[22:43:57] SAY: Shitty Bill (NPC) : Man, I sure don't miss Luna.
[22:44:06] SAY: Shitty Bill (NPC) : You a wizman?
[22:44:18] SAY: Shitty Bill (NPC) : I think my buds left without me.
[22:45:12] SAY: Shitty Bill (NPC) : Got a light, dude?
[22:45:35] SAY: Shitty Bill (NPC) : Man, I sure don't miss my kids.
[22:45:40] SAY: Shitty Bill (NPC) : Hey buddy, gimme yer cats.
[22:46:45] ADMIN: Monty Hirleman (Arborinus) [TRAITOR] created a /obj/item/storage/toolbox/mechanical
[22:47:06] SAY: Father Jack (NPC) : GIRLS!
[22:47:15] ADMIN: Monty Hirleman (Arborinus) [TRAITOR] jumped to 72, 121, 1 in Bar
[22:47:20] ADMIN: Monty Hirleman (Arborinus) [TRAITOR] jumped to 70, 126, 1 in Space
[22:47:38] SAY: Shitty Bill (NPC) : You a miner?
[22:47:55] SAY: Shitty Bill (NPC) : Got a light, dork?
[22:48:56] SAY: Shitty Bill (NPC) : Got any Cosmos?
[22:49:05] SAY: Father Jack (NPC) : DRINK!
[22:49:08] SAY: Shitty Bill (NPC) : You a dracula?
[22:49:24] SAY: Shitty Bill (NPC) : You smoke?
[22:49:42] SAY: Shitty Bill (NPC) : You fly?
[22:49:58] SAY: Father Jack (NPC) : DRINK!
[22:50:00] ADMIN: Monty Hirleman (Arborinus) [TRAITOR] jumped to 178, 103, 1 in Space
[22:50:28] ADMIN: Monty Hirleman (Arborinus) [TRAITOR] created a /obj/machinery/vehicle/miniputt/soviputt
[22:51:13] SAY: Shitty Bill (NPC) : I think my buds stole my key.
[22:51:21] ADMIN: Monty Hirleman (Arborinus) [TRAITOR] deleted the blast door at (<a href='?src=%admin_ref%;action=jumptocoords;target=111,83,1' title='Jump to Coords'>111,83,1</a>)
[22:51:25] ADMIN: Monty Hirleman (Arborinus) [TRAITOR] deleted the blast door at (<a href='?src=%admin_ref%;action=jumptocoords;target=109,83,1' title='Jump to Coords'>109,83,1</a>)
