

Starting up. 01:40.54
---------------------

[01:40:58] ADMIN: Loading jobban_rank
[01:40:58] ADMIN: Jobban_keylist was empty
[01:40:58] ADMIN: Updating jobbanfile!
[01:40:58] ADMIN: Loading oocban_rank
[01:40:58] ADMIN: oocban_keylist was empty
[01:40:58] ADMIN: Updating jobbanfile!
ADMIN: arborinus = Host
[01:41:10] ACCESS: Login: Arborinus from 
[01:41:26] ADMIN: Arborinus [DEAD] has started the game.
[01:41:27] ACCESS: Login: Eliott Schaeffer (Arborinus) [TRAITOR] from 
[01:43:53] ADMIN: Eliott Schaeffer (Arborinus) [TRAITOR] has toggled their nodamage to On
[01:44:00] ADMIN: Eliott Schaeffer (Arborinus) [TRAITOR] created a /obj/vehicle/tram
[01:44:13] ADMIN: Eliott Schaeffer (Arborinus) [TRAITOR] has toggled their nodamage to Off
[01:44:33] ADMIN: Eliott Schaeffer (Arborinus) [TRAITOR] has toggled their nodamage to On
[01:45:09] ADMIN: Eliott Schaeffer (Arborinus) [TRAITOR] created a /turf/simulated/floor/railway
[01:45:16] SAY: Shitty Bill (NPC) : You roll?
[01:45:19] SAY: Shitty Bill (NPC) : 'Ey, it's Father Jack.
[01:45:47] SAY: Shitty Bill (NPC) : Oh hell, it's Father Jack.
[01:47:19] SAY: Shitty Bill (NPC) : You dance?
[01:49:03] SAY: Father Jack (NPC) : That would be an ecumenical matter.
[01:49:05] SAY: Shitty Bill (NPC) : You a miner?
[01:50:25] SAY: Shitty Bill (NPC) : Nice hair, clown.
[01:50:31] SAY: Shitty Bill (NPC) : Got any smuds?
[01:50:33] SAY: Shitty Bill (NPC) : Nice burner, owl man.
[01:50:43] SAY: Shitty Bill (NPC) : I think my homebros forgot about me.
[01:51:19] SAY: Shitty Bill (NPC) : You a dracula?
[01:51:21] ADMIN: Eliott Schaeffer (Arborinus) [TRAITOR] created a /obj/item/pipebomb/bomb/syndicate
[01:51:36] ADMIN: Eliott Schaeffer (Arborinus) [TRAITOR] created a /obj/item/pipebomb/bomb/syndicate
[01:51:50] ADMIN: Eliott Schaeffer (Arborinus) [TRAITOR] created a /obj/item/pipebomb/bomb/syndicate


Starting up. 20:04.52
---------------------

[20:04:57] ADMIN: Loading jobban_rank
[20:04:57] ADMIN: Jobban_keylist was empty
[20:04:57] ADMIN: Updating jobbanfile!
[20:04:57] ADMIN: Loading oocban_rank
[20:04:57] ADMIN: oocban_keylist was empty
[20:04:57] ADMIN: Updating jobbanfile!
ADMIN: arborinus = Host
[20:05:09] ACCESS: Login: Arborinus from 
[20:05:37] ADMIN: Arborinus [DEAD] has started the game.
[20:05:38] ACCESS: Login: Pedro Stainforth (Arborinus) [TRAITOR] from 
[20:05:40] SAY: Shitty Bill (NPC) : I ever tell you 'bout the time I sold crank to that jellyfish dude?
[20:05:46] ADMIN: Pedro Stainforth (Arborinus) [TRAITOR] has toggled their nodamage to On
[20:06:06] SAY: Shitty Bill (NPC) : Got any taters?
[20:06:18] SAY: Father Jack (NPC) : ARSE!
[20:07:15] SAY: Shitty Bill (NPC) : I think my crew got caught.
[20:07:34] SAY: Shitty Bill (NPC) : Man, I sure miss Mars.
[20:07:38] SAY: Shitty Bill (NPC) : I ever tell you 'bout what's really going on out here?
[20:08:45] SAY: Shitty Bill (NPC) : I think my associates left me here.
[20:09:15] SAY: Shitty Bill (NPC) : Nice burner, bro.
[20:09:25] ADMIN: Pedro Stainforth (Arborinus) [TRAITOR] created a /obj/artifact/bomb
[20:09:27] SAY: Shitty Bill (NPC) : Hey brud, gimme yer card.
[20:10:28] SAY: Father Jack (NPC) : GIRLS!
[20:10:38] ADMIN: Pedro Stainforth (Arborinus) [TRAITOR] deleted the unwieldy machinery at (<a href='?src=%admin_ref%;action=jumptocoords;target=270,195,1' title='Jump to Coords'>270,195,1</a>)
[20:10:42] ADMIN: Pedro Stainforth (Arborinus) [TRAITOR] created a /obj/artifact/bomb
[20:10:42] SAY: Shitty Bill (NPC) : Got a light, clown?
[20:10:58] SAY: Shitty Bill (NPC) : Dag, it's Donald "Don" Glabs.
[20:11:14] SAY: Shitty Bill (NPC) : Got any crank?
[20:11:35] SAY: Father Jack (NPC) : GIRLS!
[20:11:41] ADMIN: Pedro Stainforth (Arborinus) [TRAITOR] created a /obj/item/reagent_containers/glass/beaker/large
[20:11:53] ADMIN: Pedro Stainforth (Arborinus) [TRAITOR] added 100 units of george_melonium to the large beaker at (<a href='?src=%admin_ref%;action=jumptocoords;target=270,195,1' title='Jump to Coords'>270,195,1</a> in Space).
[20:12:48] SAY: Shitty Bill (NPC) : Oh Christ, it's Father Jack.
[20:14:12] ADMIN: Pedro Stainforth (Arborinus) [TRAITOR] toggled Night Mode on
[20:14:21] ADMIN: Pedro Stainforth (Arborinus) [TRAITOR] toggled Farting off.


Starting up. 20:16.40
---------------------

[20:16:45] ADMIN: Loading jobban_rank
[20:16:45] ADMIN: Jobban_keylist was empty
[20:16:45] ADMIN: Updating jobbanfile!
[20:16:45] ADMIN: Loading oocban_rank
[20:16:45] ADMIN: oocban_keylist was empty
[20:16:45] ADMIN: Updating jobbanfile!
ADMIN: arborinus = Host
[20:16:57] ACCESS: Login: Arborinus from 
[20:17:11] ADMIN: Arborinus [DEAD] has started the game.
[20:17:12] ACCESS: Login: Scotty Dugmore (Arborinus) [TRAITOR] from 
[20:17:17] ADMIN: Scotty Dugmore (Arborinus) [TRAITOR] has toggled their nodamage to On
[20:17:26] SAY: Father Jack (NPC) : GIRLS!
[20:17:35] SAY: Father Jack (NPC) : ARSE!
[20:17:52] SAY: Shitty Bill (NPC) : Got any Synapse?
[20:18:01] ADMIN: Scotty Dugmore (Arborinus) [TRAITOR] created a /obj/artifact/bomb
[20:18:08] ADMIN: Scotty Dugmore (Arborinus) [TRAITOR] created a /obj/item/reagent_containers/glass/large
[20:18:22] ADMIN: Scotty Dugmore (Arborinus) [TRAITOR] added 100 units of george_melonium to the large reagent glass at (<a href='?src=%admin_ref%;action=jumptocoords;target=270,194,1' title='Jump to Coords'>270,194,1</a> in Space).
[20:18:23] SAY: Shitty Bill (NPC) : I think my buds left without me.
[20:18:40] SAY: Shitty Bill (NPC) : I ever tell you 'bout that weird copper fella who just looks at the sun all day?
[20:18:51] SAY: Shitty Bill (NPC) : You a Russian?
[20:18:59] ADMIN: Scotty Dugmore (Arborinus) [TRAITOR] created a /obj/item/reagent_containers/glass/beaker/large
[20:19:07] ADMIN: Scotty Dugmore (Arborinus) [TRAITOR] added 100 units of george_melonium to the large beaker at (<a href='?src=%admin_ref%;action=jumptocoords;target=271,194,1' title='Jump to Coords'>271,194,1</a> in Space).
[20:19:32] ADMIN: Scotty Dugmore (Arborinus) [TRAITOR] added 10000 units of george_melonium to the large beaker at (<a href='?src=%admin_ref%;action=jumptocoords;target=271,194,1' title='Jump to Coords'>271,194,1</a> in Space).
[20:20:36] SAY: Shitty Bill (NPC) : You ride?
[20:21:11] ADMIN: Scotty Dugmore (Arborinus) [TRAITOR] created a /obj/effects/explosion
[20:21:12] SAY: Shitty Bill (NPC) : Yo, gimme yer hugs.
[20:21:13] ADMIN: Scotty Dugmore (Arborinus) [TRAITOR] created a /obj/effects/explosion/dangerous
[20:21:16] SAY: Shitty Bill (NPC) : You dance?
[20:21:37] ADMIN: Scotty Dugmore (Arborinus) [TRAITOR] deleted Toxin Storage at (<a href='?src=%admin_ref%;action=jumptocoords;target=234,189,1' title='Jump to Coords'>234,189,1</a>)
[20:21:37] SAY: Shitty Bill (NPC) : Yo, gimme yer smokes.
[20:22:28] ADMIN: Scotty Dugmore (Arborinus) [TRAITOR] jumped to <a href='?src=%admin_ref%;action=jumptocoords;target=270,195,1' title='Jump to Coords'>270,195,1</a> in Space
[20:22:35] SAY: Father Jack (NPC) : That would be an ecumenical matter.
[20:24:46] SAY: Shitty Bill (NPC) : What the hell are you lookin' at, bro?
[20:25:47] SAY: Shitty Bill (NPC) : You a robot?
[20:25:59] SAY: Shitty Bill (NPC) : Got any Cosmos?
[20:26:36] SAY: Shitty Bill (NPC) : I think my bros stole my cat.
[20:27:12] SAY: Shitty Bill (NPC) : Hey, gimme yer jet.


Starting up. 21:21.31
---------------------

[21:21:35] ADMIN: Loading jobban_rank
[21:21:35] ADMIN: Jobban_keylist was empty
[21:21:35] ADMIN: Updating jobbanfile!
[21:21:35] ADMIN: Loading oocban_rank
[21:21:35] ADMIN: oocban_keylist was empty
[21:21:35] ADMIN: Updating jobbanfile!
ADMIN: arborinus = Host
[21:21:46] ACCESS: Login: Arborinus from 
[21:23:48] ADMIN: Arborinus [DEAD] has started the game.
[21:23:48] ACCESS: Login: Keegan Shafer (Arborinus) [TRAITOR] from 
[21:23:53] ADMIN: Keegan Shafer (Arborinus) [TRAITOR] has toggled their nodamage to On
[21:24:33] ADMIN: Keegan Shafer (Arborinus) [TRAITOR] created a /obj/vehicle/tram
[21:26:28] SAY: Shitty Bill (NPC) : I think my homies got lost on the way here.
[21:26:33] SAY: Shitty Bill (NPC) : Got any nog?
[21:26:35] SAY: Shitty Bill (NPC) : I ever tell you 'bout my secret base?
[21:27:35] SAY: Shitty Bill (NPC) : You a miner?
[21:27:49] SAY: Shitty Bill (NPC) : Got a light, buddy?
[21:28:31] SAY: Shitty Bill (NPC) : Hey, gimme yer cash.
[21:28:54] SAY: Shitty Bill (NPC) : You a robot?
[21:30:00] SAY: Shitty Bill (NPC) : Got a light, buddy?
[21:30:32] SAY: Father Jack (NPC) : DRINK!
[21:30:47] SAY: Father Jack (NPC) : FECK!
