

Starting up. 16:41.32
---------------------

[16:41:36] ADMIN: Loading jobban_rank
[16:41:36] ADMIN: Jobban_keylist was empty
[16:41:36] ADMIN: Updating jobbanfile!
[16:41:36] ADMIN: Loading oocban_rank
[16:41:36] ADMIN: oocban_keylist was empty
[16:41:36] ADMIN: Updating jobbanfile!
ADMIN: arborinus = Host
[16:41:47] ACCESS: Login: Arborinus from 
[16:42:03] ADMIN: Arborinus [DEAD] has started the game.
[16:42:03] ACCESS: Login: Calvin Ward (Arborinus) [TRAITOR] from 
[16:42:41] SAY: Father Jack (NPC) : FECK!
[16:42:43] SAY: Shitty Bill (NPC) : Man, I sure don't miss nerds bragging about their stations.
[16:43:13] SAY: Shitty Bill (NPC) : You jam?
[16:44:04] SAY: Shitty Bill (NPC) : I ever tell you 'bout what's really out there?
[16:44:08] SAY: Father Jack (NPC) : FECK!
[16:45:07] SAY: Shitty Bill (NPC) : I think my associates got lost on the way here.
[16:46:20] SAY: Father Jack (NPC) : DRINK!
[16:46:22] SAY: Shitty Bill (NPC) : Man, I sure don't miss Sol.
[16:46:29] SAY: Shitty Bill (NPC) : Got any Synapse?
[16:48:30] SAY: Shitty Bill (NPC) : I think my homies got eaten.
[16:49:26] SAY: Shitty Bill (NPC) : I ever tell you 'bout that time I got lost in a station made of meat?
[16:50:29] SAY: Shitty Bill (NPC) : Whatcha you lookin' at, weirdo?
[16:51:20] SAY: Father Jack (NPC) : ARSE!
[16:51:29] SAY: Shitty Bill (NPC) : Got any plazzers?
[16:51:43] SAY: Father Jack (NPC) : FECK!
[16:51:57] SAY: Shitty Bill (NPC) : I ever tell you 'bout the time I found that creepy cave?
[16:52:08] ADMIN: Calvin Ward (Arborinus) [TRAITOR] jumped to 133, 212, 1 in Space
[16:52:30] SAY: Father Jack (NPC) : GIRLS!
[16:52:32] SAY: Shitty Bill (NPC) : I think my pals left without me.
[16:53:00] SAY: Shitty Bill (NPC) : Whatcha you lookin' at, flyboy?
[16:53:03] SAY: Shitty Bill (NPC) : Man, I sure don't miss that big meaty dude.
[16:54:54] SAY: Shitty Bill (NPC) : You jet?
[16:55:04] SAY: Father Jack (NPC) : DRINK!
[16:56:39] SAY: Shitty Bill (NPC) : Got any alky?
[16:56:46] SAY: Shitty Bill (NPC) : Nice threads, bro.
[16:57:04] SAY: Shitty Bill (NPC) : You a narc?
[16:58:09] SAY: Shitty Bill (NPC) : I ever tell you 'bout who really shot the clown?
[16:58:30] SAY: Father Jack (NPC) : That would be an ecumenical matter.
[16:59:04] SAY: Shitty Bill (NPC) : You rap?
[16:59:11] SAY: Shitty Bill (NPC) : What you lookin' at, spaceman?
[16:59:42] SAY: Shitty Bill (NPC) : How's it goin' Donald "Don" Glabs.
[17:00:56] SAY: Father Jack (NPC) : FECK!
[17:01:30] SAY: Shitty Bill (NPC) : Got a light, spaceman?
[17:03:35] SAY: Shitty Bill (NPC) : Hey brud, gimme yer jet.
[17:04:04] SAY: Shitty Bill (NPC) : I ever tell you 'bout the time I got high with a bee?
[17:05:30] SAY: Shitty Bill (NPC) : Got any smokes?
[17:06:02] SAY: Shitty Bill (NPC) : Hey Donald "Don" Glabs.
[17:07:27] SAY: Shitty Bill (NPC) : I ever tell you 'bout the time I found a planet fulla corgis?
[17:08:10] SAY: Shitty Bill (NPC) : Hello Donald "Don" Glabs.
[17:09:21] ADMIN: Calvin Ward (Arborinus) [TRAITOR] has toggled their nodamage to On
[17:09:32] SAY: Shitty Bill (NPC) : I ever tell you 'bout the time I helped some weird dudes build some little beepin' robots?
[17:09:48] SAY: Shitty Bill (NPC) : I ever tell you 'bout my secret base?


Starting up. 20:41.54
---------------------

[20:41:58] ADMIN: Loading jobban_rank
[20:41:58] ADMIN: Jobban_keylist was empty
[20:41:58] ADMIN: Updating jobbanfile!
[20:41:58] ADMIN: Loading oocban_rank
[20:41:58] ADMIN: oocban_keylist was empty
[20:41:58] ADMIN: Updating jobbanfile!
ADMIN: arborinus = Host
[20:42:09] ACCESS: Login: Arborinus from 
[20:42:24] ADMIN: Arborinus [DEAD] has started the game.
[20:42:25] ACCESS: Login: Noah Blyant (Arborinus) [TRAITOR] from 
[20:42:33] ADMIN: Noah Blyant (Arborinus) [TRAITOR] has toggled their nodamage to On
[20:42:38] ADMIN: Noah Blyant (Arborinus) [TRAITOR] jumped to Musty Tunnels (<a href='?src=%admin_ref%;action=jumptocoords;target=199,167,1' title='Jump to Coords'>199,167,1</a>)
[20:42:53] SAY: Shitty Bill (NPC) : Got a light, brud?
[20:44:07] SAY: Shitty Bill (NPC) : You grustle?
[20:44:10] SAY: Shitty Bill (NPC) : The hell're you lookin' at, buddy?
[20:44:51] SAY: Father Jack (NPC) : That would be an ecumenical matter.
[20:45:53] SAY: Shitty Bill (NPC) : You a wizman?
[20:46:43] SAY: Shitty Bill (NPC) : Whatcha you lookin' at, wirehead?
[20:46:59] SAY: Shitty Bill (NPC) : I ever tell you 'bout that weird copper fella who just looks at the sun all day?
[20:47:02] SAY: Shitty Bill (NPC) : I ever tell you 'bout that weird copper fella who just looks at the sun all day?
[20:47:56] ADMIN: Noah Blyant (Arborinus) [TRAITOR] jumped to Bar (<a href='?src=%admin_ref%;action=jumptocoords;target=73,103,1' title='Jump to Coords'>73,103,1</a>)
[20:48:30] SAY: Shitty Bill (NPC) : What you lookin' at, dork?
[20:48:39] SAY: Shitty Bill (NPC) : Got any 'ritos?
[20:49:19] SAY: Shitty Bill (NPC) : Oh hell, it's Father Jack.
[20:49:31] SAY: Shitty Bill (NPC) : I ever tell you 'bout the time I huffed a whole canister fulla laughing gas?
[20:50:25] SAY: Shitty Bill (NPC) : You sting?
[20:50:27] SAY: Shitty Bill (NPC) : I ever tell you 'bout the time I got high with a bee?
[20:51:05] SAY: Shitty Bill (NPC) : You a narc?
[20:51:42] SAY: Father Jack (NPC) : DRINK!
[20:51:52] SAY: Shitty Bill (NPC) : I think my homies left without me.
[20:51:59] SAY: Shitty Bill (NPC) : Man, I sure don't miss bein' a chemist.
[20:52:15] SAY: Shitty Bill (NPC) : You a changer?
[20:53:07] SAY: Shitty Bill (NPC) : You a narc?
[20:53:16] SAY: Shitty Bill (NPC) : Man, I sure miss my robuddies.
[20:53:40] SAY: Shitty Bill (NPC) : Hey, gimme yer smokes.
[20:54:25] SAY: Shitty Bill (NPC) : I think my crew stole my key.
[20:54:39] SAY: Shitty Bill (NPC) : I think my bros stole my key.


Starting up. 22:00.50
---------------------

[22:00:54] ADMIN: Loading jobban_rank
[22:00:54] ADMIN: Jobban_keylist was empty
[22:00:54] ADMIN: Updating jobbanfile!
[22:00:54] ADMIN: Loading oocban_rank
[22:00:54] ADMIN: oocban_keylist was empty
[22:00:54] ADMIN: Updating jobbanfile!
ADMIN: arborinus = Host
[22:01:06] ACCESS: Login: Arborinus from 
[22:01:25] ADMIN: Arborinus [DEAD] has started the game.
[22:01:26] ACCESS: Login: Jonathan Jyllian (Arborinus) [TRAITOR] from 
[22:01:30] SAY: Shitty Bill (NPC) : Hey chump, gimme yer cash.
[22:01:55] ADMIN: Jonathan Jyllian (Arborinus) [TRAITOR] has toggled their nodamage to On
[22:02:12] SAY: Shitty Bill (NPC) : Nice name, wirehead.
[22:02:47] ADMIN: Jonathan Jyllian (Arborinus) [TRAITOR] created an explosion (power 5, brisance 1) at (<a href='?src=%admin_ref%;action=jumptocoords;target=270,191,1' title='Jump to Coords'>270,191,1</a> in Space).
[22:03:01] ADMIN: Jonathan Jyllian (Arborinus) [TRAITOR] created an explosion (power 20, brisance 1) at (<a href='?src=%admin_ref%;action=jumptocoords;target=270,191,1' title='Jump to Coords'>270,191,1</a> in Space).
[22:03:14] ADMIN: Jonathan Jyllian (Arborinus) [TRAITOR] created an explosion (power 100, brisance 1) at (<a href='?src=%admin_ref%;action=jumptocoords;target=272,191,1' title='Jump to Coords'>272,191,1</a> in Space).
[22:03:22] SAY: Shitty Bill (NPC) : Got a light, bro?
[22:03:30] ADMIN: Jonathan Jyllian (Arborinus) [TRAITOR] created an explosion (power 300, brisance 1) at (<a href='?src=%admin_ref%;action=jumptocoords;target=269,194,1' title='Jump to Coords'>269,194,1</a> in Space).
[22:04:10] SAY: Shitty Bill (NPC) : Got a light, dude?
[22:04:15] SAY: Shitty Bill (NPC) : The hell you lookin' at, bucko?
[22:04:22] SAY: Shitty Bill (NPC) : Man, I sure don't miss Centcom.
[22:04:58] SAY: Shitty Bill (NPC) : I think my buds sent you.
[22:05:21] SAY: Shitty Bill (NPC) : I think my pals are running late.
[22:06:02] SAY: Shitty Bill (NPC) : Oh Christ, it's Donald "Don" Glabs.
[22:06:41] SAY: Shitty Bill (NPC) : Got a light, dork?
[22:07:05] SAY: Father Jack (NPC) : FECK!
[22:08:13] SAY: Shitty Bill (NPC) : Nice podd, spaceman.
[22:08:24] SAY: Shitty Bill (NPC) : Got a light, bud?
[22:08:49] SAY: Father Jack (NPC) : ARSE!
