

Starting up. 17:58.42
---------------------

[17:58:48] ADMIN: Loading jobban_rank
[17:58:48] ADMIN: Jobban_keylist was empty
[17:58:48] ADMIN: Updating jobbanfile!
[17:58:48] ADMIN: Loading oocban_rank
[17:58:48] ADMIN: oocban_keylist was empty
[17:58:48] ADMIN: Updating jobbanfile!
ADMIN: arborinus = Host
[17:59:38] ACCESS: Login: Arborinus from 
[17:59:52] ADMIN: Arborinus [DEAD] has started the game.
[17:59:52] ACCESS: Login: Albert Warren (Arborinus) [TRAITOR] from 
[17:59:57] ADMIN: Albert Warren (Arborinus) [TRAITOR] has toggled their nodamage to On
[18:00:08] SAY: Shitty Bill (NPC) : I think my bruds forgot about me.
[18:00:15] SAY: Shitty Bill (NPC) : Whoa, it's Donald "Don" Glabs.
[18:01:16] SAY: Shitty Bill (NPC) : You dance?


Starting up. 20:26.55
---------------------

[20:27:00] ADMIN: Loading jobban_rank
[20:27:00] ADMIN: Jobban_keylist was empty
[20:27:00] ADMIN: Updating jobbanfile!
[20:27:00] ADMIN: Loading oocban_rank
[20:27:00] ADMIN: oocban_keylist was empty
[20:27:00] ADMIN: Updating jobbanfile!
ADMIN: arborinus = Host
[20:27:11] ACCESS: Login: Arborinus from 
[20:27:28] ADMIN: Arborinus [DEAD] has started the game.
[20:27:29] ACCESS: Login: Alger Losey (Arborinus) [TRAITOR] from 
[20:27:34] ADMIN: Alger Losey (Arborinus) [TRAITOR] has toggled their nodamage to On
[20:27:45] ADMIN: Alger Losey (Arborinus) [TRAITOR] created a /obj/item/card/id/captains_spare
[20:27:53] SAY: Shitty Bill (NPC) : Howdy Donald "Don" Glabs.
[20:28:05] SAY: Shitty Bill (NPC) : Got a light, kid?
[20:28:50] ADMIN: Alger Losey (Arborinus) [TRAITOR] created a /obj/item/clothing/head/dramachefhat
[20:29:19] SAY: Father Jack (NPC) : ARSE!
[20:29:28] SAY: Shitty Bill (NPC) : Hey buddy, gimme yer hugs.
[20:30:04] SAY: Shitty Bill (NPC) : Got any beff?
[20:30:15] ADMIN: Alger Losey (Arborinus) [TRAITOR] created a /obj/item/clothing/suit/chef
[20:30:19] SAY: Shitty Bill (NPC) : Whoa, it's Donald "Don" Glabs.
[20:30:20] ADMIN: Alger Losey (Arborinus) [TRAITOR] created a /obj/item/clothing/shoes/chef
[20:30:31] SAY: Shitty Bill (NPC) : Dag, it's Donald "Don" Glabs.
[20:30:36] SAY: Shitty Bill (NPC) : I ever tell you 'bout that time I knocked out NanoTrasen's central network with a bunch of string?
[20:31:04] SAY: Shitty Bill (NPC) : Oh Christ, it's Donald "Don" Glabs.
[20:31:30] SAY: Father Jack (NPC) : FECK!
[20:31:51] SAY: Shitty Bill (NPC) : The hell're you lookin' at, clown?
[20:31:53] SAY: Shitty Bill (NPC) : Got a light, scrub?
[20:31:58] SAY: Father Jack (NPC) : ARSE!
[20:33:07] ADMIN: Alger Losey (Arborinus) [TRAITOR] created a /obj/machinery/conveyor/north
[20:33:12] SAY: Shitty Bill (NPC) : Nice threads, pal.
[20:33:23] ADMIN: Alger Losey (Arborinus) [TRAITOR] created a /mob/living/carbon/human/secret
[20:33:40] SAY: Shitty Bill (NPC) : Got a light, bucko?
[20:33:48] ADMIN: Alger Losey (Arborinus) [TRAITOR] has toggled their nodamage to Off
[20:35:18] SAY: Shitty Bill (NPC) : Man, I sure miss Sirius.
[20:35:52] ADMIN: Alger Losey (Arborinus) [TRAITOR] has toggled their nodamage to On
[20:36:57] SAY: Shitty Bill (NPC) : I ever tell you 'bout that room full of statues?
[20:37:09] SAY: Shitty Bill (NPC) : You ride?
[20:37:47] SAY: Shitty Bill (NPC) : I think my bros set me up.
[20:37:54] SAY: Shitty Bill (NPC) : You a wizman?
[20:38:58] ADMIN: Alger Losey (Arborinus) [TRAITOR] jumped to Centcom (<a href='?src=%admin_ref%;action=jumptocoords;target=75,71,2' title='Jump to Coords'>75,71,2</a>)
[20:39:11] ADMIN: Alger Losey (Arborinus) [TRAITOR] jumped to B-Ball Court (<a href='?src=%admin_ref%;action=jumptocoords;target=126,26,2' title='Jump to Coords'>126,26,2</a>)
[20:39:13] SAY: Shitty Bill (NPC) : Got any plazzers?
[20:39:20] SAY: Shitty Bill (NPC) : You a nerd?
[20:39:23] ACCESS: Login: Alger Losey (Arborinus) [TRAITOR] [DEAD] from 
