

Starting up. 01:12.25
---------------------

[01:12:30] ADMIN: Loading jobban_rank
[01:12:30] ADMIN: Jobban_keylist was empty
[01:12:30] ADMIN: Updating jobbanfile!
[01:12:30] ADMIN: Loading oocban_rank
[01:12:30] ADMIN: oocban_keylist was empty
[01:12:30] ADMIN: Updating jobbanfile!
ADMIN: arborinus = Host
[01:12:40] ACCESS: Login: Arborinus from 
[01:13:23] ADMIN: Arborinus [DEAD] has started the game.
[01:13:24] ACCESS: Login: Butch Shaw (Arborinus) [TRAITOR] from 
[01:13:28] ADMIN: Butch Shaw (Arborinus) [TRAITOR] has toggled their nodamage to On
[01:13:56] SAY: Shitty Bill (NPC) : I ever tell you 'bout the last day I saw my kids?
[01:14:11] ADMIN: Butch Shaw (Arborinus) [TRAITOR] has created an intercom announcement: poo poo poo
[01:14:24] SAY: Shitty Bill (NPC) : You a wizman?
[01:14:45] SAY: Shitty Bill (NPC) : You ride?
[01:14:52] ADMIN: Butch Shaw (Arborinus) [TRAITOR] teleported all humans to themselves (<a href='?src=%admin_ref%;action=jumptocoords;target=139,197,1' title='Jump to Coords'>139,197,1</a> in Space)
[01:14:57] SAY: ill-looking fellow (NPC) : I can't be awake...
[01:14:59] SAY: ill-looking fellow (NPC) : Who--nghh. It...hurts..
[01:15:04] SAY: ill-looking fellow (NPC) : I can't be awake...
[01:15:06] SAY: ill-looking fellow (NPC) : I can't be awake...
[01:15:06] SAY: Shitty Bill (NPC) : Got a light, bud?
[01:15:34] SAY: Shitty Bill (NPC) : You jet?
[01:15:53] ADMIN: Butch Shaw (Arborinus) [TRAITOR] toggled narrator mode on.
[01:15:55] SAY: Butch Shaw (Arborinus) [TRAITOR] : *fart
[01:15:56] SAY: Butch Shaw (Arborinus) [TRAITOR] : *burp
[01:15:56] SAY: Butch Shaw (Arborinus) [TRAITOR] : *burp
[01:15:57] SAY: Butch Shaw (Arborinus) [TRAITOR] : *snap
[01:15:57] SAY: Butch Shaw (Arborinus) [TRAITOR] : *snap
[01:15:58] SAY: Butch Shaw (Arborinus) [TRAITOR] : *snap
[01:15:58] SAY: Butch Shaw (Arborinus) [TRAITOR] : *snap
[01:15:58] SAY: Butch Shaw (Arborinus) [TRAITOR] : *snap
[01:15:59] SAY: Butch Shaw (Arborinus) [TRAITOR] : *snap
[01:15:59] SAY: Butch Shaw (Arborinus) [TRAITOR] : *snap
[01:15:59] SAY: Butch Shaw (Arborinus) [TRAITOR] : *snap
[01:16:00] SAY: Butch Shaw (Arborinus) [TRAITOR] : *snap
[01:16:00] SAY: Butch Shaw (Arborinus) [TRAITOR] : *snap
[01:17:08] ADMIN: Butch Shaw (Arborinus) [TRAITOR] played ambient sound sound/ambience/timeship_amb2.ogg
[01:17:31] SAY: Father Jack (NPC) : GIRLS!
[01:17:55] ADMIN: Butch Shaw (Arborinus) [TRAITOR] has turned stealth mode OFF
[01:17:56] SAY: Shitty Bill (NPC) : Got a light, 'Traser?
[01:18:39] SAY: Shitty Bill (NPC) : Got a light, buddy?
[01:18:58] SAY: Shitty Bill (NPC) : Got a light, dork?


Starting up. 16:21.01
---------------------

[16:21:05] ADMIN: Loading jobban_rank
[16:21:05] ADMIN: Jobban_keylist was empty
[16:21:05] ADMIN: Updating jobbanfile!
[16:21:05] ADMIN: Loading oocban_rank
[16:21:05] ADMIN: oocban_keylist was empty
[16:21:05] ADMIN: Updating jobbanfile!
ADMIN: arborinus = Host
[16:21:16] ACCESS: Login: Arborinus from 
[16:21:30] ADMIN: Arborinus [DEAD] has started the game.
[16:21:30] ACCESS: Login: Rickena Marshall (Arborinus) [TRAITOR] from 
[16:21:46] ADMIN: Rickena Marshall (Arborinus) [TRAITOR] has toggled their nodamage to On
[16:21:59] SAY: Father Jack (NPC) : FECK!
[16:22:13] ADMIN: Rickena Marshall (Arborinus) [TRAITOR] created a /obj/item/reagent_containers/smittyhat
[16:22:26] ADMIN: Rickena Marshall (Arborinus) [TRAITOR] created a /obj/item/clothing/head/chefhat
[16:22:34] ADMIN: Rickena Marshall (Arborinus) [TRAITOR] created a /obj/item/clothing/head/dramachefhat
[16:22:46] SAY: Shitty Bill (NPC) : Man, I sure miss my keys.
[16:23:51] SAY: Shitty Bill (NPC) : Got a light, friend?
[16:23:53] SAY: Shitty Bill (NPC) : Hey buddy, gimme yer dosh.
[16:24:35] ADMIN: Rickena Marshall (Arborinus) [TRAITOR] created a /obj/item/clothing/head/that
[16:24:37] ADMIN: Rickena Marshall (Arborinus) [TRAITOR] created a /obj/item/clothing/head/that/purple
[16:24:58] ADMIN: Rickena Marshall (Arborinus) [TRAITOR] created a /obj/item/clothing/head/bigtex


Starting up. 17:06.37
---------------------

[17:06:42] ADMIN: Loading jobban_rank
[17:06:42] ADMIN: Jobban_keylist was empty
[17:06:42] ADMIN: Updating jobbanfile!
[17:06:42] ADMIN: Loading oocban_rank
[17:06:42] ADMIN: oocban_keylist was empty
[17:06:42] ADMIN: Updating jobbanfile!
ADMIN: arborinus = Host
[17:06:52] ACCESS: Login: Arborinus from 
[17:07:49] ADMIN: Arborinus [DEAD] has started the game.
[17:07:50] ACCESS: Login: Edgar Fuchs (Arborinus) [TRAITOR] from 
[17:07:54] ADMIN: Edgar Fuchs (Arborinus) [TRAITOR] has toggled their nodamage to On
[17:08:29] ADMIN: Edgar Fuchs (Arborinus) [TRAITOR] created a /obj/item/clothing/head/that/purple
[17:08:32] ADMIN: Edgar Fuchs (Arborinus) [TRAITOR] created a /obj/item/clothing/head/that
[17:08:35] ADMIN: Edgar Fuchs (Arborinus) [TRAITOR] created a /obj/item/clothing/head/chefhat
[17:08:36] ADMIN: Edgar Fuchs (Arborinus) [TRAITOR] created a /obj/item/clothing/head/dramachefhat
[17:08:49] ADMIN: Edgar Fuchs (Arborinus) [TRAITOR] created a /obj/item/clothing/head/bigtex
[17:08:56] ADMIN: Edgar Fuchs (Arborinus) [TRAITOR] created a /obj/item/clothing/head/plunger
[17:09:03] ADMIN: Edgar Fuchs (Arborinus) [TRAITOR] created a /obj/item/reagent_containers/smitty
[17:09:35] ADMIN: Edgar Fuchs (Arborinus) [TRAITOR] added 50 units of cola to the number one hat at (<a href='?src=%admin_ref%;action=jumptocoords;target=16,124,1' title='Jump to Coords'>16,124,1</a> in Sim).
[17:10:16] SAY: Shitty Bill (NPC) : Man, I sure don't miss the wizzers.
[17:10:30] SAY: Shitty Bill (NPC) : What you lookin' at, beardo?
[17:10:50] SAY: Shitty Bill (NPC) : Got a light, buddy?
[17:11:52] SAY: Shitty Bill (NPC) : I ever tell you 'bout the time I got cloned?
[17:11:54] SAY: Shitty Bill (NPC) : You a miner?
[17:12:41] SAY: Father Jack (NPC) : ARSE!
[17:12:44] SAY: Shitty Bill (NPC) : Hey buddy, gimme yer cash.


Starting up. 17:33.15
---------------------

[17:33:19] ADMIN: Loading jobban_rank
[17:33:19] ADMIN: Jobban_keylist was empty
[17:33:19] ADMIN: Updating jobbanfile!
[17:33:19] ADMIN: Loading oocban_rank
[17:33:19] ADMIN: oocban_keylist was empty
[17:33:19] ADMIN: Updating jobbanfile!
ADMIN: arborinus = Host
[17:33:30] ACCESS: Login: Arborinus from 
[17:33:44] ADMIN: Arborinus [DEAD] has started the game.
[17:33:44] ACCESS: Login: Jose Knapp (Arborinus) [TRAITOR] from 
[17:33:49] ADMIN: Jose Knapp (Arborinus) [TRAITOR] has toggled their nodamage to On
[17:34:21] SAY: Shitty Bill (NPC) : You a robot?
[17:34:22] ADMIN: Jose Knapp (Arborinus) [TRAITOR] created a /turf/unsimulated/floor/setpieces
[17:34:31] ADMIN: Jose Knapp (Arborinus) [TRAITOR] created a /turf/unsimulated/floor/setpieces
[17:34:37] ADMIN: Jose Knapp (Arborinus) [TRAITOR] created a /turf/unsimulated/floor/lunar
[17:34:43] ADMIN: Jose Knapp (Arborinus) [TRAITOR] created a /turf/unsimulated/floor/setpieces/hivefloor
[17:34:47] ADMIN: Jose Knapp (Arborinus) [TRAITOR] created a /turf/unsimulated/floor/setpieces/carcosa
[17:34:49] ADMIN: Jose Knapp (Arborinus) [TRAITOR] created a /turf/unsimulated/floor/setpieces/carcosa/carcosa_dirt_inner
[17:35:09] SAY: Shitty Bill (NPC) : I ever tell you 'bout your dad?
[17:35:33] ADMIN: Jose Knapp (Arborinus) [TRAITOR] created a /obj/item/clothing/head/chefhat
[17:35:35] ADMIN: Jose Knapp (Arborinus) [TRAITOR] created a /obj/item/clothing/head/dramachefhat
[17:35:38] SAY: Father Jack (NPC) : DRINK!
[17:35:39] ADMIN: Jose Knapp (Arborinus) [TRAITOR] created a /obj/item/clothing/head/that
[17:35:41] ADMIN: Jose Knapp (Arborinus) [TRAITOR] created a /obj/item/clothing/head/that/purple
[17:35:52] ADMIN: Jose Knapp (Arborinus) [TRAITOR] created a /obj/item/clothing/head/bigtex
[17:36:03] ADMIN: Jose Knapp (Arborinus) [TRAITOR] created a /obj/item/clothing/head/plunger
[17:36:44] ADMIN: Jose Knapp (Arborinus) [TRAITOR] created a /obj/item/clothing/shoes/detective
[17:37:03] SAY: Father Jack (NPC) : DRINK!
[17:37:20] SAY: Shitty Bill (NPC) : You a dracula?
[17:37:34] SAY: Shitty Bill (NPC) : I think my crew left me here.
[17:37:54] SAY: Shitty Bill (NPC) : Got any alky?
[17:37:54] ADMIN: Jose Knapp (Arborinus) [TRAITOR] created a /obj/item/clothing/under/rank/det
[17:38:20] SAY: Father Jack (NPC) : ARSE!
[17:38:43] SAY: Shitty Bill (NPC) : You a cop?
[17:38:47] ADMIN: Jose Knapp (Arborinus) [TRAITOR] created a /obj/item/clothing/under/gimmick/butler
[17:39:23] ADMIN: Jose Knapp (Arborinus) [TRAITOR] created a /obj/item/clothing/under/suit/purple
[17:39:38] SAY: Shitty Bill (NPC) : Got any pips?
[17:39:50] SAY: Father Jack (NPC) : DRINK!
[17:40:18] SAY: Shitty Bill (NPC) : You roll?
[17:40:34] ADMIN: Jose Knapp (Arborinus) [TRAITOR] created a /obj/item/clothing/suit/chef
[17:40:35] ADMIN: Jose Knapp (Arborinus) [TRAITOR] created a /obj/item/clothing/shoes/chef
[17:40:40] ADMIN: Jose Knapp (Arborinus) [TRAITOR] created a /obj/item/clothing/under/rank/chef
[17:41:50] ADMIN: Jose Knapp (Arborinus) [TRAITOR] created a /obj/item/item_box/gold_star
[17:42:05] SAY: Shitty Bill (NPC) : Howdy Donald "Don" Glabs.
[17:42:14] SAY: Shitty Bill (NPC) : Nice wheels, buddy.
[17:42:26] SAY: Shitty Bill (NPC) : The hell you lookin' at, brud?
[17:42:33] SAY: Shitty Bill (NPC) : I ever tell you 'bout when I found some old keys?
[17:42:49] SAY: Shitty Bill (NPC) : Hey friendo, gimme yer drugs.
[17:43:41] SAY: Shitty Bill (NPC) : Hey buddy, gimme yer card.
[17:44:19] SAY: Father Jack (NPC) : GIRLS!
[17:45:43] SAY: Father Jack (NPC) : DRINK!
[17:45:59] SAY: Shitty Bill (NPC) : Got a light, dweeb?
[17:46:08] SAY: Shitty Bill (NPC) : I ever tell you 'bout my accident?
[17:46:43] SAY: Shitty Bill (NPC) : Whatcha you lookin' at, buddy?
[17:47:37] SAY: Father Jack (NPC) : DRINK!
[17:47:49] SAY: Shitty Bill (NPC) : Got a light, chief?
[17:48:37] SAY: Shitty Bill (NPC) : You dance?
[17:48:40] SAY: Shitty Bill (NPC) : Nice treads, flyboy.
[17:48:49] SAY: Shitty Bill (NPC) : Nice podd, buddy.
[17:49:04] SAY: Shitty Bill (NPC) : You a changer?
[17:49:11] SAY: Shitty Bill (NPC) : I ever tell you 'bout that weird copper fella who just looks at the sun all day?
[17:51:04] SAY: Shitty Bill (NPC) : I ever tell you 'bout what's really going on out here?
[17:51:07] SAY: Shitty Bill (NPC) : I ever tell you 'bout what Dr. Hieng's real secret was?
[17:51:30] SAY: Shitty Bill (NPC) : I ever tell you 'bout when I was a grave-digger?
[17:51:58] SAY: Shitty Bill (NPC) : You roll?
[17:53:30] SAY: Shitty Bill (NPC) : Man, I sure miss my ol' station.
