

Starting up. 22:20.26
---------------------

[22:20:31] ADMIN: Loading jobban_rank
[22:20:31] ADMIN: Jobban_keylist was empty
[22:20:31] ADMIN: Updating jobbanfile!
[22:20:31] ADMIN: Loading oocban_rank
[22:20:31] ADMIN: oocban_keylist was empty
[22:20:31] ADMIN: Updating jobbanfile!
ADMIN: arborinus = Host
[22:20:42] ACCESS: Login: Arborinus from 
[22:22:03] ADMIN: Arborinus [DEAD] has started the game.
[22:22:03] ACCESS: Login: Travis Hoopengarner (Arborinus) [TRAITOR] from 
[22:22:29] ADMIN: Travis Hoopengarner (Arborinus) [TRAITOR] modified light fixture's color to 
[22:22:46] ADMIN: Travis Hoopengarner (Arborinus) [TRAITOR] has toggled their nodamage to On
[22:22:57] SAY: Shitty Bill (NPC) : The hell're you lookin' at, bro?
[22:23:20] SAY: Shitty Bill (NPC) : Nice hogg, beardo.
[22:24:38] ADMIN: Travis Hoopengarner (Arborinus) [TRAITOR] modified light fixture's color to 
[22:25:54] SAY: Shitty Bill (NPC) : Got any weed?
[22:26:05] SAY: Shitty Bill (NPC) : You smoke?
[22:26:24] SAY: Shitty Bill (NPC) : You ride?
[22:26:29] SAY: Shitty Bill (NPC) : What the hell are you lookin' at, spaceman?
