

Starting up. 18:17.39
---------------------

[18:17:44] ADMIN: Loading jobban_rank
[18:17:44] ADMIN: Jobban_keylist was empty
[18:17:44] ADMIN: Updating jobbanfile!
[18:17:44] ADMIN: Loading oocban_rank
[18:17:44] ADMIN: oocban_keylist was empty
[18:17:44] ADMIN: Updating jobbanfile!
ADMIN: arborinus = Host
[18:17:57] ACCESS: Login: Arborinus from 


Starting up. 18:18.41
---------------------

[18:18:46] ADMIN: Loading jobban_rank
[18:18:46] ADMIN: Jobban_keylist was empty
[18:18:46] ADMIN: Updating jobbanfile!
[18:18:46] ADMIN: Loading oocban_rank
[18:18:46] ADMIN: oocban_keylist was empty
[18:18:46] ADMIN: Updating jobbanfile!
ADMIN: arborinus = Host
[18:18:56] ACCESS: Login: Arborinus from 
[18:18:58] ADMIN: Arborinus [DEAD] has started the game.
[18:18:59] ACCESS: Login: Brenden Muggins (Arborinus) [TRAITOR] from 
[18:19:13] ADMIN: Brenden Muggins (Arborinus) [TRAITOR] jumped to Diner Seating Area (<a href='?src=%admin_ref%;action=jumptocoords;target=149,246,3' title='Jump to Coords'>149,246,3</a>)
[18:19:19] SAY: Shitty Bill (NPC) : Got any pot?
[18:20:08] SAY: Shitty Bill (NPC) : Nice name, flyboy.
[18:21:13] SAY: Father Jack (NPC) : GIRLS!
[18:21:50] ADMIN: Brenden Muggins (Arborinus) [TRAITOR] modified Space Rocket Ride's rideactive to 1
[18:22:17] SAY: Shitty Bill (NPC) : I think my associates got eaten.


Starting up. 18:31.36
---------------------

[18:31:41] ADMIN: Loading jobban_rank
[18:31:41] ADMIN: Jobban_keylist was empty
[18:31:41] ADMIN: Updating jobbanfile!
[18:31:41] ADMIN: Loading oocban_rank
[18:31:41] ADMIN: oocban_keylist was empty
[18:31:41] ADMIN: Updating jobbanfile!
ADMIN: arborinus = Host
[18:31:57] ACCESS: Login: Arborinus from 


Starting up. 18:32.29
---------------------

[18:32:34] ADMIN: Loading jobban_rank
[18:32:34] ADMIN: Jobban_keylist was empty
[18:32:34] ADMIN: Updating jobbanfile!
[18:32:34] ADMIN: Loading oocban_rank
[18:32:34] ADMIN: oocban_keylist was empty
[18:32:34] ADMIN: Updating jobbanfile!
ADMIN: arborinus = Host
[18:32:46] ACCESS: Login: Arborinus from 
[18:33:01] ADMIN: Arborinus [DEAD] has started the game.
[18:33:01] ACCESS: Login: Andre Pershing (Arborinus) [TRAITOR] from 
[18:33:10] ADMIN: Andre Pershing (Arborinus) [TRAITOR] jumped to Diner Seating Area (<a href='?src=%admin_ref%;action=jumptocoords;target=149,246,3' title='Jump to Coords'>149,246,3</a>)
[18:33:20] SAY: Shitty Bill (NPC) : Man, I sure miss my wife.
[18:34:37] ADMIN: Andre Pershing (Arborinus) [TRAITOR] has toggled their nodamage to On
[18:34:53] SAY: Father Jack (NPC) : DRINK!


Starting up. 19:05.06
---------------------

[19:05:11] ADMIN: Loading jobban_rank
[19:05:11] ADMIN: Jobban_keylist was empty
[19:05:11] ADMIN: Updating jobbanfile!
[19:05:11] ADMIN: Loading oocban_rank
[19:05:11] ADMIN: oocban_keylist was empty
[19:05:11] ADMIN: Updating jobbanfile!
ADMIN: arborinus = Host
[19:05:23] ACCESS: Login: Arborinus from 
[19:05:39] ADMIN: Arborinus [DEAD] has started the game.
[19:05:40] ACCESS: Login: Austin Blyant (Arborinus) [TRAITOR] from 
[19:05:48] ADMIN: Austin Blyant (Arborinus) [TRAITOR] jumped to Diner Parking (<a href='?src=%admin_ref%;action=jumptocoords;target=133,244,3' title='Jump to Coords'>133,244,3</a>)
[19:06:56] SAY: Shitty Bill (NPC) : The hell you lookin' at, bro?
[19:07:54] SAY: Shitty Bill (NPC) : Hey dweeb, gimme yer dosh.
[19:08:15] SAY: Shitty Bill (NPC) : What're you lookin' at, Colonel?
[19:09:04] SAY: Shitty Bill (NPC) : Dag, it's Donald "Don" Glabs.
[19:09:11] SAY: Father Jack (NPC) : ARSE!
[19:11:06] SAY: Father Jack (NPC) : FECK!
[19:12:19] SAY: Father Jack (NPC) : ARSE!
[19:13:53] ADMIN: Austin Blyant (Arborinus) [TRAITOR] has toggled their nodamage to On
