

Starting up. 22:02.12
---------------------

[22:02:17] ADMIN: Loading jobban_rank
[22:02:17] ADMIN: Jobban_keylist was empty
[22:02:17] ADMIN: Updating jobbanfile!
[22:02:17] ADMIN: Loading oocban_rank
[22:02:17] ADMIN: oocban_keylist was empty
[22:02:17] ADMIN: Updating jobbanfile!
ADMIN: arborinus = Host
[22:02:27] ACCESS: Login: Arborinus from 
[22:02:43] ADMIN: Arborinus [DEAD] has started the game.
[22:02:44] ACCESS: Login: Erick Simpson (Arborinus) [TRAITOR] from 
[22:02:46] SAY: Shitty Bill (NPC) : I think my crew stole my cat.
[22:02:49] SAY: Shitty Bill (NPC) : I think my bros stole my hat.
[22:02:52] ADMIN: Erick Simpson (Arborinus) [TRAITOR] has toggled their nodamage to On
[22:03:11] ADMIN: Erick Simpson (Arborinus) [TRAITOR] has toggled their nodamage to Off
[22:03:22] ADMIN: Erick Simpson (Arborinus) [TRAITOR] has toggled their nodamage to On
[22:04:04] ADMIN: Erick Simpson (Arborinus) [TRAITOR] has toggled their nodamage to Off
[22:04:07] SAY: Father Jack (NPC) : ARSE!
[22:04:11] ADMIN: Erick Simpson (Arborinus) [TRAITOR] has toggled their nodamage to On
[22:04:23] SAY: Shitty Bill (NPC) : Got a light, kid?
[22:04:54] SAY: Shitty Bill (NPC) : What up Donald "Don" Glabs.
[22:05:49] SAY: Father Jack (NPC) : ARSE!
[22:06:03] SAY: Shitty Bill (NPC) : I ever tell you 'bout the time I found a planet fulla corgis?
[22:06:28] SAY: Father Jack (NPC) : FECK!
[22:07:34] SAY: Shitty Bill (NPC) : Hey Donald "Don" Glabs.


Starting up. 22:35.05
---------------------

[22:35:10] ADMIN: Loading jobban_rank
[22:35:10] ADMIN: Jobban_keylist was empty
[22:35:10] ADMIN: Updating jobbanfile!
[22:35:10] ADMIN: Loading oocban_rank
[22:35:10] ADMIN: oocban_keylist was empty
[22:35:10] ADMIN: Updating jobbanfile!
ADMIN: arborinus = Host
[22:35:19] ACCESS: Login: Arborinus from 
[22:42:47] ADMIN: Arborinus [DEAD] has started the game.
[22:42:48] ACCESS: Login: Axel Garry (Arborinus) [TRAITOR] from 
[22:43:23] SAY: Shitty Bill (NPC) : Hey dweeb, gimme yer keys.
[22:43:40] ADMIN: Axel Garry (Arborinus) [TRAITOR] has toggled their nodamage to On
[22:43:51] SAY: Shitty Bill (NPC) : You drink?
[22:44:22] ADMIN: Axel Garry (Arborinus) [TRAITOR] jumped to 95, 153, 1 in Space
[22:44:28] ADMIN: Axel Garry (Arborinus) [TRAITOR] jumped to 95, 153, 1 in Space
[22:44:52] ADMIN: Axel Garry (Arborinus) [TRAITOR] jumped to 76, 163, 1 in Space
[22:45:01] SAY: Shitty Bill (NPC) : You a Russian?
[22:45:06] ADMIN: Axel Garry (Arborinus) [TRAITOR] created a /obj/vehicle/tram
[22:45:29] ADMIN: Axel Garry (Arborinus) [TRAITOR] modified tram's dir to 4
[22:47:28] SAY: Father Jack (NPC) : DRINK!
[22:48:00] SAY: Shitty Bill (NPC) : You dance?
[22:49:06] SAY: Shitty Bill (NPC) : What the hell are you lookin' at, wirehead?
[22:49:46] SAY: Shitty Bill (NPC) : You a cop?
