

Starting up. 15:48.00
---------------------

[15:48:05] ADMIN: Loading jobban_rank
[15:48:05] ADMIN: Jobban_keylist was empty
[15:48:05] ADMIN: Updating jobbanfile!
[15:48:05] ADMIN: Loading oocban_rank
[15:48:05] ADMIN: oocban_keylist was empty
[15:48:05] ADMIN: Updating jobbanfile!
ADMIN: arborinus = Host
[15:48:16] ACCESS: Login: Arborinus from 
[15:49:10] ADMIN: Arborinus [DEAD] has started the game.
[15:49:11] ACCESS: Login: Luca Mueller (Arborinus) [TRAITOR] from 
[15:49:24] ADMIN: Luca Mueller (Arborinus) [TRAITOR] has toggled their nodamage to On
[15:51:18] SAY: Shitty Bill (NPC) : I think my homies forgot about me.
[15:53:11] ADMIN: Luca Mueller (Arborinus) [TRAITOR] jumped to AI Chamber (<a href='?src=%admin_ref%;action=jumptocoords;target=122,142,1' title='Jump to Coords'>122,142,1</a>)
[15:54:29] ACCESS: Login: Luca Mueller (Arborinus) [TRAITOR] [DEAD] from 
[15:54:51] SAY: Shitty Bill (NPC) : I ever tell you 'bout the terrible secret of juggling?
[15:55:13] SAY: Father Jack (NPC) : That would be an ecumenical matter.
[15:56:18] SAY: Shitty Bill (NPC) : Got any lexo?
[15:56:23] SAY: Shitty Bill (NPC) : Nice podd, bro.
[15:58:15] SAY: Shitty Bill (NPC) : You a wizman?
[15:59:18] SAY: Shitty Bill (NPC) : Man, I sure miss bein' a clown.
[15:59:23] SAY: Shitty Bill (NPC) : Nice hair, weirdo.
[15:59:38] ADMIN: Luca Mueller (Arborinus) [TRAITOR] [DEAD] modified track's dir to 1
