

Starting up. 23:36.08
---------------------

[23:36:13] ADMIN: Loading jobban_rank
[23:36:13] ADMIN: Jobban_keylist was empty
[23:36:13] ADMIN: Updating jobbanfile!
[23:36:13] ADMIN: Loading oocban_rank
[23:36:13] ADMIN: oocban_keylist was empty
[23:36:13] ADMIN: Updating jobbanfile!
ADMIN: arborinus = Host
[23:36:24] ACCESS: Login: Arborinus from 
[23:36:40] ADMIN: Arborinus [DEAD] has started the game.
[23:36:40] ACCESS: Login: Saul Faust (Arborinus) [TRAITOR] from 
[23:36:42] SAY: Shitty Bill (NPC) : You a dracula?
[23:36:48] ADMIN: Saul Faust (Arborinus) [TRAITOR] has toggled their nodamage to On
[23:37:02] ADMIN: Saul Faust (Arborinus) [TRAITOR] has toggled their nodamage to Off
[23:37:13] SAY: Shitty Bill (NPC) : I think my associates got lost on the way here.
[23:37:16] SAY: Shitty Bill (NPC) : You drink?
[23:37:21] SAY: Shitty Bill (NPC) : Man, I sure miss Europa Station.
[23:37:37] ADMIN: Saul Faust (Arborinus) [TRAITOR] deleted Suffocation Warning at (<a href='?src=%admin_ref%;action=jumptocoords;target=0,0,0' title='Jump to Coords'>0,0,0</a>)
[23:37:42] ADMIN: Saul Faust (Arborinus) [TRAITOR] has toggled their nodamage to On
[23:38:08] SAY: Shitty Bill (NPC) : Man, I sure miss Sol.
[23:38:41] SAY: Father Jack (NPC) : FECK!
[23:40:28] SAY: Shitty Bill (NPC) : Nice wheels, brud.
[23:41:01] ADMIN: Saul Faust (Arborinus) [TRAITOR] jumped to 97, 90, 1 in Space
[23:41:45] ADMIN: Saul Faust (Arborinus) [TRAITOR] jumped to 96, 93, 1 in Space
[23:42:26] ADMIN: Saul Faust (Arborinus) [TRAITOR] modified comfy green couch's layer to 6
