

Starting up. 15:48.11
---------------------

[15:48:15] ADMIN: Loading jobban_rank
[15:48:15] ADMIN: Jobban_keylist was empty
[15:48:15] ADMIN: Updating jobbanfile!
[15:48:15] ADMIN: Loading oocban_rank
[15:48:15] ADMIN: oocban_keylist was empty
[15:48:15] ADMIN: Updating jobbanfile!
ADMIN: arborinus = Host
[15:48:25] ACCESS: Login: Arborinus from 
[15:51:14] ADMIN: Arborinus [DEAD] has started the game.
[15:51:15] ACCESS: Login: Jeremy Lombardi (Arborinus) [TRAITOR] from 


Starting up. 15:53.59
---------------------

[15:54:02] ADMIN: Loading jobban_rank
[15:54:02] ADMIN: Jobban_keylist was empty
[15:54:02] ADMIN: Updating jobbanfile!
[15:54:02] ADMIN: Loading oocban_rank
[15:54:02] ADMIN: oocban_keylist was empty
[15:54:02] ADMIN: Updating jobbanfile!
ADMIN: arborinus = Host
[15:54:04] ACCESS: Login: Arborinus from 
[15:55:01] ADMIN: Arborinus [DEAD] has started the game.
[15:55:02] ACCESS: Login: Monty Garland (Arborinus) [TRAITOR] from 
[15:56:14] ADMIN: Monty Garland (Arborinus) [TRAITOR] jumped to Northern Combat Area (<a href='?src=%admin_ref%;action=jumptocoords;target=77,108,1' title='Jump to Coords'>77,108,1</a>)
[15:58:06] ACCESS: Login: Monty Garland (Arborinus) [TRAITOR] [DEAD] from 
[15:58:38] ACCESS: Login: Arborinus [TRAITOR] from 
[16:04:33] ADMIN: maetcho man (Arborinus) [TRAITOR] toggled respawn to On.
[16:04:54] ADMIN: maetcho man (Arborinus) [TRAITOR] displayed an alert to ill-looking fellow (NPC) with the message "POO"
[16:04:58] ADMIN: maetcho man (Arborinus) [TRAITOR] displayed an alert to maetcho man (Arborinus) [TRAITOR] with the message "POO"
[16:05:20] ADMIN: maetcho man (Arborinus) [TRAITOR] has created an intercom announcement: poo poo eggs poo gay
[16:05:36] ADMIN: maetcho man (Arborinus) [TRAITOR] toggled Farting off.
[16:05:43] SAY: maetcho man (Arborinus) [TRAITOR] : *fart
[16:06:04] ADMIN: maetcho man (Arborinus) [TRAITOR] created a /obj/machinery/computer/communications
[16:06:11] ADMIN: maetcho man (Arborinus) [TRAITOR] created a /obj/machinery/computer3/generic/communications
[16:06:17] ADMIN: maetcho man (Arborinus) [TRAITOR] created a /obj/machinery/computer3/generic/communications
[16:06:28] ADMIN: maetcho man (Arborinus) [TRAITOR] created a /obj/item/card/id/captains_spare
[16:07:07] ADMIN: Carter Sholl (Arborinus) [TRAITOR] randomized their appearance
[16:07:26] SAY: Carter Sholl (Arborinus) [TRAITOR] : *smug
[16:08:09] ADMIN: Carter Sholl (Arborinus) [TRAITOR] called the Emergency Shuttle
[16:08:14] ADMIN: Carter Sholl (Arborinus) [TRAITOR] edited the Emergency Shuttle's timeleft to 1
[16:08:24] ADMIN: Carter Sholl (Arborinus) [TRAITOR] called the Emergency Shuttle
[16:08:39] ADMIN: Carter Sholl (Arborinus) [TRAITOR] edited the Emergency Shuttle's timeleft to 600
[16:08:41] ADMIN: Carter Sholl (Arborinus) [TRAITOR] called the Emergency Shuttle
[16:12:51] ADMIN: Carter Sholl (Arborinus) [TRAITOR] edited the Emergency Shuttle's timeleft to 2
[16:12:57] ADMIN: Carter Sholl (Arborinus) [TRAITOR] edited the Emergency Shuttle's timeleft to 0
[16:13:02] ADMIN: Carter Sholl (Arborinus) [TRAITOR] edited the Emergency Shuttle's timeleft to 1
[16:14:03] ADMIN: Carter Sholl (Arborinus) [TRAITOR] used the Emag Everything secret.


Starting up. 16:18.49
---------------------

[16:18:52] ADMIN: Loading jobban_rank
[16:18:52] ADMIN: Jobban_keylist was empty
[16:18:52] ADMIN: Updating jobbanfile!
[16:18:52] ADMIN: Loading oocban_rank
[16:18:52] ADMIN: oocban_keylist was empty
[16:18:52] ADMIN: Updating jobbanfile!
ADMIN: arborinus = Host
[16:18:54] ACCESS: Login: Arborinus from 
[16:19:20] ADMIN: Arborinus [DEAD] has started the game.
[16:19:21] ACCESS: Login: Fridge Clark (Arborinus) [TRAITOR] from 
[16:20:13] ACCESS: Login: Fridge Clark (Arborinus) [TRAITOR] [DEAD] from 
[16:20:41] ADMIN: admins has spawned 3 normal players.
[16:20:46] ADMIN: admins has spawned 3 syndicate operatives.
[16:21:02] ACCESS: Login: Arborinus [TRAITOR] from 
[16:24:44] ADMIN: maetcho maen (Arborinus) [TRAITOR] called the Emergency Shuttle
[16:25:03] ADMIN: maetcho maen (Arborinus) [TRAITOR] edited the Emergency Shuttle's timeleft to 9
[16:25:50] ADMIN: admins set station direction to Upside down
[16:25:50] ADMIN: maetcho maen (Arborinus) [TRAITOR] used secret 
[16:25:53] ADMIN: admins set station direction to Upside down
[16:25:53] ADMIN: maetcho maen (Arborinus) [TRAITOR] used secret 
[16:26:00] ADMIN: maetcho maen (Arborinus) [TRAITOR] replaced z1 airlocks with wooden doors.
[16:26:00] ADMIN: maetcho maen (Arborinus) [TRAITOR] used secret 
[16:26:26] ACCESS: Login: maetcho maen (Arborinus) [TRAITOR] [DEAD] from 


Starting up. 16:31.57
---------------------

[16:32:00] ADMIN: Loading jobban_rank
[16:32:00] ADMIN: Jobban_keylist was empty
[16:32:00] ADMIN: Updating jobbanfile!
[16:32:00] ADMIN: Loading oocban_rank
[16:32:00] ADMIN: oocban_keylist was empty
[16:32:00] ADMIN: Updating jobbanfile!
ADMIN: arborinus = Host
[16:32:02] ACCESS: Login: Arborinus from 
[16:32:26] ADMIN: Arborinus [DEAD] has started the game.
[16:32:26] ACCESS: Login: Huffie Stall (Arborinus) [TRAITOR] from 


Starting up. 16:41.57
---------------------

[16:42:00] ADMIN: Loading jobban_rank
[16:42:00] ADMIN: Jobban_keylist was empty
[16:42:00] ADMIN: Updating jobbanfile!
[16:42:00] ADMIN: Loading oocban_rank
[16:42:00] ADMIN: oocban_keylist was empty
[16:42:00] ADMIN: Updating jobbanfile!
ADMIN: arborinus = Host
[16:42:02] ACCESS: Login: Arborinus from 
[16:43:43] ADMIN: Arborinus [DEAD] has started the game.
[16:43:43] ACCESS: Login: Paget Armstrong (Arborinus) [TRAITOR] from 
