

Starting up. 14:54.14
---------------------

[14:54:17] ADMIN: Loading jobban_rank
[14:54:17] ADMIN: Jobban_keylist was empty
[14:54:17] ADMIN: Updating jobbanfile!
[14:54:17] ADMIN: Loading oocban_rank
[14:54:17] ADMIN: oocban_keylist was empty
[14:54:17] ADMIN: Updating jobbanfile!
ADMIN: arborinus = Host
[14:54:19] ACCESS: Login: Guest-1472602227 from 


Starting up. 14:58.43
---------------------

[14:58:46] ADMIN: Loading jobban_rank
[14:58:46] ADMIN: Jobban_keylist was empty
[14:58:46] ADMIN: Updating jobbanfile!
[14:58:46] ADMIN: Loading oocban_rank
[14:58:46] ADMIN: oocban_keylist was empty
[14:58:46] ADMIN: Updating jobbanfile!
ADMIN: arborinus = Host
[14:58:48] ACCESS: Login: Arborinus from 
[14:59:47] ADMIN: Arborinus [DEAD] has started the game.
[14:59:48] ACCESS: Login: Buck Jyllian (Arborinus) [TRAITOR] from 


Starting up. 15:13.52
---------------------

[15:13:55] ADMIN: Loading jobban_rank
[15:13:55] ADMIN: Jobban_keylist was empty
[15:13:55] ADMIN: Updating jobbanfile!
[15:13:55] ADMIN: Loading oocban_rank
[15:13:55] ADMIN: oocban_keylist was empty
[15:13:55] ADMIN: Updating jobbanfile!
ADMIN: arborinus = Host
[15:13:57] ACCESS: Login: Arborinus from 
[15:14:46] ADMIN: Arborinus [DEAD] has started the game.
[15:14:47] ACCESS: Login: Montague Dryfus (Arborinus) [TRAITOR] from 


Starting up. 19:44.54
---------------------

[19:44:57] ADMIN: Loading jobban_rank
[19:44:57] ADMIN: Jobban_keylist was empty
[19:44:57] ADMIN: Updating jobbanfile!
[19:44:57] ADMIN: Loading oocban_rank
[19:44:57] ADMIN: oocban_keylist was empty
[19:44:57] ADMIN: Updating jobbanfile!
ADMIN: arborinus = Host
[19:44:59] ACCESS: Login: Arborinus from 
[19:47:42] ADMIN: Arborinus [DEAD] has started the game.
[19:47:43] ACCESS: Login: Carl Staymates (Arborinus) [TRAITOR] from 
[19:48:48] ADMIN: Carl Staymates (Arborinus) [TRAITOR] created a /obj/item/sword


Starting up. 20:02.12
---------------------

[20:02:14] ADMIN: Loading jobban_rank
[20:02:14] ADMIN: Jobban_keylist was empty
[20:02:14] ADMIN: Updating jobbanfile!
[20:02:14] ADMIN: Loading oocban_rank
[20:02:14] ADMIN: oocban_keylist was empty
[20:02:14] ADMIN: Updating jobbanfile!
ADMIN: arborinus = Host
[20:02:16] ACCESS: Login: Arborinus from 
[20:10:20] ADMIN: Arborinus [DEAD] has started the game.
[20:10:21] ACCESS: Login: Zack Aultman (Arborinus) [TRAITOR] from 
[20:11:45] ADMIN: Zack Aultman (Arborinus) [TRAITOR] created a /obj/item/device/key/skull
[20:20:30] ACCESS: Login: Zack Aultman (Arborinus) [TRAITOR] [DEAD] from 
[20:20:48] ACCESS: Login: Arborinus [TRAITOR] from 
[20:20:52] SAY: Maetchoh maen (Arborinus) [TRAITOR] : *scream
[20:20:53] SAY: Maetchoh maen (Arborinus) [TRAITOR] : *scream
[20:20:54] SAY: Maetchoh maen (Arborinus) [TRAITOR] : *scream
[20:20:55] SAY: Maetchoh maen (Arborinus) [TRAITOR] : *scream
[20:20:56] SAY: Maetchoh maen (Arborinus) [TRAITOR] : *scream
[20:20:56] SAY: Maetchoh maen (Arborinus) [TRAITOR] : *scream
[20:20:57] SAY: Maetchoh maen (Arborinus) [TRAITOR] : *scream
[20:20:57] SAY: Maetchoh maen (Arborinus) [TRAITOR] : *scream
[20:20:58] SAY: Maetchoh maen (Arborinus) [TRAITOR] : *scream
[20:21:51] SAY: Maetchoh maen (Arborinus) [TRAITOR] : *scream
[20:23:12] ACCESS: Login: Maetchoh maen (Arborinus) [TRAITOR] [DEAD] from 
