

Starting up. 20:28.52
---------------------

[20:28:57] ADMIN: Loading jobban_rank
[20:28:57] ADMIN: Jobban_keylist was empty
[20:28:57] ADMIN: Updating jobbanfile!
[20:28:57] ADMIN: Loading oocban_rank
[20:28:57] ADMIN: oocban_keylist was empty
[20:28:57] ADMIN: Updating jobbanfile!
ADMIN: slurm = Host
ADMIN: gibbed = Host
ADMIN: stuntwaffle = Host
ADMIN: pantaloons = Host
ADMIN: darsant = Host
ADMIN: nannek = Host
ADMIN: exadv1 = Coder
ADMIN: 0staf = Coder
ADMIN: justicefries = Coder
ADMIN: eroticdad = Coder
ADMIN: angriestibm = Coder
ADMIN: hobnob = Coder
ADMIN: enallyniv = Coder
ADMIN: lallander = Coder
ADMIN: keelin = Coder
ADMIN: brianoblivion = Coder
ADMIN: arthurmuggins = Coder
ADMIN: isaidno = Coder
ADMIN: mport2004 = Coder
ADMIN: burntcornmuffin = Coder
ADMIN: ishallriseagain = Coder
ADMIN: lljkmosheninkov = Coder
ADMIN: dropsy = Coder
ADMIN: procitizensa = Coder
ADMIN: drmelon = Coder
ADMIN: halerina = Coder
ADMIN: pacra = Coder
ADMIN: jackmassacre = Coder
ADMIN: jackbox = Coder
ADMIN: infinitemonkeys = Coder
ADMIN: aphtonites = Coder
ADMIN: volundr = Coder
ADMIN: wirewraith = Coder
ADMIN: tobba = Coder
ADMIN: marquesas = Coder
ADMIN: hainesa = Coder
ADMIN: tom = Coder
ADMIN: herrspyguy = Coder
ADMIN: daeren = Coder
ADMIN: conor12 = Coder
ADMIN: convair880 = Coder
[20:29:15] ACCESS: Login: Arborinus from 


Starting up. 20:32.02
---------------------

[20:32:07] ADMIN: Loading jobban_rank
[20:32:07] ADMIN: Jobban_keylist was empty
[20:32:07] ADMIN: Updating jobbanfile!
[20:32:07] ADMIN: Loading oocban_rank
[20:32:07] ADMIN: oocban_keylist was empty
[20:32:07] ADMIN: Updating jobbanfile!
ADMIN: arborinus = Host
[20:32:24] ACCESS: Login: Arborinus from 
[20:32:58] ADMIN: Arborinus [DEAD] has started the game.
[20:32:59] ACCESS: Login: Woodrow Greenwood (Arborinus) [TRAITOR] from 
[20:33:20] SAY: Shitty Bill (NPC) : Hey, gimme yer high fives.
[20:33:21] ADMIN: Woodrow Greenwood (Arborinus) [TRAITOR] created a /obj/item/pocket_locker
[20:34:06] SAY: Shitty Bill (NPC) : What're you lookin' at, chump?
[20:34:13] SAY: Shitty Bill (NPC) : I think my homebros set me up.
[20:35:52] SAY: Shitty Bill (NPC) : Got any stylane?
[20:36:27] SAY: Father Jack (NPC) : DRINK!
[20:36:49] SAY: Shitty Bill (NPC) : Hey Donald "Don" Glabs.
[20:37:33] SAY: Shitty Bill (NPC) : Got a light, nerd?
[20:37:59] SAY: Shitty Bill (NPC) : Hey buddy, gimme yer cash.
[20:38:15] SAY: Shitty Bill (NPC) : I ever tell you 'bout that time I fell in some lava?
[20:38:31] SAY: Father Jack (NPC) : DRINK!
[20:38:43] SAY: Father Jack (NPC) : That would be an ecumenical matter.
[20:38:45] SAY: Father Jack (NPC) : FECK!
[20:39:09] SAY: Father Jack (NPC) : That would be an ecumenical matter.
[20:40:06] ADMIN: Woodrow Greenwood (Arborinus) [TRAITOR] created a /obj/item/clothing/shoes/rocketboots
[20:40:26] SAY: Shitty Bill (NPC) : Got any pot?
[20:40:36] SAY: Father Jack (NPC) : DRINK!


Starting up. 21:03.14
---------------------

[21:03:18] ADMIN: Loading jobban_rank
[21:03:18] ADMIN: Jobban_keylist was empty
[21:03:18] ADMIN: Updating jobbanfile!
[21:03:18] ADMIN: Loading oocban_rank
[21:03:18] ADMIN: oocban_keylist was empty
[21:03:18] ADMIN: Updating jobbanfile!
ADMIN: arborinus = Host
[21:03:24] ACCESS: Login: Arborinus from 
[21:04:12] ADMIN: Arborinus [DEAD] has started the game.
[21:04:12] ACCESS: Login: Allen Sholl (Arborinus) [TRAITOR] from 
[21:04:29] ADMIN: Allen Sholl (Arborinus) [TRAITOR] created a /obj/item/clothing/ears/yetimuffs
[21:04:32] ADMIN: Allen Sholl (Arborinus) [TRAITOR] created a /obj/item/clothing/ears/earmuffs
[21:04:37] ADMIN: Allen Sholl (Arborinus) [TRAITOR] created a /obj/item/pocket_locker
[21:05:19] SAY: Shitty Bill (NPC) : You fly?
[21:06:27] SAY: Father Jack (NPC) : DRINK!
[21:06:36] SAY: Shitty Bill (NPC) : Yo, gimme yer high fives.
[21:06:48] SAY: Shitty Bill (NPC) : Hey Donald "Don" Glabs.
[21:07:28] SAY: Shitty Bill (NPC) : Man, I sure miss my shovel.


Starting up. 21:55.01
---------------------

[21:55:05] ADMIN: Loading jobban_rank
[21:55:05] ADMIN: Jobban_keylist was empty
[21:55:05] ADMIN: Updating jobbanfile!
[21:55:05] ADMIN: Loading oocban_rank
[21:55:05] ADMIN: oocban_keylist was empty
[21:55:05] ADMIN: Updating jobbanfile!
ADMIN: arborinus = Host
[21:55:10] ACCESS: Login: Arborinus from 
[21:55:39] ADMIN: Arborinus [DEAD] has started the game.
[21:55:40] ACCESS: Login: Bryan Williamson (Arborinus) [TRAITOR] from 
[21:55:54] SAY: Shitty Bill (NPC) : Got a light, brud?
[21:55:57] ADMIN: Bryan Williamson (Arborinus) [TRAITOR] created a /obj/item/clothing/ears/yetimuffs
[21:56:10] ADMIN: Bryan Williamson (Arborinus) [TRAITOR] created a /obj/item/clothing/gloves/titanring
[21:56:31] SAY: Shitty Bill (NPC) : Hey friendo, gimme yer cash.
[21:56:34] ADMIN: Bryan Williamson (Arborinus) [TRAITOR] created a /obj/item/pocket_locker
[21:56:45] SAY: Shitty Bill (NPC) : I ever tell you 'bout the time I found an alien thing that went to the bathroom for you?
[21:57:24] SAY: Shitty Bill (NPC) : Nice threads, dude.
[21:57:33] SAY: Shitty Bill (NPC) : I ever tell you 'bout the terrible secret of juggling?
[21:57:40] SAY: Father Jack (NPC) : That would be an ecumenical matter.
[21:57:50] SAY: Shitty Bill (NPC) : The hell you lookin' at, buddy?
[21:58:06] SAY: Father Jack (NPC) : DRINK!
[21:58:18] SAY: Shitty Bill (NPC) : You a narc?
[21:58:25] SAY: Shitty Bill (NPC) : Man, I sure miss my dad.
[21:59:39] SAY: Father Jack (NPC) : DRINK!
[21:59:48] SAY: Shitty Bill (NPC) : Yo, gimme yer high fives.
[22:00:13] SAY: Shitty Bill (NPC) : You jam?
[22:00:18] SAY: Shitty Bill (NPC) : Got any 'roni?
[22:00:22] ADMIN: Bryan Williamson (Arborinus) [TRAITOR] created a /obj/item/clothing/head/helmet/space
[22:01:03] SAY: Shitty Bill (NPC) : Got a light, bucko?
[22:02:50] SAY: Shitty Bill (NPC) : Got a light, beardo?
[22:02:54] ADMIN: Bryan Williamson (Arborinus) [TRAITOR] created a /obj/effects/mustard_gas
[22:03:01] ADMIN: Bryan Williamson (Arborinus) [TRAITOR] created a /obj/item/clothing/mask/gas
[22:03:07] SAY: Shitty Bill (NPC) : You a narc?
[22:03:13] SAY: Bryan Williamson (Arborinus) [TRAITOR] : poo
[22:03:34] SAY: Shitty Bill (NPC) : Nice ship, pal.
[22:03:49] SAY: Shitty Bill (NPC) : Man, I sure don't miss Alpha Centauri.
[22:04:17] SAY: Father Jack (NPC) : DRINK!
[22:04:48] ADMIN: Bryan Williamson (Arborinus) [TRAITOR] teleported the office supply closet to themselves (<a href='?src=%admin_ref%;action=jumptocoords;target=80,183,1' title='Jump to Coords'>80,183,1</a> in Space)
[22:05:00] ACCESS: Login: Bryan Williamson (Arborinus) [TRAITOR] [DEAD] from 
[22:05:37] SAY: Shitty Bill (NPC) : Nice threads, scrub.
[22:06:12] SAY: Shitty Bill (NPC) : Nice hair, brud.


Starting up. 22:10.21
---------------------

[22:10:24] ADMIN: Loading jobban_rank
[22:10:24] ADMIN: Jobban_keylist was empty
[22:10:24] ADMIN: Updating jobbanfile!
[22:10:24] ADMIN: Loading oocban_rank
[22:10:24] ADMIN: oocban_keylist was empty
[22:10:24] ADMIN: Updating jobbanfile!
ADMIN: arborinus = Host
[22:10:29] ACCESS: Login: Arborinus from 
[22:10:44] ADMIN: Arborinus [DEAD] has started the game.
[22:10:45] ACCESS: Login: Harry Slaughter (Arborinus) [TRAITOR] from 
[22:11:06] ADMIN: Harry Slaughter (Arborinus) [TRAITOR] created a /obj/item/clothing/gloves/titanring
[22:11:10] SAY: Shitty Bill (NPC) : Hey chump, gimme yer card.
[22:12:31] SAY: Shitty Bill (NPC) : What up Donald "Don" Glabs.
[22:12:41] SAY: Shitty Bill (NPC) : You a changer?
[22:12:59] ADMIN: Harry Slaughter (Arborinus) [TRAITOR] swapped bodies with Deshawn (Monkey)
[22:12:59] ACCESS: Login: Deshawn (Monkey) (Arborinus) [TRAITOR] from 
[22:13:09] SAY: Shitty Bill (NPC) : The hell're you lookin' at, pal?
[22:13:32] SAY: Shitty Bill (NPC) : Got any jenkem?
[22:13:41] SAY: Shitty Bill (NPC) : What you lookin' at, pal?
[22:14:19] SAY: Deshawn (Monkey) (Arborinus) [TRAITOR] : *flip
[22:14:23] SAY: Shitty Bill (NPC) : You a miner?
[22:14:30] SAY: Shitty Bill (NPC) : I ever tell you 'bout that time I met some spooky ghosts?
[22:14:40] ADMIN: Deshawn (Monkey) (Arborinus) [TRAITOR] created a /obj/newmeteor/small
[22:14:47] ADMIN: Deshawn (Monkey) (Arborinus) [TRAITOR] created a /obj/newmeteor/massive
[22:14:53] SAY: Shitty Bill (NPC) : You a narc?
[22:14:56] ADMIN: Deshawn (Monkey) (Arborinus) [TRAITOR] created a /obj/newmeteor/basketball


Starting up. 22:28.44
---------------------

[22:28:47] ADMIN: Loading jobban_rank
[22:28:47] ADMIN: Jobban_keylist was empty
[22:28:47] ADMIN: Updating jobbanfile!
[22:28:47] ADMIN: Loading oocban_rank
[22:28:47] ADMIN: oocban_keylist was empty
[22:28:47] ADMIN: Updating jobbanfile!
ADMIN: arborinus = Host
[22:28:52] ACCESS: Login: Arborinus from 
[22:29:13] ADMIN: Arborinus [DEAD] has started the game.
[22:29:13] ACCESS: Login: Isaiah Clewett (Arborinus) [TRAITOR] from 
[22:29:22] SAY: Shitty Bill (NPC) : Nice treads, 'Traser.
[22:29:28] ADMIN: Isaiah Clewett (Arborinus) [TRAITOR] created a /obj/item/clothing/under/gimmick/frog
[22:29:36] ADMIN: Isaiah Clewett (Arborinus) [TRAITOR] created a /obj/item/clothing/gloves/titanring
[22:30:25] SAY: Shitty Bill (NPC) : What you lookin' at, kid?
[22:30:57] SAY: Shitty Bill (NPC) : I ever tell you 'bout that sketchy crown I sold?
[22:31:07] SAY: Shitty Bill (NPC) : I think my pals got lost on the way here.


Starting up. 23:02.37
---------------------

[23:02:41] ADMIN: Loading jobban_rank
[23:02:41] ADMIN: Jobban_keylist was empty
[23:02:41] ADMIN: Updating jobbanfile!
[23:02:41] ADMIN: Loading oocban_rank
[23:02:41] ADMIN: oocban_keylist was empty
[23:02:41] ADMIN: Updating jobbanfile!
ADMIN: arborinus = Host
[23:02:47] ACCESS: Login: Arborinus from 
[23:03:03] ADMIN: Arborinus [DEAD] has started the game.
[23:03:04] ACCESS: Login: Alan Waldron (Arborinus) [TRAITOR] from 
[23:03:15] ADMIN: Alan Waldron (Arborinus) [TRAITOR] created a /obj/item/zippo/brighter
[23:04:31] ADMIN: Alan Waldron (Arborinus) [TRAITOR] created a /obj/item/card/emag
[23:04:41] ADMIN: Alan Waldron (Arborinus) [TRAITOR] created a /obj/storage/crate/loot
[23:04:43] ADMIN: Alan Waldron (Arborinus) [TRAITOR] created a /obj/storage/crate/loot
[23:04:44] ADMIN: Alan Waldron (Arborinus) [TRAITOR] created a /obj/storage/crate/loot
[23:04:46] ADMIN: Alan Waldron (Arborinus) [TRAITOR] created a /obj/storage/crate/loot
[23:04:47] ADMIN: Alan Waldron (Arborinus) [TRAITOR] created a /obj/storage/crate/loot
[23:04:47] SAY: Shitty Bill (NPC) : Got any lepo?
[23:04:48] ADMIN: Alan Waldron (Arborinus) [TRAITOR] created a /obj/storage/crate/loot
[23:04:49] ADMIN: Alan Waldron (Arborinus) [TRAITOR] created a /obj/storage/crate/loot
[23:04:50] ADMIN: Alan Waldron (Arborinus) [TRAITOR] created a /obj/storage/crate/loot
[23:04:51] ADMIN: Alan Waldron (Arborinus) [TRAITOR] created a /obj/storage/crate/loot
[23:04:52] ADMIN: Alan Waldron (Arborinus) [TRAITOR] created a /obj/storage/crate/loot
[23:04:53] ADMIN: Alan Waldron (Arborinus) [TRAITOR] created a /obj/storage/crate/loot
[23:04:54] ADMIN: Alan Waldron (Arborinus) [TRAITOR] created a /obj/storage/crate/loot
[23:04:56] ADMIN: Alan Waldron (Arborinus) [TRAITOR] created a /obj/storage/crate/loot
[23:05:43] SAY: Shitty Bill (NPC) : Man, I sure don't miss Sol.
[23:05:43] ADMIN: Alan Waldron (Arborinus) [TRAITOR] modified fortified goods shipment crate's locked to 0
[23:05:53] SAY: Shitty Bill (NPC) : You roll?
[23:05:57] SAY: Shitty Bill (NPC) : Man, I sure miss bein' a wizard.
[23:06:37] SAY: Shitty Bill (NPC) : I ever tell you 'bout the time I helped some weird dudes build some little beepin' robots?
