

Starting up. 11:46.24
---------------------

[11:46:28] ADMIN: Loading jobban_rank
[11:46:28] ADMIN: Jobban_keylist was empty
[11:46:28] ADMIN: Updating jobbanfile!
[11:46:28] ADMIN: Loading oocban_rank
[11:46:28] ADMIN: oocban_keylist was empty
[11:46:28] ADMIN: Updating jobbanfile!
ADMIN: arborinus = Host
[11:46:33] ACCESS: Login: Arborinus from 
[11:48:45] ADMIN: Arborinus [DEAD] has started the game.
[11:48:46] ACCESS: Login: Mauricio Bode (Arborinus) [TRAITOR] from 
[11:48:52] ADMIN: Mauricio Bode (Arborinus) [TRAITOR] has toggled their nodamage to On
[11:48:55] SAY: Shitty Bill (NPC) : You wrassle?
[11:49:32] SAY: Shitty Bill (NPC) : Got any Synapse?
[11:49:55] SAY: Shitty Bill (NPC) : The hell you lookin' at, pal?
[11:49:58] SAY: Shitty Bill (NPC) : Hey pal, gimme yer drugs.
[11:50:02] SAY: Father Jack (NPC) : DRINK!
[11:50:37] ADMIN: Mauricio Bode (Arborinus) [TRAITOR] created a /obj/item/zippo/brighter
[11:50:47] SAY: Shitty Bill (NPC) : You fly?
[11:50:48] ADMIN: Mauricio Bode (Arborinus) [TRAITOR] modified zippo brighter's fuel to 1e+020
[11:51:11] SAY: Shitty Bill (NPC) : You sting?
[11:51:15] SAY: Shitty Bill (NPC) : Got a light, friend?
[11:51:22] SAY: Shitty Bill (NPC) : Hey friendo, gimme yer card.
[11:51:41] SAY: Shitty Bill (NPC) : Hey Donald "Don" Glabs.
[11:51:56] SAY: Shitty Bill (NPC) : Man, I sure miss Murray.
[11:54:02] SAY: Shitty Bill (NPC) : Got any taters?
[11:54:06] SAY: Shitty Bill (NPC) : You ride?
[11:54:15] SAY: Shitty Bill (NPC) : You smoke?
[11:55:41] ADMIN: Mauricio Bode (Arborinus) [TRAITOR] created a /obj/item/clothing/gloves/titanring
[11:55:42] SAY: Shitty Bill (NPC) : What're you lookin' at, chief?
[11:55:53] ADMIN: Mauricio Bode (Arborinus) [TRAITOR] created a /obj/item/clothing/ears/yetimuffs
[11:56:09] ADMIN: Mauricio Bode (Arborinus) [TRAITOR] created a /obj/item/pocket_locker
[11:56:12] SAY: Shitty Bill (NPC) : Man, I sure miss my keys.
[11:56:19] SAY: Shitty Bill (NPC) : Man, I sure miss my robuddies.
[11:56:24] ADMIN: Mauricio Bode (Arborinus) [TRAITOR] created a /obj/item/clothing/under/gimmick/frog
[11:57:25] SAY: Father Jack (NPC) : FECK!
[11:57:57] SAY: Father Jack (NPC) : GIRLS!
[11:58:19] SAY: Mauricio Bode (Arborinus) [TRAITOR] : *fart
[11:58:20] SAY: Mauricio Bode (Arborinus) [TRAITOR] : *fart
[11:58:20] SAY: Mauricio Bode (Arborinus) [TRAITOR] : *fart
[11:58:22] SAY: Mauricio Bode (Arborinus) [TRAITOR] : *fart
[11:58:22] SAY: Mauricio Bode (Arborinus) [TRAITOR] : *fart
[11:58:22] SAY: Mauricio Bode (Arborinus) [TRAITOR] : *fart
[11:58:23] SAY: Mauricio Bode (Arborinus) [TRAITOR] : *fart
[11:58:23] SAY: Mauricio Bode (Arborinus) [TRAITOR] : *fart
[11:58:23] SAY: Mauricio Bode (Arborinus) [TRAITOR] : *fart
[11:58:23] SAY: Mauricio Bode (Arborinus) [TRAITOR] : *fart
[11:58:23] SAY: Mauricio Bode (Arborinus) [TRAITOR] : *fart
[11:58:24] SAY: Mauricio Bode (Arborinus) [TRAITOR] : *fart
[11:58:24] SAY: Mauricio Bode (Arborinus) [TRAITOR] : *fart
[11:58:24] SAY: Mauricio Bode (Arborinus) [TRAITOR] : *fart
[11:58:38] SAY: Shitty Bill (NPC) : Got any grease?
[11:58:47] SAY: Shitty Bill (NPC) : I ever tell you 'bout that time I got lost in a station made of meat?
[11:58:58] SAY: Shitty Bill (NPC) : I think my homebros took off.
[11:59:03] SAY: Shitty Bill (NPC) : Dag, it's Donald "Don" Glabs.
[11:59:12] SAY: Shitty Bill (NPC) : You a wizman?
[11:59:21] SAY: Shitty Bill (NPC) : I ever tell you 'bout the King in Yellow?
[11:59:56] SAY: Shitty Bill (NPC) : How's it goin' Father Jack.
[11:59:56] SAY: Father Jack (NPC) : DRINK!
[12:00:08] SAY: Father Jack (NPC) : ARSE!
[12:00:31] SAY: Shitty Bill (NPC) : You a narc?
[12:00:35] SAY: Shitty Bill (NPC) : Hey, it's Father Jack.
[12:01:01] SAY: Shitty Bill (NPC) : I think my bros are running late.
[12:01:05] ADMIN: Mauricio Bode (Arborinus) [TRAITOR] Subtle Messaged Mauricio Bode (Arborinus) [TRAITOR]: poo
[12:03:15] ADMIN: Mauricio Bode (Arborinus) [TRAITOR] created a /turf/unsimulated/aprilfools
[12:03:20] ADMIN: Mauricio Bode (Arborinus) [TRAITOR] created a /turf/unsimulated/floor/arctic/snow
[12:03:22] ADMIN: Mauricio Bode (Arborinus) [TRAITOR] created a /turf/unsimulated/floor/arctic/snow
[12:03:30] ADMIN: Mauricio Bode (Arborinus) [TRAITOR] created a /turf/simulated/floor/snow
[12:03:35] ADMIN: Mauricio Bode (Arborinus) [TRAITOR] created a /turf/simulated/aprilfools/brick_wall
[12:03:38] ADMIN: Mauricio Bode (Arborinus) [TRAITOR] created a /turf/simulated/aprilfools/floor/concrete_floor
[12:03:51] ADMIN: Mauricio Bode (Arborinus) [TRAITOR] jumped to Samostrel patrol craft (<a href='?src=%admin_ref%;action=jumptocoords;target=218,7,2' title='Jump to Coords'>218,7,2</a>)
[12:03:59] ACCESS: Login: Mauricio Bode (Arborinus) [TRAITOR] [DEAD] from 
