

Starting up. 23:56.52
---------------------

[23:56:55] ADMIN: Loading jobban_rank
[23:56:55] ADMIN: Jobban_keylist was empty
[23:56:55] ADMIN: Updating jobbanfile!
[23:56:55] ADMIN: Loading oocban_rank
[23:56:55] ADMIN: oocban_keylist was empty
[23:56:55] ADMIN: Updating jobbanfile!
ADMIN: arborinus = Host
[23:57:00] ACCESS: Login: Arborinus from 
[23:57:27] ADMIN: Arborinus [DEAD] has started the game.
[23:57:27] ACCESS: Login: Goodwin Stall (Arborinus) [TRAITOR] from 
[23:57:34] ADMIN: Goodwin Stall (Arborinus) [TRAITOR] has toggled their nodamage to On
[23:57:47] SAY: Shitty Bill (NPC) : I think my pals stole my key.
[23:58:13] SAY: Father Jack (NPC) : GIRLS!
[23:58:43] SAY: Shitty Bill (NPC) : What the hell are you lookin' at, clown?
[23:58:47] SAY: Father Jack (NPC) : FECK!
[23:58:54] SAY: Father Jack (NPC) : DRINK!
[23:59:06] SAY: Shitty Bill (NPC) : Yo, gimme yer keys.
[23:59:27] SAY: Shitty Bill (NPC) : Got a light, nerd?
[00:02:04] SAY: Shitty Bill (NPC) : Got any burgle?
[00:02:16] SAY: Shitty Bill (NPC) : Man, I sure miss the Enterprise.
[00:02:35] SAY: Shitty Bill (NPC) : Man, I sure don't miss lookin' for keys.
[00:03:16] SAY: Shitty Bill (NPC) : I ever tell you 'bout that time I fell in some lava?
[00:03:30] SAY: Shitty Bill (NPC) : You a dracula?
[00:03:39] SAY: Shitty Bill (NPC) : I ever tell you 'bout the time I shaved a wizard?
[00:04:45] SAY: Shitty Bill (NPC) : Man, I sure miss that long station.
[00:05:11] SAY: Shitty Bill (NPC) : Man, I sure miss bein' an NT.
[00:05:27] SAY: Shitty Bill (NPC) : You a wizman?
[00:05:43] SAY: Shitty Bill (NPC) : You jet?
[00:05:55] SAY: Shitty Bill (NPC) : Got a light, brud?
[00:05:57] SAY: Father Jack (NPC) : DRINK!
[00:06:00] SAY: Shitty Bill (NPC) : Got a light, buddy?
[00:06:56] SAY: Shitty Bill (NPC) : You roll?
[00:07:35] SAY: Shitty Bill (NPC) : Hey dweeb, gimme yer cash.
[00:07:58] ADMIN: Goodwin Stall (Arborinus) [TRAITOR] jumped to Catering Storage (<a href='?src=%admin_ref%;action=jumptocoords;target=88,108,1' title='Jump to Coords'>88,108,1</a>)
[00:08:15] SAY: Father Jack (NPC) : FECK!
[00:08:41] SAY: Shitty Bill (NPC) : I think my bros stole my hat.
[00:09:18] SAY: Shitty Bill (NPC) : Hey dweeb, gimme yer cash.
[00:10:37] SAY: Father Jack (NPC) : ARSE!
[00:10:57] SAY: Shitty Bill (NPC) : Got a light, Colonel?
[00:11:16] SAY: Shitty Bill (NPC) : The hell you lookin' at, Colonel?
[00:11:21] SAY: Shitty Bill (NPC) : I think my bros forgot about me.
[00:12:12] SAY: Shitty Bill (NPC) : Got any pot?
[00:13:23] SAY: Shitty Bill (NPC) : Hey Donald "Don" Glabs.
[00:13:56] SAY: Shitty Bill (NPC) : The hell you lookin' at, buddy?
[00:14:27] SAY: Shitty Bill (NPC) : How's it goin' Donald "Don" Glabs.
[00:16:10] SAY: Shitty Bill (NPC) : Nice pod, nerd.
[00:16:31] SAY: Shitty Bill (NPC) : Hey brud, gimme yer drugs.
[00:17:24] SAY: Shitty Bill (NPC) : Hey, gimme yer smokes.
[00:17:43] SAY: Shitty Bill (NPC) : I think my associates got eaten.
[00:17:47] SAY: Shitty Bill (NPC) : Man, I sure miss that lumpy station.
[00:18:37] SAY: Shitty Bill (NPC) : Got any plazzers?
[00:19:03] SAY: Shitty Bill (NPC) : Got a light, scrub?
[00:19:03] SAY: Father Jack (NPC) : FECK!
[00:21:44] SAY: Shitty Bill (NPC) : Got a light, buddy?
[00:22:54] SAY: Goodwin Stall (Arborinus) [TRAITOR] : *scream
[00:23:03] ADMIN: Goodwin Stall (Arborinus) [TRAITOR] deleted Genetic Research at (<a href='?src=%admin_ref%;action=jumptocoords;target=166,267,1' title='Jump to Coords'>166,267,1</a>)
[00:25:23] SAY: Shitty Bill (NPC) : What're you lookin' at, kid?
[00:25:27] SAY: Shitty Bill (NPC) : Sup Donald "Don" Glabs.
[00:25:32] SAY: Shitty Bill (NPC) : Man, I sure don't miss bein' a chemist.
[00:26:10] SAY: Shitty Bill (NPC) : You a narc?
[00:27:08] SAY: Shitty Bill (NPC) : Nice treads, pal.
[00:27:50] SAY: Shitty Bill (NPC) : I ever tell you 'bout the time I found a locker fulla booze?
[00:28:32] SAY: Shitty Bill (NPC) : You a miner?
[00:28:36] SAY: Shitty Bill (NPC) : Nice treads, bro.
[00:28:53] SAY: Shitty Bill (NPC) : I think my pals took off.
[00:29:33] SAY: Father Jack (NPC) : ARSE!
[00:30:45] SAY: Shitty Bill (NPC) : Got any burgle?
[00:30:50] SAY: Shitty Bill (NPC) : Hey pal, gimme yer dosh.
[00:31:22] SAY: Shitty Bill (NPC) : Got a light, Colonel?
[00:31:36] SAY: Shitty Bill (NPC) : You a changer?
[00:32:00] SAY: Shitty Bill (NPC) : What the hell are you lookin' at, dude?
[00:33:41] SAY: Shitty Bill (NPC) : What the hell are you lookin' at, pal?
[00:36:14] SAY: Shitty Bill (NPC) : I think my bros got lost on the way here.
[00:36:33] SAY: Shitty Bill (NPC) : You a cop?
[00:39:07] SAY: Shitty Bill (NPC) : You a wizman?
[00:40:01] SAY: Shitty Bill (NPC) : You roll?
[00:40:17] SAY: Father Jack (NPC) : ARSE!
[00:40:24] SAY: Shitty Bill (NPC) : Man, I sure miss my dad.
[00:41:14] SAY: Shitty Bill (NPC) : You a Russian?
[00:41:33] SAY: Father Jack (NPC) : DRINK!
[00:41:38] SAY: Shitty Bill (NPC) : I think my pals got caught.
