

Starting up. 21:11.22
---------------------

[21:11:26] ADMIN: Loading jobban_rank
[21:11:26] ADMIN: Jobban_keylist was empty
[21:11:26] ADMIN: Updating jobbanfile!
[21:11:26] ADMIN: Loading oocban_rank
[21:11:26] ADMIN: oocban_keylist was empty
[21:11:26] ADMIN: Updating jobbanfile!
ADMIN: arborinus = Host
[21:11:31] ACCESS: Login: Arborinus from 
[21:11:44] ADMIN: Arborinus [DEAD] has started the game.
[21:11:44] ACCESS: Login: Marion Sandford (Arborinus) [TRAITOR] from 
[21:12:01] SAY: Father Jack (NPC) : That would be an ecumenical matter.
[21:12:34] SAY: Shitty Bill (NPC) : Hey dweeb, gimme yer bees.
[21:12:41] SAY: Father Jack (NPC) : ARSE!
[21:12:58] ADMIN: Marion Sandford (Arborinus) [TRAITOR] created a /obj/item/card/id/captains_spare
[21:13:07] SAY: Marion Sandford (Arborinus) [TRAITOR] : poo
[21:13:18] SAY: Shitty Bill (NPC) : Hey pal, gimme yer drugs.
[21:13:20] SAY: Shitty Bill (NPC) : You jam?
[21:13:29] SAY: Shitty Bill (NPC) : You a narc?
[21:13:34] SAY: Shitty Bill (NPC) : You ride?
[21:13:44] SAY: Shitty Bill (NPC) : What you lookin' at, dweeb?
[21:14:01] SAY: Father Jack (NPC) : That would be an ecumenical matter.
[21:14:38] SAY: Shitty Bill (NPC) : You dance?
[21:15:00] SAY: Shitty Bill (NPC) : Nice hogg, scrub.
[21:15:02] SAY: Shitty Bill (NPC) : How's it goin' Donald "Don" Glabs.
[21:15:25] SAY: Shitty Bill (NPC) : I ever tell you 'bout the time I helped some weird dudes build some little beepin' robots?
[21:16:26] ADMIN: Marion Sandford (Arborinus) [TRAITOR] has toggled their nodamage to On
[21:16:31] SAY: Shitty Bill (NPC) : You a dracula?
[21:16:42] ADMIN: Marion Sandford (Arborinus) [TRAITOR] jumped to Detective's Office (<a href='?src=%admin_ref%;action=jumptocoords;target=110,115,1' title='Jump to Coords'>110,115,1</a>)
[21:17:04] ADMIN: Marion Sandford (Arborinus) [TRAITOR] has toggled their nodamage to Off
[21:17:06] SAY: Father Jack (NPC) : That would be an ecumenical matter.
[21:17:14] SAY: Shitty Bill (NPC) : Hey pal, gimme yer high fives.
[21:17:37] SAY: Shitty Bill (NPC) : Nice burner, pal.
[21:17:44] SAY: Father Jack (NPC) : FECK!
[21:18:56] SAY: Shitty Bill (NPC) : Man, I sure miss my kids.
[21:19:28] SAY: Shitty Bill (NPC) : Man, I sure miss Sirius.
[21:19:45] SAY: Shitty Bill (NPC) : Man, I sure don't miss bein' uploaded.
[21:21:50] SAY: Shitty Bill (NPC) : Got a light, doofus?
[21:22:23] SAY: Shitty Bill (NPC) : Man, I sure miss the Rings.
[21:23:49] SAY: Shitty Bill (NPC) : Sup Donald "Don" Glabs.
[21:24:40] SAY: Shitty Bill (NPC) : Got any grease?
[21:25:33] SAY: Father Jack (NPC) : ARSE!
[21:25:34] ADMIN: Marion Sandford (Arborinus) [TRAITOR] has toggled their nodamage to On
[21:26:44] SAY: Shitty Bill (NPC) : I ever tell you 'bout the time I found a planet fulla corgis?
[21:26:58] SAY: Father Jack (NPC) : FECK!
[21:28:04] SAY: Shitty Bill (NPC) : You ride?
[21:29:08] SAY: Shitty Bill (NPC) : Nice threads, dude.
[21:29:27] SAY: Shitty Bill (NPC) : Howdy Donald "Don" Glabs.
