

Starting up. 22:30.07
---------------------

[22:30:11] ADMIN: Loading jobban_rank
[22:30:11] ADMIN: Jobban_keylist was empty
[22:30:11] ADMIN: Updating jobbanfile!
[22:30:11] ADMIN: Loading oocban_rank
[22:30:11] ADMIN: oocban_keylist was empty
[22:30:11] ADMIN: Updating jobbanfile!
ADMIN: arborinus = Host
[22:30:16] ACCESS: Login: Arborinus from 
[22:30:30] ADMIN: Arborinus [DEAD] has started the game.
[22:30:31] ACCESS: Login: Allen Brandenburg (Arborinus) [TRAITOR] from 
[22:30:44] ADMIN: Allen Brandenburg (Arborinus) [TRAITOR] created a /obj/item/device/spinner
[22:31:18] SAY: Shitty Bill (NPC) : I ever tell you 'bout that time I got lost in a station made of meat?
[22:31:25] ADMIN: Allen Brandenburg (Arborinus) [TRAITOR] modified fidget spinner's icon_state to fidget_red
[22:31:53] SAY: Shitty Bill (NPC) : Hey friendo, gimme yer card.
[22:33:44] SAY: Father Jack (NPC) : FECK!
[22:34:03] SAY: Allen Brandenburg (Arborinus) [TRAITOR] : *scream
[22:34:39] SAY: Shitty Bill (NPC) : You sting?
[22:35:38] SAY: Shitty Bill (NPC) : Nice burner, dweeb.
[22:36:10] SAY: Shitty Bill (NPC) : Hey chump, gimme yer jet.


Starting up. 22:49.38
---------------------

[22:49:42] ADMIN: Loading jobban_rank
[22:49:42] ADMIN: Jobban_keylist was empty
[22:49:42] ADMIN: Updating jobbanfile!
[22:49:42] ADMIN: Loading oocban_rank
[22:49:42] ADMIN: oocban_keylist was empty
[22:49:42] ADMIN: Updating jobbanfile!
ADMIN: arborinus = Host
[22:49:47] ACCESS: Login: Arborinus from 
[22:50:11] ADMIN: Arborinus [DEAD] has started the game.
[22:50:12] ACCESS: Login: Cesar Clarke (Arborinus) [TRAITOR] from 
[22:50:14] SAY: Cesar Clarke (Arborinus) [TRAITOR] : *scream
[22:50:27] ADMIN: Cesar Clarke (Arborinus) [TRAITOR] created a /obj/item/device/spinner
[22:50:32] SAY: Shitty Bill (NPC) : Man, I sure don't miss the Enterprise.
[22:50:42] SAY: Shitty Bill (NPC) : Whatcha you lookin' at, wirehead?


Starting up. 22:54.54
---------------------

[22:54:58] ADMIN: Loading jobban_rank
[22:54:58] ADMIN: Jobban_keylist was empty
[22:54:58] ADMIN: Updating jobbanfile!
[22:54:58] ADMIN: Loading oocban_rank
[22:54:58] ADMIN: oocban_keylist was empty
[22:54:58] ADMIN: Updating jobbanfile!
ADMIN: arborinus = Host
[22:55:04] ACCESS: Login: Arborinus from 
[22:55:14] ADMIN: Arborinus [DEAD] has started the game.
[22:55:14] ACCESS: Login: Alfredo Kelley (Arborinus) [TRAITOR] from 
[22:55:19] SAY: Shitty Bill (NPC) : How's it goin' Donald "Don" Glabs.
[22:55:28] ADMIN: Alfredo Kelley (Arborinus) [TRAITOR] created a /obj/item/device/spinner
[22:56:03] SAY: Shitty Bill (NPC) : I think my crew are running late.
[22:59:40] SAY: Shitty Bill (NPC) : Got a light, astronaut?
[23:00:09] SAY: Shitty Bill (NPC) : What're you lookin' at, dork?
[23:01:23] SAY: Father Jack (NPC) : ARSE!
[23:01:30] SAY: Father Jack (NPC) : FECK!
[23:01:33] SAY: Shitty Bill (NPC) : How's it goin' Father Jack.
[23:02:48] SAY: Shitty Bill (NPC) : What you lookin' at, bucko?
[23:02:57] SAY: Shitty Bill (NPC) : You a narc?
[23:03:32] SAY: Shitty Bill (NPC) : Nice threads, beardo.
[23:03:42] SAY: Father Jack (NPC) : FECK!
[23:03:44] SAY: Father Jack (NPC) : GIRLS!
[23:05:20] SAY: Shitty Bill (NPC) : I ever tell you 'bout the time I huffed a whole canister fulla laughing gas?
[23:05:34] SAY: Father Jack (NPC) : FECK!
[23:05:50] SAY: Father Jack (NPC) : GIRLS!
[23:06:04] SAY: Father Jack (NPC) : GIRLS!
[23:06:51] SAY: Shitty Bill (NPC) : Got a light, friend?
[23:07:05] SAY: Shitty Bill (NPC) : Nice hair, idiot.
[23:07:22] SAY: Father Jack (NPC) : ARSE!
[23:08:11] SAY: Father Jack (NPC) : DRINK!
[23:09:39] SAY: Shitty Bill (NPC) : Hey brud, gimme yer dosh.
[23:10:24] SAY: Shitty Bill (NPC) : Man, I sure miss my robuddies.
[23:10:33] SAY: Shitty Bill (NPC) : Whatcha you lookin' at, bro?
[23:10:35] SAY: Shitty Bill (NPC) : How's it hangin' Father Jack.
[23:11:03] SAY: Shitty Bill (NPC) : Hey Father Jack.
[23:11:54] SAY: Shitty Bill (NPC) : Hey chump, gimme yer high fives.
[23:11:59] SAY: Shitty Bill (NPC) : You wrassle?
[23:12:26] SAY: Shitty Bill (NPC) : Got a light, dude?
[23:12:40] SAY: Shitty Bill (NPC) : I ever tell you 'bout that weird copper fella who just looks at the sun all day?
[23:13:11] SAY: Shitty Bill (NPC) : Got a light, buddy?
[23:13:18] SAY: Shitty Bill (NPC) : Got any Omni?
[23:13:28] SAY: Shitty Bill (NPC) : I think my buds forgot about me.
[23:14:52] SAY: Shitty Bill (NPC) : Man, I sure miss bein' the Head Surgeon.
[23:15:15] SAY: Shitty Bill (NPC) : You a miner?
[23:15:27] SAY: Shitty Bill (NPC) : Man, I sure don't miss the Syndies.
[23:15:51] SAY: Shitty Bill (NPC) : What the hell are you lookin' at, nerd?
[23:16:23] SAY: Shitty Bill (NPC) : I think my homies took off.
[23:16:37] SAY: Shitty Bill (NPC) : You grustle?
[23:17:00] SAY: Shitty Bill (NPC) : Nice karma, flyboy.
[23:17:44] SAY: Shitty Bill (NPC) : I ever tell you 'bout the time I got high with a bee?
[23:18:55] SAY: Shitty Bill (NPC) : Nice pod, flyboy.
[23:19:16] SAY: Shitty Bill (NPC) : I ever tell you 'bout that key I found?
[23:19:46] SAY: Shitty Bill (NPC) : Got a light, chump?
[23:19:51] SAY: Shitty Bill (NPC) : You dance?
[23:20:14] SAY: Shitty Bill (NPC) : Hey brud, gimme yer dosh.
[23:20:28] SAY: Father Jack (NPC) : DRINK!
[23:20:59] SAY: Shitty Bill (NPC) : Dag, it's Father Jack.
[23:21:59] SAY: Shitty Bill (NPC) : Got a light, Colonel?
[23:22:14] SAY: Shitty Bill (NPC) : Nice threads, dude.
[23:22:18] SAY: Shitty Bill (NPC) : You a narc?
