

Starting up. 15:55.33
---------------------

[15:55:37] ADMIN: Loading jobban_rank
[15:55:37] ADMIN: Jobban_keylist was empty
[15:55:37] ADMIN: Updating jobbanfile!
[15:55:37] ADMIN: Loading oocban_rank
[15:55:37] ADMIN: oocban_keylist was empty
[15:55:37] ADMIN: Updating jobbanfile!
ADMIN: arborinus = Host
[15:55:42] ACCESS: Login: Arborinus from 
[15:57:26] ADMIN: Arborinus [DEAD] has started the game.
[15:57:26] ACCESS: Login: Alden Adams (Arborinus) [TRAITOR] from 
[15:58:06] SAY: Shitty Bill (NPC) : You roll?
[15:58:31] SAY: Father Jack (NPC) : GIRLS!
[15:59:55] SAY: Father Jack (NPC) : FECK!
[16:00:30] SAY: Shitty Bill (NPC) : Got any krok?
[16:01:15] SAY: Shitty Bill (NPC) : Man, I sure miss my keys.
[16:01:29] SAY: Shitty Bill (NPC) : You a narc?
[16:03:00] SAY: Shitty Bill (NPC) : Dag, it's Donald "Don" Glabs.
[16:04:02] SAY: Father Jack (NPC) : FECK!
[16:05:47] SAY: Shitty Bill (NPC) : What the hell are you lookin' at, beardo?
[16:08:15] SAY: Shitty Bill (NPC) : The hell you lookin' at, idiot?
[16:08:24] SAY: Shitty Bill (NPC) : You a miner?
[16:10:12] SAY: Shitty Bill (NPC) : Got any soup?
[16:10:56] SAY: Shitty Bill (NPC) : Hey, it's Donald "Don" Glabs.
[16:11:29] SAY: Shitty Bill (NPC) : Oh hell, it's Donald "Don" Glabs.
[16:11:32] SAY: Shitty Bill (NPC) : Man, I sure don't miss that damn ice moon.
[16:11:57] SAY: Father Jack (NPC) : GIRLS!
[16:12:14] SAY: Father Jack (NPC) : GIRLS!
[16:13:09] SAY: Father Jack (NPC) : FECK!
[16:13:11] SAY: Shitty Bill (NPC) : Man, I sure don't miss my wife.
[16:14:04] SAY: Shitty Bill (NPC) : Got a light, weirdo?
[16:14:33] SAY: Shitty Bill (NPC) : Hey buddy, gimme yer patch.
[16:14:40] SAY: Shitty Bill (NPC) : You a miner?
[16:15:03] SAY: Shitty Bill (NPC) : You ride?
[16:16:13] SAY: Shitty Bill (NPC) : Got a light, chump?


Starting up. 16:26.13
---------------------

[16:26:16] ADMIN: Loading jobban_rank
[16:26:16] ADMIN: Jobban_keylist was empty
[16:26:16] ADMIN: Updating jobbanfile!
[16:26:16] ADMIN: Loading oocban_rank
[16:26:16] ADMIN: oocban_keylist was empty
[16:26:16] ADMIN: Updating jobbanfile!
ADMIN: arborinus = Host
[16:26:22] ACCESS: Login: Arborinus from 
[16:26:43] ADMIN: Arborinus [DEAD] has started the game.
[16:26:43] ACCESS: Login: Salvador Hughes (Arborinus) [TRAITOR] from 
[16:26:50] ADMIN: Salvador Hughes (Arborinus) [TRAITOR] has toggled their nodamage to On
[16:27:38] SAY: Shitty Bill (NPC) : Got a light, flyboy?
[16:28:06] SAY: Shitty Bill (NPC) : I ever tell you 'bout that key I found?
[16:28:08] SAY: Shitty Bill (NPC) : I ever tell you 'bout my old buddy David?
[16:28:43] SAY: Salvador Hughes (Arborinus) [TRAITOR] : farts
[16:28:57] SAY: Shitty Bill (NPC) : Got a light, beardo?
[16:29:14] SAY: Shitty Bill (NPC) : Man, I sure don't miss the Syndies.
[16:29:21] SAY: Shitty Bill (NPC) : Man, I sure miss Ganymede.
[16:31:05] SAY: Shitty Bill (NPC) : I ever tell you 'bout the last day I saw my kids?
[16:32:02] SAY: Shitty Bill (NPC) : I think my homies took off.
[16:32:06] SAY: Shitty Bill (NPC) : Got any Omni?
[16:32:16] SAY: Shitty Bill (NPC) : I think my associates got caught.
[16:33:14] SAY: Shitty Bill (NPC) : Got a light, weirdo?
[16:33:28] SAY: Shitty Bill (NPC) : What're you lookin' at, bucko?
[16:33:35] ADMIN: Salvador Hughes (Arborinus) [TRAITOR] created a /obj/item/mining_tool/power_pick
[16:34:06] SAY: Shitty Bill (NPC) : Got any cigs?
[16:36:32] SAY: Shitty Bill (NPC) : Man, I sure don't miss that damn ice moon.
[16:36:34] SAY: Shitty Bill (NPC) : I ever tell you 'bout what really happened to Jons the Catte?
