

Starting up. 19:40.37
---------------------

[19:40:41] ADMIN: Loading jobban_rank
[19:40:41] ADMIN: Jobban_keylist was empty
[19:40:41] ADMIN: Updating jobbanfile!
[19:40:41] ADMIN: Loading oocban_rank
[19:40:41] ADMIN: oocban_keylist was empty
[19:40:41] ADMIN: Updating jobbanfile!
ADMIN: arborinus = Host
[19:40:46] ACCESS: Login: Arborinus from 
[19:41:13] ADMIN: Arborinus [DEAD] has started the game.
[19:41:14] ACCESS: Login: Mario Focell (Arborinus) [TRAITOR] from 
[19:41:49] SAY: Shitty Bill (NPC) : Hey, it's Donald "Don" Glabs.
[19:42:01] SAY: Shitty Bill (NPC) : How's it goin' Donald "Don" Glabs.
[19:42:12] SAY: Shitty Bill (NPC) : You drink?
[19:42:38] SAY: Shitty Bill (NPC) : You jet?
[19:43:06] SAY: Shitty Bill (NPC) : I think my buds left me here.
[19:43:59] SAY: Shitty Bill (NPC) : Got any blotters?
[19:44:13] SAY: Shitty Bill (NPC) : Man, I sure don't miss the Rings.
[19:44:48] SAY: Shitty Bill (NPC) : You wrassle?
[19:46:05] ADMIN: Mario Focell (Arborinus) [TRAITOR] has toggled their nodamage to On
[19:46:16] SAY: Shitty Bill (NPC) : Got a light, scrub?
[19:46:53] SAY: Shitty Bill (NPC) : You rap?
[19:47:24] SAY: Shitty Bill (NPC) : You a dracula?
[19:47:40] SAY: Shitty Bill (NPC) : 'Ey, it's Father Jack.
[19:48:19] SAY: Shitty Bill (NPC) : Nice burner, beardo.
[19:49:27] SAY: Shitty Bill (NPC) : Man, I sure don't miss that lumpy station.
[19:49:46] SAY: Shitty Bill (NPC) : I ever tell you 'bout what really happened to Jons the Catte?
[19:52:44] SAY: Shitty Bill (NPC) : You a changer?
[19:52:44] SAY: Father Jack (NPC) : That would be an ecumenical matter.
[19:52:56] SAY: Shitty Bill (NPC) : I think my pals stole my key.
[19:53:13] SAY: Shitty Bill (NPC) : Hey dweeb, gimme yer drugs.
[19:53:22] SAY: Father Jack (NPC) : That would be an ecumenical matter.
[19:53:48] SAY: Shitty Bill (NPC) : How's it hangin' Donald "Don" Glabs.
[19:53:59] ADMIN: Mario Focell (Arborinus) [TRAITOR] created an explosion (power 0.0005, brisance 1) at (<a href='?src=%admin_ref%;action=jumptocoords;target=105,73,1' title='Jump to Coords'>105,73,1</a> in Space).
[19:54:03] ADMIN: Mario Focell (Arborinus) [TRAITOR] jumped to <a href='?src=%admin_ref%;action=jumptocoords;target=105,73,1' title='Jump to Coords'>105,73,1</a> in Space
[19:55:16] SAY: Shitty Bill (NPC) : Nice karma, wirehead.
[19:55:24] ADMIN: Mario Focell (Arborinus) [TRAITOR] created a /obj/item/saw/syndie/vr
[19:55:47] ADMIN: Mario Focell (Arborinus) [TRAITOR] created a /obj/item/clothing/suit/space/emerg/snow
[19:55:51] SAY: Shitty Bill (NPC) : Got any ecto?
[19:56:03] ADMIN: Mario Focell (Arborinus) [TRAITOR] created a /obj/item/card/id/captains_spare/santa
[19:56:25] SAY: Shitty Bill (NPC) : You a nerd?
[19:56:41] SAY: Shitty Bill (NPC) : You a nerd?
[19:57:07] SAY: Shitty Bill (NPC) : Hey dweeb, gimme yer keys.
[19:57:51] SAY: Shitty Bill (NPC) : You jet?
[19:58:05] SAY: Father Jack (NPC) : That would be an ecumenical matter.
[19:59:06] SAY: Shitty Bill (NPC) : Man, I sure miss bein' an atmos tech.
[19:59:38] SAY: Father Jack (NPC) : ARSE!
[20:10:08] SAY: Father Jack (NPC) : ARSE!
