

Starting up. 18:40.41
---------------------

[18:40:45] ADMIN: Loading jobban_rank
[18:40:45] ADMIN: Jobban_keylist was empty
[18:40:45] ADMIN: Updating jobbanfile!
[18:40:45] ADMIN: Loading oocban_rank
[18:40:45] ADMIN: oocban_keylist was empty
[18:40:45] ADMIN: Updating jobbanfile!
ADMIN: arborinus = Host
[18:40:52] ACCESS: Login: Arborinus from 
[18:41:07] ADMIN: Arborinus [DEAD] has started the game.
[18:41:08] ACCESS: Login: Spencer Hoenshell (Arborinus) [TRAITOR] from 
[18:42:04] ADMIN: Spencer Hoenshell (Arborinus) [TRAITOR] created a /obj/item/card/id/captains_spare
[18:42:14] ADMIN: Spencer Hoenshell (Arborinus) [TRAITOR] has toggled their nodamage to On
[18:42:37] SAY: Shitty Bill (NPC) : I ever tell you 'bout my secret stash?
[18:43:19] SAY: Shitty Bill (NPC) : How's it goin' Donald "Don" Glabs.
[18:43:21] SAY: Shitty Bill (NPC) : 'Ey, it's Donald "Don" Glabs.
[18:43:28] SAY: Shitty Bill (NPC) : The hell're you lookin' at, beardo?
[18:46:12] SAY: Shitty Bill (NPC) : Yo Donald "Don" Glabs.


Starting up. 22:56.08
---------------------

[22:56:12] ADMIN: Loading jobban_rank
[22:56:12] ADMIN: Jobban_keylist was empty
[22:56:12] ADMIN: Updating jobbanfile!
[22:56:12] ADMIN: Loading oocban_rank
[22:56:12] ADMIN: oocban_keylist was empty
[22:56:12] ADMIN: Updating jobbanfile!
ADMIN: arborinus = Host
[22:56:18] ACCESS: Login: Arborinus from 
[22:56:45] ADMIN: Arborinus [DEAD] has started the game.
[22:56:46] ACCESS: Login: Dylan Dawkins (Arborinus) [TRAITOR] from 
[22:57:10] ADMIN: Dylan Dawkins (Arborinus) [TRAITOR] has toggled their nodamage to On
[22:57:30] ADMIN: Dylan Dawkins (Arborinus) [TRAITOR] created a /obj/item/card/id/captains_spare
[22:57:55] SAY: Shitty Bill (NPC) : I ever tell you 'bout that time I lost my keys?
[22:58:11] SAY: Shitty Bill (NPC) : Whatcha you lookin' at, flyboy?
[22:58:13] SAY: Shitty Bill (NPC) : Got any cigs?
[22:58:18] SAY: Shitty Bill (NPC) : I ever tell you 'bout what's really going on out here?
[22:58:59] SAY: Shitty Bill (NPC) : You a beardo?
[22:59:16] SAY: Shitty Bill (NPC) : Hey chump, gimme yer bees.
[22:59:30] SAY: Father Jack (NPC) : ARSE!
[22:59:47] SAY: Father Jack (NPC) : That would be an ecumenical matter.
[23:00:02] SAY: Shitty Bill (NPC) : Got any cola?
[23:00:13] SAY: Shitty Bill (NPC) : You sting?
[23:00:21] SAY: Shitty Bill (NPC) : You a narc?
[23:01:21] SAY: Shitty Bill (NPC) : I ever tell you 'bout the time I shaved a wizard?
[23:01:28] SAY: Shitty Bill (NPC) : Man, I sure miss the Belt.
[23:01:42] SAY: Shitty Bill (NPC) : Whatcha you lookin' at, beardo?
[23:01:58] SAY: Shitty Bill (NPC) : Man, I sure miss Europa Station.
[23:02:45] ADMIN: Dylan Dawkins (Arborinus) [TRAITOR] has toggled their nodamage to Off
[23:02:53] ADMIN: Dylan Dawkins (Arborinus) [TRAITOR] has toggled their nodamage to On
[23:02:55] SAY: Father Jack (NPC) : GIRLS!
[23:03:05] SAY: Shitty Bill (NPC) : You a narc?
[23:03:22] SAY: Shitty Bill (NPC) : You jet?
[23:03:41] SAY: Shitty Bill (NPC) : You a cop?
[23:04:49] SAY: Father Jack (NPC) : ARSE!
[23:06:49] SAY: Shitty Bill (NPC) : Got a light, chief?
[23:07:06] SAY: Shitty Bill (NPC) : Whatcha you lookin' at, Colonel?
[23:08:58] SAY: Shitty Bill (NPC) : You a changer?
[23:09:02] SAY: Shitty Bill (NPC) : Got any 'roni?
