

Starting up. 15:27.32
---------------------

[15:27:36] ADMIN: Loading jobban_rank
[15:27:36] ADMIN: Jobban_keylist was empty
[15:27:36] ADMIN: Updating jobbanfile!
[15:27:36] ADMIN: Loading oocban_rank
[15:27:36] ADMIN: oocban_keylist was empty
[15:27:36] ADMIN: Updating jobbanfile!
ADMIN: arborinus = Host
[15:27:43] ACCESS: Login: Arborinus from 
[15:27:58] ADMIN: Arborinus [DEAD] has started the game.
[15:27:59] ACCESS: Login: Spencer Mathews (Arborinus) [TRAITOR] from 
[15:28:03] SAY: Shitty Bill (NPC) : Man, I sure don't miss bein' a Captain.
[15:28:10] SAY: Shitty Bill (NPC) : Got any serum?
[15:29:02] SAY: Shitty Bill (NPC) : Howdy Donald "Don" Glabs.
[15:30:24] SAY: Shitty Bill (NPC) : Hey chump, gimme yer keys.
[15:31:01] ADMIN: Spencer Mathews (Arborinus) [TRAITOR] has toggled their nodamage to On
[15:31:40] ADMIN: Spencer Mathews (Arborinus) [TRAITOR] created a /obj/item/card/id/captains_spare
[15:31:42] SAY: Shitty Bill (NPC) : Got any hyper?
[15:31:56] SAY: Shitty Bill (NPC) : Man, I sure miss bein' an atmos tech.
[15:33:13] SAY: Shitty Bill (NPC) : Nice name, dingus.
[15:33:16] SAY: Father Jack (NPC) : That would be an ecumenical matter.
[15:33:56] SAY: Shitty Bill (NPC) : You grustle?
[15:34:00] SAY: Shitty Bill (NPC) : Got a light, bucko?
[15:34:12] SAY: Father Jack (NPC) : FECK!
[15:35:59] SAY: Shitty Bill (NPC) : Man, I sure miss Sol.
[15:38:35] SAY: Shitty Bill (NPC) : Hey dweeb, gimme yer high fives.
[15:39:04] SAY: Shitty Bill (NPC) : I ever tell you 'bout that time I learned Sumerian?
[15:39:48] SAY: Shitty Bill (NPC) : Man, I sure miss my bee.
[15:39:50] SAY: Shitty Bill (NPC) : Got any Omega?
[15:40:45] SAY: Shitty Bill (NPC) : Man, I sure don't miss the Rings.
[15:41:50] SAY: Shitty Bill (NPC) : I think my pals got eaten.
[15:42:09] SAY: Shitty Bill (NPC) : I think my homebros died in space.
[15:42:13] SAY: Father Jack (NPC) : ARSE!
[15:42:51] SAY: Shitty Bill (NPC) : Whatcha you lookin' at, doofus?
[15:43:14] SAY: Shitty Bill (NPC) : Nice face, Colonel.
[15:44:20] SAY: Father Jack (NPC) : GIRLS!
[15:45:21] SAY: Shitty Bill (NPC) : You a wizman?
[15:46:40] SAY: Shitty Bill (NPC) : What're you lookin' at, beardo?
[15:46:42] SAY: Shitty Bill (NPC) : You a dracula?
[15:46:54] SAY: Shitty Bill (NPC) : Man, I sure don't miss the Rings.
[15:46:59] SAY: Shitty Bill (NPC) : Nice hair, owl man.
[15:48:58] SAY: Shitty Bill (NPC) : Got a light, kid?
[15:49:10] SAY: Shitty Bill (NPC) : I ever tell you 'bout when I was a grave-digger?
[15:50:24] SAY: Shitty Bill (NPC) : I ever tell you 'bout the time I found an alien thing that made weed?
[15:50:41] SAY: Father Jack (NPC) : GIRLS!
[15:50:46] SAY: Shitty Bill (NPC) : Got a light, idiot?
[15:51:16] SAY: Shitty Bill (NPC) : I think my homebros forgot about me.
[15:52:32] SAY: Shitty Bill (NPC) : You a wizman?
[15:52:35] SAY: Shitty Bill (NPC) : I think my crew died in space.
[15:53:34] SAY: Shitty Bill (NPC) : I ever tell you 'bout that weird copper fella who just looks at the sun all day?
[15:54:10] SAY: Shitty Bill (NPC) : You a nerd?
[15:54:13] ADMIN: Spencer Mathews (Arborinus) [TRAITOR] modified ladder's id to servicetunnel
[15:54:23] SAY: Shitty Bill (NPC) : What up Donald "Don" Glabs.
[15:55:11] ADMIN: Spencer Mathews (Arborinus) [TRAITOR] created a /obj/item/clothing/glasses/meson
[15:55:22] SAY: Shitty Bill (NPC) : Man, I sure miss that lumpy station.
[15:55:25] SAY: Shitty Bill (NPC) : You roll?
[15:55:39] SAY: Shitty Bill (NPC) : Got a light, dweeb?
[15:55:55] SAY: Shitty Bill (NPC) : Howdy Donald "Don" Glabs.


Starting up. 20:07.57
---------------------

[20:08:01] ADMIN: Loading jobban_rank
[20:08:01] ADMIN: Jobban_keylist was empty
[20:08:01] ADMIN: Updating jobbanfile!
[20:08:01] ADMIN: Loading oocban_rank
[20:08:01] ADMIN: oocban_keylist was empty
[20:08:01] ADMIN: Updating jobbanfile!
ADMIN: arborinus = Host
[20:08:09] ACCESS: Login: Arborinus from 
[20:08:21] ADMIN: Arborinus [DEAD] has started the game.
[20:08:21] ACCESS: Login: Carter Carr (Arborinus) [TRAITOR] from 
[20:08:31] ADMIN: Carter Carr (Arborinus) [TRAITOR] has toggled their nodamage to On
[20:08:45] ADMIN: Carter Carr (Arborinus) [TRAITOR] jumped to Bar (<a href='?src=%admin_ref%;action=jumptocoords;target=72,103,1' title='Jump to Coords'>72,103,1</a>)
[20:09:01] ADMIN: Carter Carr (Arborinus) [TRAITOR] created a /obj/item/card/id/captains_spare
[20:09:16] SAY: Shitty Bill (NPC) : You jet?
[20:09:50] SAY: Shitty Bill (NPC) : Got a light, beardo?
[20:11:48] SAY: Shitty Bill (NPC) : Man, I sure miss my kids.
[20:13:26] SAY: Shitty Bill (NPC) : Man, I sure miss bein' a salvager.
[20:13:31] SAY: Shitty Bill (NPC) : Hey, gimme yer dosh.
[20:13:54] SAY: Shitty Bill (NPC) : Hey brud, gimme yer keys.
[20:14:05] SAY: Shitty Bill (NPC) : Got any 'ritos?
[20:14:15] SAY: Shitty Bill (NPC) : You a robot?
[20:15:07] SAY: Shitty Bill (NPC) : Man, I sure miss my robuddies.
[20:16:43] SAY: Shitty Bill (NPC) : You fly?
[20:17:01] SAY: Shitty Bill (NPC) : You ride?
[20:17:13] SAY: Shitty Bill (NPC) : You grustle?
[20:17:34] SAY: Shitty Bill (NPC) : Got any 'roni?
[20:20:41] SAY: Father Jack (NPC) : FECK!
